number,value,datetime_start,datetime_complete,duration,params_batch_size,params_dropout,params_gate_temperature,params_gradient_clip,params_hidden_dim,params_lambda_aux,params_lambda_balance,params_lambda_direction,params_lambda_mdd,params_lambda_volatility,params_latent_dim,params_learning_rate,params_long_pool,params_medium_pool,params_n_blocks,params_weight_decay,user_attrs_fold_metrics,state
25,0.8422439491967465,2026-07-22 16:35:42.705815,2026-07-22 16:38:00.208963,0 days 00:02:17.503148,64,0.12356927203695642,0.9419162301041142,2.0,96,0.05,0.01,0.15,0.45,0.2,32,0.002277213847870472,15,3,4,0.0007476836070144887,"[{'fold': 0, 'horizon': 5, 'score': 0.9149693277621095, 'pinball_ratio': 0.9899681789159012, 'mae_ratio': 1.0308327711751006, 'brier_ratio': 0.9997446006477715, 'mdd_pinball_ratio': 1.0050738867936364, 'vol_mae_ratio': 0.8714989907370218, 'coverage_penalty': 0.0444444444444444, 'width_ratio': 0.7623922054751511}, {'fold': 0, 'horizon': 20, 'score': 0.9068769369043903, 'pinball_ratio': 1.010953674471929, 'mae_ratio': 1.0998062197672018, 'brier_ratio': 0.9825727073058295, 'mdd_pinball_ratio': 0.918771337489182, 'vol_mae_ratio': 0.7905834408034261, 'coverage_penalty': 0.0444444444444444, 'width_ratio': 0.6900385321143145}, {'fold': 0, 'horizon': 60, 'score': 0.9590851324463429, 'pinball_ratio': 1.0492538310997663, 'mae_ratio': 1.2431572240382707, 'brier_ratio': 1.0438415419540759, 'mdd_pinball_ratio': 0.9396794865740177, 'vol_mae_ratio': 0.7879749065962258, 'coverage_penalty': 0.09206349206349207, 'width_ratio': 0.7534206190800963}, {'fold': 1, 'horizon': 5, 'score': 0.8823657428776616, 'pinball_ratio': 0.9629848262434074, 'mae_ratio': 0.999976951840133, 'brier_ratio': 0.9877104124489409, 'mdd_pinball_ratio': 0.9352011628484235, 'vol_mae_ratio': 0.8695914262075332, 'coverage_penalty': 0.08253968253968258, 'width_ratio': 0.47169514077710845}, {'fold': 1, 'horizon': 20, 'score': 0.8046942931807405, 'pinball_ratio': 0.8725329063780529, 'mae_ratio': 0.8941214344970433, 'brier_ratio': 0.883548341403289, 'mdd_pinball_ratio': 0.9643641874237667, 'vol_mae_ratio': 0.6840059596214885, 'coverage_penalty': 0.08650793650793653, 'width_ratio': 0.45155099773675406}, {'fold': 1, 'horizon': 60, 'score': 1.0363720625475727, 'pinball_ratio': 1.0645808740058094, 'mae_ratio': 1.538980942374669, 'brier_ratio': 1.1481798221253148, 'mdd_pinball_ratio': 1.2625843958780207, 'vol_mae_ratio': 0.552622548660449, 'coverage_penalty': 0.030952380952380953, 'width_ratio': 0.4626020352042414}, {'fold': 2, 'horizon': 5, 'score': 0.8775962755598612, 'pinball_ratio': 0.9522724594401316, 'mae_ratio': 1.084116481926765, 'brier_ratio': 1.0450696669188668, 'mdd_pinball_ratio': 0.8378015416186052, 'vol_mae_ratio': 0.8321201397325563, 'coverage_penalty': 0.023015873015873045, 'width_ratio': 0.4809878700604301}, {'fold': 2, 'horizon': 20, 'score': 0.96916754178885, 'pinball_ratio': 1.0977256573547964, 'mae_ratio': 1.3190258117608569, 'brier_ratio': 1.1109821707271526, 'mdd_pinball_ratio': 0.8085036281068257, 'vol_mae_ratio': 0.7348367482497844, 'coverage_penalty': 0.2492063492063492, 'width_ratio': 0.2752900285341041}, {'fold': 2, 'horizon': 60, 'score': 0.7622358500184381, 'pinball_ratio': 0.7727398536983258, 'mae_ratio': 0.9996437596750435, 'brier_ratio': 0.9992094201425871, 'mdd_pinball_ratio': 0.8257305909596547, 'vol_mae_ratio': 0.5120044671854254, 'coverage_penalty': 0.1341269841269841, 'width_ratio': 0.25}, {'fold': 3, 'horizon': 5, 'score': 0.7318263893781272, 'pinball_ratio': 0.8314762552831468, 'mae_ratio': 1.0003218470877866, 'brier_ratio': 0.8445228668677927, 'mdd_pinball_ratio': 0.567635426033482, 'vol_mae_ratio': 0.5983214199832672, 'coverage_penalty': 0.05634920634920637, 'width_ratio': 0.5053697529298484}, {'fold': 3, 'horizon': 20, 'score': 0.6620141406981245, 'pinball_ratio': 0.8160024783778771, 'mae_ratio': 1.0084700558521889, 'brier_ratio': 0.6135328364585897, 'mdd_pinball_ratio': 0.3779541209972385, 'vol_mae_ratio': 0.6236332017779582, 'coverage_penalty': 0.030952380952380953, 'width_ratio': 0.39632448084008715}, {'fold': 3, 'horizon': 60, 'score': 0.6051211170259929, 'pinball_ratio': 0.8342459389453536, 'mae_ratio': 0.8671600553837533, 'brier_ratio': 0.25, 'mdd_pinball_ratio': 0.3165174281588589, 'vol_mae_ratio': 0.7071587910060388, 'coverage_penalty': 0.2492063492063492, 'width_ratio': 0.3307697439559691}]",COMPLETE
26,0.8195485900635583,2026-07-22 16:38:00.219777,2026-07-22 16:43:41.736814,0 days 00:05:41.517037,32,0.16773027244841007,0.5046187527979683,2.0,96,0.02,0.002,0.15,0.45,0.2,96,0.0036502554890202833,15,3,4,0.00028836637430789335,"[{'fold': 0, 'horizon': 5, 'score': 0.907702085461355, 'pinball_ratio': 0.9982832135931343, 'mae_ratio': 1.0511802327574593, 'brier_ratio': 1.0282796915261796, 'mdd_pinball_ratio': 0.9383957458601349, 'vol_mae_ratio': 0.8041128548182945, 'coverage_penalty': 0.0444444444444444, 'width_ratio': 0.7367404529750452}, {'fold': 0, 'horizon': 20, 'score': 0.9235592079973358, 'pinball_ratio': 1.0177579970957857, 'mae_ratio': 1.111925288793099, 'brier_ratio': 1.0231683428593688, 'mdd_pinball_ratio': 0.943164676142722, 'vol_mae_ratio': 0.790068966749163, 'coverage_penalty': 0.052380952380952306, 'width_ratio': 0.7643866500983113}, {'fold': 0, 'horizon': 60, 'score': 1.0015686962572945, 'pinball_ratio': 1.095125844338963, 'mae_ratio': 1.2471383885149445, 'brier_ratio': 1.167724287701974, 'mdd_pinball_ratio': 0.9563538691994464, 'vol_mae_ratio': 0.8220892177540309, 'coverage_penalty': 0.0801587301587301, 'width_ratio': 0.8257378679896151}, {'fold': 1, 'horizon': 5, 'score': 0.9311639691756596, 'pinball_ratio': 1.011992654833172, 'mae_ratio': 1.0599741651618095, 'brier_ratio': 1.1062484706825977, 'mdd_pinball_ratio': 0.9241152277093888, 'vol_mae_ratio': 0.9289098024935968, 'coverage_penalty': 0.0626984126984127, 'width_ratio': 0.5378663770910542}, {'fold': 1, 'horizon': 20, 'score': 0.9190195463363147, 'pinball_ratio': 1.0093624638189502, 'mae_ratio': 1.065352878778695, 'brier_ratio': 1.0763025428647162, 'mdd_pinball_ratio': 0.9466706057018017, 'vol_mae_ratio': 0.7880025101851919, 'coverage_penalty': 0.16587301587301595, 'width_ratio': 0.40274725894232555}, {'fold': 1, 'horizon': 60, 'score': 0.7467963689993027, 'pinball_ratio': 0.7092861810679473, 'mae_ratio': 0.927809436998028, 'brier_ratio': 0.9137179737273041, 'mdd_pinball_ratio': 0.9099732824059908, 'vol_mae_ratio': 0.7077037980730593, 'coverage_penalty': 0.032539682539682535, 'width_ratio': 0.4257648023579694}, {'fold': 2, 'horizon': 5, 'score': 0.8514918211341118, 'pinball_ratio': 0.9072480434692676, 'mae_ratio': 1.005666430271144, 'brier_ratio': 0.9660634948108197, 'mdd_pinball_ratio': 0.8284049491245826, 'vol_mae_ratio': 0.9138391640126046, 'coverage_penalty': 0.060317460317460325, 'width_ratio': 0.6109545388467842}, {'fold': 2, 'horizon': 20, 'score': 0.7270836750839996, 'pinball_ratio': 0.7510786954296625, 'mae_ratio': 0.9788768334452318, 'brier_ratio': 0.8424775073450311, 'mdd_pinball_ratio': 0.5724679173828848, 'vol_mae_ratio': 0.9000202404300514, 'coverage_penalty': 0.032539682539682535, 'width_ratio': 0.42843303789542003}, {'fold': 2, 'horizon': 60, 'score': 0.6915560133027446, 'pinball_ratio': 0.7757344982693908, 'mae_ratio': 1.1077099781706805, 'brier_ratio': 0.6324839693488721, 'mdd_pinball_ratio': 0.5279734392400222, 'vol_mae_ratio': 0.6835368606278631, 'coverage_penalty': 0.012698412698412653, 'width_ratio': 0.3527085314282135}, {'fold': 3, 'horizon': 5, 'score': 0.7422293610523855, 'pinball_ratio': 0.8464724571674397, 'mae_ratio': 1.0527258589773743, 'brier_ratio': 0.8467482907898708, 'mdd_pinball_ratio': 0.6623560997481475, 'vol_mae_ratio': 0.4087697872475956, 'coverage_penalty': 0.06825396825396823, 'width_ratio': 0.5344902371311762}, {'fold': 3, 'horizon': 20, 'score': 0.6515545537264433, 'pinball_ratio': 0.8325169147799443, 'mae_ratio': 1.014363626951407, 'brier_ratio': 0.6360280378186001, 'mdd_pinball_ratio': 0.41543045722279925, 'vol_mae_ratio': 0.3577511230458591, 'coverage_penalty': 0.0626984126984127, 'width_ratio': 0.33787713536890795}, {'fold': 3, 'horizon': 60, 'score': 0.7629139074599333, 'pinball_ratio': 1.1565220622238752, 'mae_ratio': 1.0574201164577008, 'brier_ratio': 0.3503600722733501, 'mdd_pinball_ratio': 0.42760639920822135, 'vol_mae_ratio': 0.5284521885368875, 'coverage_penalty': 0.3206349206349206, 'width_ratio': 0.2511178064184318}]",COMPLETE
27,0.8639032588262292,2026-07-22 16:43:41.748410,2026-07-22 16:45:11.589283,0 days 00:01:29.840873,96,0.07793383394953932,1.2408134000790578,0.5,64,0.05,0.005,0.15,0.45,0.2,96,0.0006120308861677081,10,3,4,0.00010668529933765704,"[{'fold': 0, 'horizon': 5, 'score': 0.9736291594435105, 'pinball_ratio': 1.1141897742444546, 'mae_ratio': 1.1042468820099323, 'brier_ratio': 1.0035115144846332, 'mdd_pinball_ratio': 1.0128999619098242, 'vol_mae_ratio': 0.8990074869735092, 'coverage_penalty': 0.17380952380952386, 'width_ratio': 0.44988564444251306}, {'fold': 0, 'horizon': 20, 'score': 0.9642547657228703, 'pinball_ratio': 1.114969524605318, 'mae_ratio': 1.1429202175109583, 'brier_ratio': 0.9784154812626217, 'mdd_pinball_ratio': 0.9281578453047089, 'vol_mae_ratio': 0.9214140685326111, 'coverage_penalty': 0.16587301587301595, 'width_ratio': 0.42796275116311555}, {'fold': 0, 'horizon': 60, 'score': 0.9812177870633784, 'pinball_ratio': 1.097442196366859, 'mae_ratio': 1.2858212133681237, 'brier_ratio': 1.1345599221221352, 'mdd_pinball_ratio': 0.9427075556229276, 'vol_mae_ratio': 0.780109268516214, 'coverage_penalty': 0.004761904761904745, 'width_ratio': 0.4768484827681706}, {'fold': 1, 'horizon': 5, 'score': 0.9205796993697064, 'pinball_ratio': 1.030197385830628, 'mae_ratio': 1.0480120645360314, 'brier_ratio': 0.9807282844199843, 'mdd_pinball_ratio': 0.8982538312713955, 'vol_mae_ratio': 0.9825101733674099, 'coverage_penalty': 0.1261904761904762, 'width_ratio': 0.4625712208266853}, {'fold': 1, 'horizon': 20, 'score': 0.7986400708607309, 'pinball_ratio': 0.8519877967222952, 'mae_ratio': 0.8777451560292111, 'brier_ratio': 0.8929682364586513, 'mdd_pinball_ratio': 0.842368752989432, 'vol_mae_ratio': 0.9055742000884018, 'coverage_penalty': 0.06666666666666665, 'width_ratio': 0.44193111702755317}, {'fold': 1, 'horizon': 60, 'score': 0.8135266615060811, 'pinball_ratio': 0.8222129228129491, 'mae_ratio': 1.0665903513957433, 'brier_ratio': 1.0269398597483148, 'mdd_pinball_ratio': 0.8331464637268826, 'vol_mae_ratio': 0.7052451235095222, 'coverage_penalty': 0.024603174603174627, 'width_ratio': 0.4834634239244445}, {'fold': 2, 'horizon': 5, 'score': 0.943503121923647, 'pinball_ratio': 0.9668921808315366, 'mae_ratio': 1.1194385139508796, 'brier_ratio': 1.0672258721120702, 'mdd_pinball_ratio': 0.9461048931994458, 'vol_mae_ratio': 1.1600550733328987, 'coverage_penalty': 0.02063492063492056, 'width_ratio': 0.590850498850522}, {'fold': 2, 'horizon': 20, 'score': 1.002445633777762, 'pinball_ratio': 1.0160365016827027, 'mae_ratio': 1.348532434605307, 'brier_ratio': 1.1838289738008136, 'mdd_pinball_ratio': 0.8374336180251524, 'vol_mae_ratio': 1.2339104906496998, 'coverage_penalty': 0.09444444444444444, 'width_ratio': 0.37871480160147436}, {'fold': 2, 'horizon': 60, 'score': 0.8483479507659828, 'pinball_ratio': 0.859386970546608, 'mae_ratio': 1.2414140557747058, 'brier_ratio': 1.0492288651528836, 'mdd_pinball_ratio': 0.7213841745049614, 'vol_mae_ratio': 0.7564232103324611, 'coverage_penalty': 0.15000000000000002, 'width_ratio': 0.3205375242180478}, {'fold': 3, 'horizon': 5, 'score': 0.7793732609745601, 'pinball_ratio': 0.8787213234324638, 'mae_ratio': 1.0888867882619393, 'brier_ratio': 0.8428387914208341, 'mdd_pinball_ratio': 0.7375111970278649, 'vol_mae_ratio': 0.5706934685103359, 'coverage_penalty': 0.012698412698412653, 'width_ratio': 0.449234850889318}, {'fold': 3, 'horizon': 20, 'score': 0.7072872588559821, 'pinball_ratio': 0.8228630940333101, 'mae_ratio': 1.02442713620301, 'brier_ratio': 0.7399472859068641, 'mdd_pinball_ratio': 0.4813416278037774, 'vol_mae_ratio': 0.679326151800685, 'coverage_penalty': 0.03492063492063491, 'width_ratio': 0.4016902944254279}, {'fold': 3, 'horizon': 60, 'score': 0.6571011937086103, 'pinball_ratio': 0.8068106893016519, 'mae_ratio': 0.8209381983467416, 'brier_ratio': 0.5905252739815329, 'mdd_pinball_ratio': 0.4625375981028503, 'vol_mae_ratio': 0.6901389671440928, 'coverage_penalty': 0.20158730158730165, 'width_ratio': 0.34974280209476893}]",COMPLETE
28,0.812839957698156,2026-07-22 16:45:11.600721,2026-07-22 16:46:19.838274,0 days 00:01:08.237553,128,0.2690289837367679,0.9267710487852825,2.0,128,0.02,0.02,0.25,0.45,0.1,96,0.0017815969124174054,20,5,4,0.0011665452440608398,"[{'fold': 0, 'horizon': 5, 'score': 0.8993192554972144, 'pinball_ratio': 0.967025757141501, 'mae_ratio': 1.0213709769159598, 'brier_ratio': 0.9983656111767069, 'mdd_pinball_ratio': 0.9629041175616693, 'vol_mae_ratio': 0.9207415094567324, 'coverage_penalty': 0.02857142857142858, 'width_ratio': 0.6463327901288487}, {'fold': 0, 'horizon': 20, 'score': 0.8729614847169148, 'pinball_ratio': 0.9219437239358671, 'mae_ratio': 0.9970540523302035, 'brier_ratio': 1.0080213834935736, 'mdd_pinball_ratio': 0.9621745835267227, 'vol_mae_ratio': 0.8663792960645236, 'coverage_penalty': 0.016666666666666607, 'width_ratio': 0.5796360721222484}, {'fold': 0, 'horizon': 60, 'score': 0.900461104891016, 'pinball_ratio': 0.9060483342708902, 'mae_ratio': 1.1156105020920357, 'brier_ratio': 1.051047796799211, 'mdd_pinball_ratio': 1.0257252970508737, 'vol_mae_ratio': 0.8780863047921909, 'coverage_penalty': 0.032539682539682535, 'width_ratio': 0.480008008262986}, {'fold': 1, 'horizon': 5, 'score': 0.8588209241710135, 'pinball_ratio': 0.9359677099415802, 'mae_ratio': 0.9857288015087957, 'brier_ratio': 0.9876115377940308, 'mdd_pinball_ratio': 0.8540409998677306, 'vol_mae_ratio': 0.8558115605276723, 'coverage_penalty': 0.03650793650793649, 'width_ratio': 0.6329437735851388}, {'fold': 1, 'horizon': 20, 'score': 0.8389352758051685, 'pinball_ratio': 0.9146233253450916, 'mae_ratio': 0.997808599964228, 'brier_ratio': 0.9731846859101738, 'mdd_pinball_ratio': 0.8539093466689567, 'vol_mae_ratio': 0.7575355059883498, 'coverage_penalty': 0.06666666666666665, 'width_ratio': 0.48871665957936605}, {'fold': 1, 'horizon': 60, 'score': 0.9704027297932959, 'pinball_ratio': 1.0618937824923738, 'mae_ratio': 1.428043330319097, 'brier_ratio': 1.0965947934311786, 'mdd_pinball_ratio': 0.8644977822173087, 'vol_mae_ratio': 0.7701174116536544, 'coverage_penalty': 0.004761904761904745, 'width_ratio': 0.43414818423762574}, {'fold': 2, 'horizon': 5, 'score': 0.8937248134929031, 'pinball_ratio': 0.9841309880513128, 'mae_ratio': 1.0442550402687187, 'brier_ratio': 0.9940201383360142, 'mdd_pinball_ratio': 0.8197964546807567, 'vol_mae_ratio': 0.8769990191143964, 'coverage_penalty': 0.08412698412698405, 'width_ratio': 0.8993143960597244}, {'fold': 2, 'horizon': 20, 'score': 0.8363598655449976, 'pinball_ratio': 0.9230277766551905, 'mae_ratio': 1.0329736906777407, 'brier_ratio': 0.9394789187133987, 'mdd_pinball_ratio': 0.6997525639111222, 'vol_mae_ratio': 0.7950110757394875, 'coverage_penalty': 0.09999999999999998, 'width_ratio': 0.8656086715464287}, {'fold': 2, 'horizon': 60, 'score': 0.708484484825139, 'pinball_ratio': 0.8334829332838153, 'mae_ratio': 0.8450311563301997, 'brier_ratio': 0.76870619228237, 'mdd_pinball_ratio': 0.5187576542760838, 'vol_mae_ratio': 0.6230371457205748, 'coverage_penalty': 0.09999999999999998, 'width_ratio': 0.9195831056816061}, {'fold': 3, 'horizon': 5, 'score': 0.731361775037184, 'pinball_ratio': 0.8060834270771035, 'mae_ratio': 0.9516026068728856, 'brier_ratio': 0.8688030337598156, 'mdd_pinball_ratio': 0.6525681759865514, 'vol_mae_ratio': 0.5731523877807626, 'coverage_penalty': 0.06825396825396823, 'width_ratio': 0.5397828837152002}, {'fold': 3, 'horizon': 20, 'score': 0.651519277399329, 'pinball_ratio': 0.7552671326800868, 'mae_ratio': 0.9249289989768511, 'brier_ratio': 0.7175127365254786, 'mdd_pinball_ratio': 0.4559521745064435, 'vol_mae_ratio': 0.5894153159841038, 'coverage_penalty': 0.011111111111111183, 'width_ratio': 0.42324616945981763}, {'fold': 3, 'horizon': 60, 'score': 0.6105666351187927, 'pinball_ratio': 0.7998132722242244, 'mae_ratio': 0.8758369427901296, 'brier_ratio': 0.3877132119463187, 'mdd_pinball_ratio': 0.3521667887124791, 'vol_mae_ratio': 0.6474312913434858, 'coverage_penalty': 0.18174603174603177, 'width_ratio': 0.36030323221348065}]",COMPLETE
29,0.8813190115658455,2026-07-22 16:46:19.849163,2026-07-22 16:47:18.468104,0 days 00:00:58.618941,128,0.06335110423827991,0.7991825627173382,2.0,48,0.05,0.005,0.35,0.25,0.15,48,0.004998857383578265,20,7,3,1.1416908879806013e-05,"[{'fold': 0, 'horizon': 5, 'score': 0.9506565894185663, 'pinball_ratio': 1.090929925037476, 'mae_ratio': 1.0731203502289994, 'brier_ratio': 1.0427057262299413, 'mdd_pinball_ratio': 0.9180714072076558, 'vol_mae_ratio': 0.9020631485250978, 'coverage_penalty': 0.01904761904761909, 'width_ratio': 0.7402281639872402}, {'fold': 0, 'horizon': 20, 'score': 0.9648090348009426, 'pinball_ratio': 1.112520607250573, 'mae_ratio': 1.15962533202096, 'brier_ratio': 1.0429025276162336, 'mdd_pinball_ratio': 0.8709243336910228, 'vol_mae_ratio': 0.8980641728426205, 'coverage_penalty': 0.02857142857142858, 'width_ratio': 0.7534191993249212}, {'fold': 0, 'horizon': 60, 'score': 1.240974517847427, 'pinball_ratio': 1.5121604385557998, 'mae_ratio': 1.704028549522991, 'brier_ratio': 1.2777284389664654, 'mdd_pinball_ratio': 1.0721360454919553, 'vol_mae_ratio': 0.7525871945641525, 'coverage_penalty': 0.12222222222222223, 'width_ratio': 0.6606711414571509}, {'fold': 1, 'horizon': 5, 'score': 0.876633684323979, 'pinball_ratio': 0.9507147266765464, 'mae_ratio': 1.0117015297571175, 'brier_ratio': 0.986521174393694, 'mdd_pinball_ratio': 0.8720238200796748, 'vol_mae_ratio': 0.9461019530468944, 'coverage_penalty': 0.026984126984127, 'width_ratio': 0.5615822386345516}, {'fold': 1, 'horizon': 20, 'score': 0.7325871083177353, 'pinball_ratio': 0.7969469878206247, 'mae_ratio': 0.8389815124889188, 'brier_ratio': 0.7569180352408802, 'mdd_pinball_ratio': 0.7858767961590506, 'vol_mae_ratio': 0.7587408705145612, 'coverage_penalty': 0.13015873015873014, 'width_ratio': 0.380133761154066}, {'fold': 1, 'horizon': 60, 'score': 1.0117579137130834, 'pinball_ratio': 1.0830724606763722, 'mae_ratio': 1.4001470814974206, 'brier_ratio': 1.1982051575109207, 'mdd_pinball_ratio': 0.9844798601255067, 'vol_mae_ratio': 0.7133375623512317, 'coverage_penalty': 0.21746031746031746, 'width_ratio': 0.2900586382976859}, {'fold': 2, 'horizon': 5, 'score': 0.8422399148425712, 'pinball_ratio': 0.9421781148575604, 'mae_ratio': 1.0221180569589237, 'brier_ratio': 0.9678561009620046, 'mdd_pinball_ratio': 0.8041673669905438, 'vol_mae_ratio': 0.6737879330761912, 'coverage_penalty': 0.07222222222222219, 'width_ratio': 0.6973999014176553}, {'fold': 2, 'horizon': 20, 'score': 0.7628250294285951, 'pinball_ratio': 0.8592540179378242, 'mae_ratio': 1.0292675674248726, 'brier_ratio': 0.8781688409887765, 'mdd_pinball_ratio': 0.5755392473626252, 'vol_mae_ratio': 0.6006552718499388, 'coverage_penalty': 0.09603174603174602, 'width_ratio': 0.7617341792233153}, {'fold': 2, 'horizon': 60, 'score': 0.617066037833822, 'pinball_ratio': 0.7321827432893263, 'mae_ratio': 0.8609782804802288, 'brier_ratio': 0.7245939044662861, 'mdd_pinball_ratio': 0.3662488557235017, 'vol_mae_ratio': 0.4142256861460882, 'coverage_penalty': 0.09999999999999998, 'width_ratio': 0.6535450989148854}, {'fold': 3, 'horizon': 5, 'score': 0.8444538906833959, 'pinball_ratio': 0.9963687563891782, 'mae_ratio': 1.232934259426635, 'brier_ratio': 1.1156158633934126, 'mdd_pinball_ratio': 0.5968300978003709, 'vol_mae_ratio': 0.4024537779247628, 'coverage_penalty': 0.0007936507936507908, 'width_ratio': 0.45389531686963636}, {'fold': 3, 'horizon': 20, 'score': 0.8465877797385958, 'pinball_ratio': 0.9854166225756605, 'mae_ratio': 1.3265531620078763, 'brier_ratio': 1.130534680534766, 'mdd_pinball_ratio': 0.46834797902313047, 'vol_mae_ratio': 0.47835898718860187, 'coverage_penalty': 0.0031746031746031633, 'width_ratio': 0.49394892203887825}, {'fold': 3, 'horizon': 60, 'score': 0.8836234996993075, 'pinball_ratio': 1.1013751018114335, 'mae_ratio': 1.1974283340461402, 'brier_ratio': 1.0154335901284262, 'mdd_pinball_ratio': 0.49584583781803276, 'vol_mae_ratio': 0.6009499110274222, 'coverage_penalty': 0.2492063492063492, 'width_ratio': 0.4765538073076437}]",COMPLETE
