number,value,datetime_start,datetime_complete,duration,params_batch_size,params_dropout,params_gate_temperature,params_gradient_clip,params_hidden_dim,params_lambda_aux,params_lambda_balance,params_lambda_direction,params_lambda_mdd,params_lambda_volatility,params_latent_dim,params_learning_rate,params_long_pool,params_medium_pool,params_n_blocks,params_weight_decay,user_attrs_fold_metrics,state
15,0.8747084380979878,2026-07-22 16:20:47.985109,2026-07-22 16:23:49.464457,0 days 00:03:01.479348,32,0.2504645223628449,0.8942945229030165,0.5,96,0.02,0.02,0.15,0.45,0.2,24,0.0022294511012533797,10,3,2,0.002932984813822283,"[{'fold': 0, 'horizon': 5, 'score': 0.956041994172365, 'pinball_ratio': 1.0276257247368825, 'mae_ratio': 1.0595124680731274, 'brier_ratio': 1.079647424059584, 'mdd_pinball_ratio': 1.064502573136997, 'vol_mae_ratio': 0.9556690780185405, 'coverage_penalty': 0.016666666666666607, 'width_ratio': 0.6363348751826421}, {'fold': 0, 'horizon': 20, 'score': 1.002885284217426, 'pinball_ratio': 1.066156532358349, 'mae_ratio': 1.2107596528615552, 'brier_ratio': 1.1379430741538032, 'mdd_pinball_ratio': 1.1078846544254561, 'vol_mae_ratio': 0.9432759111957908, 'coverage_penalty': 0.0031746031746031633, 'width_ratio': 0.5564192444693418}, {'fold': 0, 'horizon': 60, 'score': 0.954225567582038, 'pinball_ratio': 1.010386454728746, 'mae_ratio': 1.2805420138284607, 'brier_ratio': 1.0806847760271732, 'mdd_pinball_ratio': 1.033441048448111, 'vol_mae_ratio': 0.7387878013295237, 'coverage_penalty': 0.02857142857142858, 'width_ratio': 0.5170450849487607}, {'fold': 1, 'horizon': 5, 'score': 0.8752805706205595, 'pinball_ratio': 0.9550243772606606, 'mae_ratio': 0.9978879825604505, 'brier_ratio': 0.9947463535111967, 'mdd_pinball_ratio': 0.9262206746915557, 'vol_mae_ratio': 0.8449675436709075, 'coverage_penalty': 0.03888888888888886, 'width_ratio': 0.5324936791844995}, {'fold': 1, 'horizon': 20, 'score': 0.8585837247715535, 'pinball_ratio': 0.9395590482897894, 'mae_ratio': 0.9499118785403924, 'brier_ratio': 0.8103634867506084, 'mdd_pinball_ratio': 1.0182143630675526, 'vol_mae_ratio': 0.8593444723282834, 'coverage_penalty': 0.24523809523809526, 'width_ratio': 0.3287828238949737}, {'fold': 1, 'horizon': 60, 'score': 0.8267327177573287, 'pinball_ratio': 0.8075585397919779, 'mae_ratio': 1.0758037161432454, 'brier_ratio': 1.0446196429657744, 'mdd_pinball_ratio': 0.9597926960551074, 'vol_mae_ratio': 0.7010505517784907, 'coverage_penalty': 0.004761904761904745, 'width_ratio': 0.3872144014778331}, {'fold': 2, 'horizon': 5, 'score': 0.8969495585918711, 'pinball_ratio': 0.9785333866558688, 'mae_ratio': 1.0512000759214888, 'brier_ratio': 0.9528307707888691, 'mdd_pinball_ratio': 0.9009574587638449, 'vol_mae_ratio': 0.9937684727334241, 'coverage_penalty': 0.012698412698412653, 'width_ratio': 0.6149630426318432}, {'fold': 2, 'horizon': 20, 'score': 0.8458375325694586, 'pinball_ratio': 0.8905303476894263, 'mae_ratio': 1.057436048160768, 'brier_ratio': 0.8409569526818828, 'mdd_pinball_ratio': 0.8771239698331084, 'vol_mae_ratio': 1.0080176405295744, 'coverage_penalty': 0.026984126984127, 'width_ratio': 0.5044570778316357}, {'fold': 2, 'horizon': 60, 'score': 0.760164634699949, 'pinball_ratio': 0.7582484257974118, 'mae_ratio': 0.9466205700543809, 'brier_ratio': 0.8213774536418077, 'mdd_pinball_ratio': 0.8606498176837664, 'vol_mae_ratio': 0.7704246427903795, 'coverage_penalty': 0.09999999999999998, 'width_ratio': 0.5479348394941288}, {'fold': 3, 'horizon': 5, 'score': 0.7833799975699207, 'pinball_ratio': 0.8534047428144621, 'mae_ratio': 1.0279526562468948, 'brier_ratio': 0.9451007589264422, 'mdd_pinball_ratio': 0.757776815915444, 'vol_mae_ratio': 0.577936092832114, 'coverage_penalty': 0.032539682539682535, 'width_ratio': 0.499747195351754}, {'fold': 3, 'horizon': 20, 'score': 0.9080099733870836, 'pinball_ratio': 1.0586939224573837, 'mae_ratio': 1.37217006067905, 'brier_ratio': 1.0635873358787358, 'mdd_pinball_ratio': 0.6344884524347987, 'vol_mae_ratio': 0.6041492692524, 'coverage_penalty': 0.03492063492063491, 'width_ratio': 0.4690283936142394}, {'fold': 3, 'horizon': 60, 'score': 0.8302408967452661, 'pinball_ratio': 1.0087782351005445, 'mae_ratio': 1.1780195656884203, 'brier_ratio': 0.7510416765009382, 'mdd_pinball_ratio': 0.6085826890293431, 'vol_mae_ratio': 0.7098759693917029, 'coverage_penalty': 0.15396825396825398, 'width_ratio': 0.49188500201074364}]",COMPLETE
16,0.8457063564539611,2026-07-22 16:23:49.476091,2026-07-22 16:26:04.187490,0 days 00:02:14.711399,64,0.14700690286534662,1.184611491243702,1.0,32,0.05,0.005,0.15,0.45,0.2,96,0.0008396594502330018,15,5,4,0.0006431555833466291,"[{'fold': 0, 'horizon': 5, 'score': 0.9388108268921874, 'pinball_ratio': 1.068197633972134, 'mae_ratio': 1.1025439315812051, 'brier_ratio': 1.0324719202435042, 'mdd_pinball_ratio': 0.9440750977656395, 'vol_mae_ratio': 0.8395890712006284, 'coverage_penalty': 0.03492063492063491, 'width_ratio': 0.5558220332960315}, {'fold': 0, 'horizon': 20, 'score': 0.9921069505408399, 'pinball_ratio': 1.131355907488682, 'mae_ratio': 1.3071312095772463, 'brier_ratio': 1.0662111053197798, 'mdd_pinball_ratio': 0.9041077995867948, 'vol_mae_ratio': 0.860868405898104, 'coverage_penalty': 0.03492063492063491, 'width_ratio': 0.5327860237657692}, {'fold': 0, 'horizon': 60, 'score': 0.9780829640798651, 'pinball_ratio': 1.1301474804395057, 'mae_ratio': 1.3409740577248117, 'brier_ratio': 1.1053672351615063, 'mdd_pinball_ratio': 0.8363656599453435, 'vol_mae_ratio': 0.7376660871700699, 'coverage_penalty': 0.0087301587301587, 'width_ratio': 0.5249194391056886}, {'fold': 1, 'horizon': 5, 'score': 0.8881151903545272, 'pinball_ratio': 0.983538544843161, 'mae_ratio': 1.028482550045175, 'brier_ratio': 0.9774807996629992, 'mdd_pinball_ratio': 0.9165955607473278, 'vol_mae_ratio': 0.8765560505864192, 'coverage_penalty': 0.0031746031746031633, 'width_ratio': 0.5871678603410494}, {'fold': 1, 'horizon': 20, 'score': 0.729317905561328, 'pinball_ratio': 0.7882595187291099, 'mae_ratio': 0.8262317727083202, 'brier_ratio': 0.8003902738359501, 'mdd_pinball_ratio': 0.8062841746242481, 'vol_mae_ratio': 0.722432516057221, 'coverage_penalty': 0.08253968253968258, 'width_ratio': 0.34900371491206694}, {'fold': 1, 'horizon': 60, 'score': 0.7753426432368088, 'pinball_ratio': 0.749320439314569, 'mae_ratio': 1.097001173066567, 'brier_ratio': 1.0106625968567013, 'mdd_pinball_ratio': 0.8241322748745046, 'vol_mae_ratio': 0.5932414120244802, 'coverage_penalty': 0.05634920634920637, 'width_ratio': 0.33474990367171176}, {'fold': 2, 'horizon': 5, 'score': 0.9123457567721531, 'pinball_ratio': 0.9425799334140862, 'mae_ratio': 1.0642570963586466, 'brier_ratio': 0.9842643265032904, 'mdd_pinball_ratio': 0.9656975277178464, 'vol_mae_ratio': 1.1290658606020196, 'coverage_penalty': 0.0087301587301587, 'width_ratio': 0.5597413439647456}, {'fold': 2, 'horizon': 20, 'score': 1.0065311960688004, 'pinball_ratio': 1.0112876161808986, 'mae_ratio': 1.264289562707304, 'brier_ratio': 1.0903727884064633, 'mdd_pinball_ratio': 1.0456633867644163, 'vol_mae_ratio': 1.1816764366554366, 'coverage_penalty': 0.21746031746031746, 'width_ratio': 0.3047267945330831}, {'fold': 2, 'horizon': 60, 'score': 0.6854633967568049, 'pinball_ratio': 0.6014683519977139, 'mae_ratio': 0.8753856575389272, 'brier_ratio': 0.9160749736383578, 'mdd_pinball_ratio': 0.7831105664907385, 'vol_mae_ratio': 0.7834599175961959, 'coverage_penalty': 0.023015873015873045, 'width_ratio': 0.29355636788902334}, {'fold': 3, 'horizon': 5, 'score': 0.7208102260967756, 'pinball_ratio': 0.8678257697987452, 'mae_ratio': 1.0112439857976308, 'brier_ratio': 0.8431505883483676, 'mdd_pinball_ratio': 0.5384542547120595, 'vol_mae_ratio': 0.38662346643038864, 'coverage_penalty': 0.0444444444444444, 'width_ratio': 0.5456808194785379}, {'fold': 3, 'horizon': 20, 'score': 0.7456602893254939, 'pinball_ratio': 0.9783832950323915, 'mae_ratio': 1.1375340024999603, 'brier_ratio': 0.7914350011133429, 'mdd_pinball_ratio': 0.32205365439514283, 'vol_mae_ratio': 0.46616038169233487, 'coverage_penalty': 0.11825396825396828, 'width_ratio': 0.35596404719595026}, {'fold': 3, 'horizon': 60, 'score': 0.7869255852333491, 'pinball_ratio': 1.122462081324838, 'mae_ratio': 1.1238806011777278, 'brier_ratio': 0.5543597923851544, 'mdd_pinball_ratio': 0.25, 'vol_mae_ratio': 0.6351191450444558, 'coverage_penalty': 0.4515873015873016, 'width_ratio': 0.32349240398889473}]",COMPLETE
17,0.8674639973687988,2026-07-22 16:26:04.198714,2026-07-22 16:27:13.920096,0 days 00:01:09.721382,96,0.2993168536898627,0.86527195364307,1.0,32,0.02,0.002,0.15,0.25,0.2,96,0.0028502372576125674,10,3,2,5.6901617231086205e-05,"[{'fold': 0, 'horizon': 5, 'score': 0.9040872500205949, 'pinball_ratio': 0.9724986455388259, 'mae_ratio': 1.0096404185955763, 'brier_ratio': 1.1138323823878606, 'mdd_pinball_ratio': 0.9428730020612921, 'vol_mae_ratio': 0.8648863397103302, 'coverage_penalty': 0.0087301587301587, 'width_ratio': 0.5553702847717441}, {'fold': 0, 'horizon': 20, 'score': 0.9010566029740469, 'pinball_ratio': 0.9822712934408115, 'mae_ratio': 1.0835506403748656, 'brier_ratio': 1.1408530631382163, 'mdd_pinball_ratio': 0.8760984250576075, 'vol_mae_ratio': 0.7472604758321331, 'coverage_penalty': 0.04285714285714293, 'width_ratio': 0.4820094466982011}, {'fold': 0, 'horizon': 60, 'score': 0.9085758992624894, 'pinball_ratio': 0.9514210506936644, 'mae_ratio': 1.1263084581307707, 'brier_ratio': 1.1614365435386163, 'mdd_pinball_ratio': 0.9218984151267519, 'vol_mae_ratio': 0.7329145429388987, 'coverage_penalty': 0.05634920634920637, 'width_ratio': 0.5632040087317245}, {'fold': 1, 'horizon': 5, 'score': 0.8297981458135281, 'pinball_ratio': 0.8928775283376374, 'mae_ratio': 0.9362489093779376, 'brier_ratio': 0.9604181831658759, 'mdd_pinball_ratio': 0.8510824026066838, 'vol_mae_ratio': 0.865269440300434, 'coverage_penalty': 0.04285714285714293, 'width_ratio': 0.5200547530912325}, {'fold': 1, 'horizon': 20, 'score': 0.7143270321316016, 'pinball_ratio': 0.771410580433661, 'mae_ratio': 0.8017066988487928, 'brier_ratio': 0.7530440028200861, 'mdd_pinball_ratio': 0.7962654526503983, 'vol_mae_ratio': 0.7411609428059859, 'coverage_penalty': 0.10634920634920642, 'width_ratio': 0.33734557022952233}, {'fold': 1, 'horizon': 60, 'score': 0.9820691191871229, 'pinball_ratio': 1.0381580064370437, 'mae_ratio': 1.283513031379927, 'brier_ratio': 1.0989481449602685, 'mdd_pinball_ratio': 1.1275882757887927, 'vol_mae_ratio': 0.6309528800369835, 'coverage_penalty': 0.30873015873015874, 'width_ratio': 0.25}, {'fold': 2, 'horizon': 5, 'score': 0.8527699267316067, 'pinball_ratio': 0.903501022352562, 'mae_ratio': 1.028501193422791, 'brier_ratio': 0.9565721643728995, 'mdd_pinball_ratio': 0.8670720111694027, 'vol_mae_ratio': 0.9262181356570288, 'coverage_penalty': 0.016666666666666607, 'width_ratio': 0.4978094443692172}, {'fold': 2, 'horizon': 20, 'score': 0.9598929319192956, 'pinball_ratio': 1.002704684522746, 'mae_ratio': 1.2353169981586491, 'brier_ratio': 1.2005051455933966, 'mdd_pinball_ratio': 0.8404757861276149, 'vol_mae_ratio': 0.9436024089685319, 'coverage_penalty': 0.21746031746031746, 'width_ratio': 0.2639713245103372}, {'fold': 2, 'horizon': 60, 'score': 0.838041007627656, 'pinball_ratio': 0.9203363045166223, 'mae_ratio': 1.278529753922077, 'brier_ratio': 0.7618889278317602, 'mdd_pinball_ratio': 0.7936842873306692, 'vol_mae_ratio': 0.6530785568416216, 'coverage_penalty': 0.2571428571428571, 'width_ratio': 0.25}, {'fold': 3, 'horizon': 5, 'score': 0.8054420691671239, 'pinball_ratio': 0.8049302364452317, 'mae_ratio': 0.9524637867086754, 'brier_ratio': 0.9198363672091427, 'mdd_pinball_ratio': 0.7644770302041157, 'vol_mae_ratio': 1.0646065955197312, 'coverage_penalty': 0.07619047619047614, 'width_ratio': 0.5468638635898789}, {'fold': 3, 'horizon': 20, 'score': 0.8359378032799559, 'pinball_ratio': 0.9045432701388257, 'mae_ratio': 1.110237145474048, 'brier_ratio': 0.8995336819094583, 'mdd_pinball_ratio': 0.6409883084061411, 'vol_mae_ratio': 1.0640712089405668, 'coverage_penalty': 0.011111111111111183, 'width_ratio': 0.48496298970285007}, {'fold': 3, 'horizon': 60, 'score': 0.8664618092045142, 'pinball_ratio': 0.9606743177870425, 'mae_ratio': 1.0972717340147433, 'brier_ratio': 0.9261903138891645, 'mdd_pinball_ratio': 0.6924568988942749, 'vol_mae_ratio': 0.9640704373527326, 'coverage_penalty': 0.15793650793650793, 'width_ratio': 0.5125118889497703}]",COMPLETE
18,0.8151905674279241,2026-07-22 16:27:13.931481,2026-07-22 16:28:19.917975,0 days 00:01:05.986494,128,0.22338292733393553,1.1034402723193317,2.0,96,0.05,0.02,0.15,0.45,0.2,96,0.0012274357665608623,15,3,4,4.595761316411406e-06,"[{'fold': 0, 'horizon': 5, 'score': 0.8789990643271786, 'pinball_ratio': 0.9719077384398288, 'mae_ratio': 1.0019733778135296, 'brier_ratio': 1.0027541800525288, 'mdd_pinball_ratio': 0.9261866685989848, 'vol_mae_ratio': 0.8243460413559976, 'coverage_penalty': 0.0007936507936507908, 'width_ratio': 0.5568020737442205}, {'fold': 0, 'horizon': 20, 'score': 0.8574398449943692, 'pinball_ratio': 0.9555228295177208, 'mae_ratio': 0.9948145499534095, 'brier_ratio': 0.968226715963834, 'mdd_pinball_ratio': 0.8553312156556216, 'vol_mae_ratio': 0.830135102368997, 'coverage_penalty': 0.050793650793650835, 'width_ratio': 0.45606388782606505}, {'fold': 0, 'horizon': 60, 'score': 0.8802116155108118, 'pinball_ratio': 0.9557689000905689, 'mae_ratio': 1.182967020575569, 'brier_ratio': 1.044276051562713, 'mdd_pinball_ratio': 0.808171993484618, 'vol_mae_ratio': 0.7495884527013702, 'coverage_penalty': 0.026984126984127, 'width_ratio': 0.4510835492217273}, {'fold': 1, 'horizon': 5, 'score': 0.9351934800403621, 'pinball_ratio': 1.0574712578101688, 'mae_ratio': 1.1167768901122153, 'brier_ratio': 1.0793971523802113, 'mdd_pinball_ratio': 0.8862755203904066, 'vol_mae_ratio': 0.8143918386938223, 'coverage_penalty': 0.09444444444444444, 'width_ratio': 0.488693679796158}, {'fold': 1, 'horizon': 20, 'score': 0.9084654729176792, 'pinball_ratio': 1.07159838886943, 'mae_ratio': 1.1399611637487255, 'brier_ratio': 0.9706788659361291, 'mdd_pinball_ratio': 0.8721809149331412, 'vol_mae_ratio': 0.6311454012977339, 'coverage_penalty': 0.1341269841269841, 'width_ratio': 0.44931553673390523}, {'fold': 1, 'horizon': 60, 'score': 0.9221080773727658, 'pinball_ratio': 1.0101456528840027, 'mae_ratio': 1.4124445798534344, 'brier_ratio': 1.1041012941372046, 'mdd_pinball_ratio': 0.8363322300475344, 'vol_mae_ratio': 0.5145174122333641, 'coverage_penalty': 0.016666666666666607, 'width_ratio': 0.43356584558786226}, {'fold': 2, 'horizon': 5, 'score': 0.8489637173060588, 'pinball_ratio': 0.8961710483320549, 'mae_ratio': 1.008524387207277, 'brier_ratio': 0.9900874035504041, 'mdd_pinball_ratio': 0.797183985705672, 'vol_mae_ratio': 0.9655000954012233, 'coverage_penalty': 0.032539682539682535, 'width_ratio': 0.5702232200812178}, {'fold': 2, 'horizon': 20, 'score': 0.8338679289508768, 'pinball_ratio': 0.8454755630902202, 'mae_ratio': 1.0889828556733125, 'brier_ratio': 0.9853384623059024, 'mdd_pinball_ratio': 0.6699909246125064, 'vol_mae_ratio': 1.0120953895376004, 'coverage_penalty': 0.09603174603174602, 'width_ratio': 0.6124294768186448}, {'fold': 2, 'horizon': 60, 'score': 0.7498406779457982, 'pinball_ratio': 0.7786239186324013, 'mae_ratio': 1.0429725003902395, 'brier_ratio': 0.9063055500580341, 'mdd_pinball_ratio': 0.5698214004779592, 'vol_mae_ratio': 0.7289222161853728, 'coverage_penalty': 0.09999999999999998, 'width_ratio': 0.6521722388995221}, {'fold': 3, 'horizon': 5, 'score': 0.7347562161353206, 'pinball_ratio': 0.8722096423524865, 'mae_ratio': 0.9596758986501949, 'brier_ratio': 0.83655371240013, 'mdd_pinball_ratio': 0.5671305315497857, 'vol_mae_ratio': 0.42462660548691766, 'coverage_penalty': 0.09603174603174602, 'width_ratio': 0.8597979050339969}, {'fold': 3, 'horizon': 20, 'score': 0.6756095914056002, 'pinball_ratio': 0.8268964169949684, 'mae_ratio': 0.9546965210934407, 'brier_ratio': 0.6690181251118666, 'mdd_pinball_ratio': 0.43042716569280315, 'vol_mae_ratio': 0.4714998657763756, 'coverage_penalty': 0.09999999999999998, 'width_ratio': 0.7974862365002354}, {'fold': 3, 'horizon': 60, 'score': 0.5764240090992975, 'pinball_ratio': 0.7202361407144076, 'mae_ratio': 0.7702242630898867, 'brier_ratio': 0.42302034428828034, 'mdd_pinball_ratio': 0.38497079643971277, 'vol_mae_ratio': 0.5870073938409962, 'coverage_penalty': 0.09999999999999998, 'width_ratio': 0.7302769964157761}]",COMPLETE
19,0.8185029874728516,2026-07-22 16:28:19.929166,2026-07-22 16:29:47.133888,0 days 00:01:27.204722,96,0.26444745238441003,1.1577706828921548,2.0,96,0.05,0.01,0.25,0.45,0.2,64,0.0009326808398188759,20,5,4,4.9682432242800395e-06,"[{'fold': 0, 'horizon': 5, 'score': 0.9003397253731589, 'pinball_ratio': 0.9842253159617373, 'mae_ratio': 1.0352847044277798, 'brier_ratio': 1.0374130475016423, 'mdd_pinball_ratio': 0.9559400537483443, 'vol_mae_ratio': 0.8215535451427372, 'coverage_penalty': 0.058730158730158744, 'width_ratio': 0.509957610316704}, {'fold': 0, 'horizon': 20, 'score': 0.8729254231253529, 'pinball_ratio': 0.9473966584825813, 'mae_ratio': 1.0521795489177463, 'brier_ratio': 1.0216131583485248, 'mdd_pinball_ratio': 0.8883447539650778, 'vol_mae_ratio': 0.8007329812840785, 'coverage_penalty': 0.0087301587301587, 'width_ratio': 0.5443854744076067}, {'fold': 0, 'horizon': 60, 'score': 0.9432163269744416, 'pinball_ratio': 1.0312976053647194, 'mae_ratio': 1.260726919941816, 'brier_ratio': 1.1206359453966832, 'mdd_pinball_ratio': 0.9184969395544471, 'vol_mae_ratio': 0.6858641152560386, 'coverage_penalty': 0.02857142857142858, 'width_ratio': 0.5565594279081334}, {'fold': 1, 'horizon': 5, 'score': 0.9179832792509487, 'pinball_ratio': 1.005588781540775, 'mae_ratio': 1.0629586408557927, 'brier_ratio': 1.082731018110783, 'mdd_pinball_ratio': 0.9043413062448166, 'vol_mae_ratio': 0.8779429514831872, 'coverage_penalty': 0.0626984126984127, 'width_ratio': 0.5446458964253714}, {'fold': 1, 'horizon': 20, 'score': 0.8927021805979896, 'pinball_ratio': 0.9925676902951104, 'mae_ratio': 1.0427646260170491, 'brier_ratio': 0.9788904154016068, 'mdd_pinball_ratio': 0.9878197995714347, 'vol_mae_ratio': 0.7111333524460423, 'coverage_penalty': 0.14206349206349211, 'width_ratio': 0.4274827719046182}, {'fold': 1, 'horizon': 60, 'score': 0.7733504726225553, 'pinball_ratio': 0.7437288630948432, 'mae_ratio': 0.9766293411617193, 'brier_ratio': 0.9195467073053382, 'mdd_pinball_ratio': 1.039623226795443, 'vol_mae_ratio': 0.5566396526212105, 'coverage_penalty': 0.06428571428571428, 'width_ratio': 0.41705046626213776}, {'fold': 2, 'horizon': 5, 'score': 0.8614959936143798, 'pinball_ratio': 0.9293057332139547, 'mae_ratio': 1.0584572744126615, 'brier_ratio': 0.9914402948071113, 'mdd_pinball_ratio': 0.844976805205402, 'vol_mae_ratio': 0.8518857708615997, 'coverage_penalty': 0.02063492063492056, 'width_ratio': 0.5124936431705015}, {'fold': 2, 'horizon': 20, 'score': 0.8413923499183364, 'pinball_ratio': 0.8703535577069026, 'mae_ratio': 1.1092900794761662, 'brier_ratio': 0.9370670928366901, 'mdd_pinball_ratio': 0.7096721532934922, 'vol_mae_ratio': 1.0401377221530232, 'coverage_penalty': 0.04047619047619044, 'width_ratio': 0.550570011044418}, {'fold': 2, 'horizon': 60, 'score': 0.7212263161714481, 'pinball_ratio': 0.7544914521924533, 'mae_ratio': 1.043307813997488, 'brier_ratio': 0.7141006370252538, 'mdd_pinball_ratio': 0.6114788868202684, 'vol_mae_ratio': 0.7926456131990701, 'coverage_penalty': 0.08809523809523812, 'width_ratio': 0.546332641368809}, {'fold': 3, 'horizon': 5, 'score': 0.7631988742239671, 'pinball_ratio': 0.8141377156246398, 'mae_ratio': 0.9681294005775227, 'brier_ratio': 0.9490518766026383, 'mdd_pinball_ratio': 0.7040240537876187, 'vol_mae_ratio': 0.6211437395560515, 'coverage_penalty': 0.07619047619047614, 'width_ratio': 0.5874055607079239}, {'fold': 3, 'horizon': 20, 'score': 0.6978520776831568, 'pinball_ratio': 0.7566162079537302, 'mae_ratio': 0.8806886387506999, 'brier_ratio': 0.8416195630593256, 'mdd_pinball_ratio': 0.4798774119163538, 'vol_mae_ratio': 0.7983462595223076, 'coverage_penalty': 0.05634920634920637, 'width_ratio': 0.6309830814573043}, {'fold': 3, 'horizon': 60, 'score': 0.6604965333429184, 'pinball_ratio': 0.7346678898381017, 'mae_ratio': 0.8289760682679775, 'brier_ratio': 0.7559101101763699, 'mdd_pinball_ratio': 0.4707046673577043, 'vol_mae_ratio': 0.7540736402599649, 'coverage_penalty': 0.0444444444444444, 'width_ratio': 0.5501889964055842}]",COMPLETE
