number,value,datetime_start,datetime_complete,duration,params_batch_size,params_dropout,params_gate_temperature,params_gradient_clip,params_hidden_dim,params_lambda_aux,params_lambda_balance,params_lambda_direction,params_lambda_mdd,params_lambda_volatility,params_latent_dim,params_learning_rate,params_long_pool,params_medium_pool,params_n_blocks,params_weight_decay,user_attrs_fold_metrics,state
10,0.8289941556985805,2026-07-22 16:13:36.510775,2026-07-22 16:14:27.356440,0 days 00:00:50.845665,128,0.20662571260394108,0.994808227270385,0.5,32,0.02,0.02,0.15,0.25,0.2,96,0.0007924241223265903,10,3,2,0.0016873005701884805,"[{'fold': 0, 'horizon': 5, 'score': 0.9101213950556669, 'pinball_ratio': 1.0091394281596842, 'mae_ratio': 1.0324120619860935, 'brier_ratio': 0.9923529355145935, 'mdd_pinball_ratio': 0.962233728391762, 'vol_mae_ratio': 0.9201246315673992, 'coverage_penalty': 0.015079365079365137, 'width_ratio': 0.526825586787155}, {'fold': 0, 'horizon': 20, 'score': 0.8736266934379855, 'pinball_ratio': 0.9414919677795035, 'mae_ratio': 1.0744748040566636, 'brier_ratio': 0.9512309932998166, 'mdd_pinball_ratio': 0.8775124195459734, 'vol_mae_ratio': 0.8429938675547928, 'coverage_penalty': 0.06825396825396823, 'width_ratio': 0.6514869215511389}, {'fold': 0, 'horizon': 60, 'score': 0.8797497661465368, 'pinball_ratio': 0.9219830357446113, 'mae_ratio': 1.0437356455829885, 'brier_ratio': 1.0768289755853364, 'mdd_pinball_ratio': 0.9278107042981842, 'vol_mae_ratio': 0.7174492275386835, 'coverage_penalty': 0.09999999999999998, 'width_ratio': 0.7018160687359387}, {'fold': 1, 'horizon': 5, 'score': 0.8370085355974732, 'pinball_ratio': 0.8928078637975404, 'mae_ratio': 0.9418249983086143, 'brier_ratio': 0.9475266665580543, 'mdd_pinball_ratio': 0.8454544846141226, 'vol_mae_ratio': 0.9812155164087285, 'coverage_penalty': 0.01904761904761909, 'width_ratio': 0.49499919573364315}, {'fold': 1, 'horizon': 20, 'score': 0.7205788878894948, 'pinball_ratio': 0.796776924196229, 'mae_ratio': 0.825417692986798, 'brier_ratio': 0.6901249689309034, 'mdd_pinball_ratio': 0.7438905698509123, 'vol_mae_ratio': 0.8224475077588721, 'coverage_penalty': 0.17380952380952386, 'width_ratio': 0.27935207376562604}, {'fold': 1, 'horizon': 60, 'score': 0.8067412981915854, 'pinball_ratio': 0.8138604043331613, 'mae_ratio': 1.09264710516465, 'brier_ratio': 0.8983509122157852, 'mdd_pinball_ratio': 0.984893368396717, 'vol_mae_ratio': 0.5667311547507284, 'coverage_penalty': 0.16190476190476188, 'width_ratio': 0.25}, {'fold': 2, 'horizon': 5, 'score': 0.9766320953455715, 'pinball_ratio': 1.1408399578816146, 'mae_ratio': 1.3618671444908157, 'brier_ratio': 0.9836279817425152, 'mdd_pinball_ratio': 0.8219526020717781, 'vol_mae_ratio': 0.8325690049726123, 'coverage_penalty': 0.004761904761904745, 'width_ratio': 0.6210239003548523}, {'fold': 2, 'horizon': 20, 'score': 1.0293800719340722, 'pinball_ratio': 1.16401520302345, 'mae_ratio': 1.7006201050257848, 'brier_ratio': 0.9397543900091708, 'mdd_pinball_ratio': 0.6802019700268782, 'vol_mae_ratio': 0.965208035019933, 'coverage_penalty': 0.09999999999999998, 'width_ratio': 0.6789159204865529}, {'fold': 2, 'horizon': 60, 'score': 1.0023482880961248, 'pinball_ratio': 1.1849602395376202, 'mae_ratio': 1.8520409219290435, 'brier_ratio': 0.8548291662500532, 'mdd_pinball_ratio': 0.5380408651440808, 'vol_mae_ratio': 0.7389095465782288, 'coverage_penalty': 0.09999999999999998, 'width_ratio': 0.6661535533886046}, {'fold': 3, 'horizon': 5, 'score': 0.7454344623761242, 'pinball_ratio': 0.865889053371972, 'mae_ratio': 1.129142089367384, 'brier_ratio': 0.8244567596701856, 'mdd_pinball_ratio': 0.5666988669395354, 'vol_mae_ratio': 0.5068454156159754, 'coverage_penalty': 0.016666666666666607, 'width_ratio': 0.41591426903680817}, {'fold': 3, 'horizon': 20, 'score': 0.6360027181171842, 'pinball_ratio': 0.762862688461124, 'mae_ratio': 0.9622293933706765, 'brier_ratio': 0.6030019796239074, 'mdd_pinball_ratio': 0.41442078100247026, 'vol_mae_ratio': 0.584247506055099, 'coverage_penalty': 0.023015873015873045, 'width_ratio': 0.4005697446537259}, {'fold': 3, 'horizon': 60, 'score': 0.5521942084209336, 'pinball_ratio': 0.71766474055696, 'mae_ratio': 0.7952528319055733, 'brier_ratio': 0.3391773214996439, 'mdd_pinball_ratio': 0.3654903676967677, 'vol_mae_ratio': 0.5491785757683213, 'coverage_penalty': 0.1261904761904762, 'width_ratio': 0.4090760050178123}]",COMPLETE
11,0.8438463817897729,2026-07-22 16:14:27.367511,2026-07-22 16:15:54.902767,0 days 00:01:27.535256,128,0.2894315610628406,1.4332092770225047,1.0,96,0.05,0.01,0.15,0.45,0.15,96,7.442311575286525e-05,15,3,4,0.00013778119871459015,"[{'fold': 0, 'horizon': 5, 'score': 0.9827989268717119, 'pinball_ratio': 1.126623186361334, 'mae_ratio': 1.2284521632031793, 'brier_ratio': 0.9956359009335723, 'mdd_pinball_ratio': 0.9638897321301766, 'vol_mae_ratio': 0.8596719143688667, 'coverage_penalty': 0.11428571428571432, 'width_ratio': 0.5438983589439678}, {'fold': 0, 'horizon': 20, 'score': 0.9346128694694359, 'pinball_ratio': 1.0591595626987125, 'mae_ratio': 1.151089459791861, 'brier_ratio': 1.0853861020789022, 'mdd_pinball_ratio': 0.8676658782205985, 'vol_mae_ratio': 0.793980428180868, 'coverage_penalty': 0.04682539682539688, 'width_ratio': 0.5203328638439221}, {'fold': 0, 'horizon': 60, 'score': 0.9260211388286955, 'pinball_ratio': 1.039410895544144, 'mae_ratio': 1.2556179168429553, 'brier_ratio': 1.0904448265274742, 'mdd_pinball_ratio': 0.8539467926076469, 'vol_mae_ratio': 0.6444641315432734, 'coverage_penalty': 0.032539682539682535, 'width_ratio': 0.516723468647618}, {'fold': 1, 'horizon': 5, 'score': 0.9801066858058984, 'pinball_ratio': 1.132769683705591, 'mae_ratio': 1.1734705735062623, 'brier_ratio': 1.0455814592742019, 'mdd_pinball_ratio': 0.8766442350171153, 'vol_mae_ratio': 0.9449667939014151, 'coverage_penalty': 0.15793650793650793, 'width_ratio': 0.4576873797869206}, {'fold': 1, 'horizon': 20, 'score': 0.8851776565822419, 'pinball_ratio': 0.9974452179392297, 'mae_ratio': 1.097078930244664, 'brier_ratio': 0.9243964735490116, 'mdd_pinball_ratio': 0.9090538716769743, 'vol_mae_ratio': 0.7718149485184456, 'coverage_penalty': 0.06666666666666665, 'width_ratio': 0.4881425821467592}, {'fold': 1, 'horizon': 60, 'score': 0.8806039560221579, 'pinball_ratio': 0.8655065004272151, 'mae_ratio': 1.184160392164802, 'brier_ratio': 1.1219812378933656, 'mdd_pinball_ratio': 0.9828656314424088, 'vol_mae_ratio': 0.6474742176154166, 'coverage_penalty': 0.07619047619047614, 'width_ratio': 0.47482788508903884}, {'fold': 2, 'horizon': 5, 'score': 0.9055991673295438, 'pinball_ratio': 0.9889174601810253, 'mae_ratio': 1.1078226356542435, 'brier_ratio': 0.9857664451993647, 'mdd_pinball_ratio': 0.9176145639169624, 'vol_mae_ratio': 0.9073650776437389, 'coverage_penalty': 0.0031746031746031633, 'width_ratio': 0.5612926521334424}, {'fold': 2, 'horizon': 20, 'score': 0.85864321864996, 'pinball_ratio': 0.9668697881463475, 'mae_ratio': 1.179706623341604, 'brier_ratio': 0.9795268035692604, 'mdd_pinball_ratio': 0.7201417101411997, 'vol_mae_ratio': 0.6360248935496408, 'coverage_penalty': 0.0801587301587301, 'width_ratio': 0.6372973924951217}, {'fold': 2, 'horizon': 60, 'score': 0.755250112265523, 'pinball_ratio': 0.8298796829564655, 'mae_ratio': 0.9171508133454749, 'brier_ratio': 0.9923942902952162, 'mdd_pinball_ratio': 0.4576511284386828, 'vol_mae_ratio': 0.8012025776039303, 'coverage_penalty': 0.09999999999999998, 'width_ratio': 0.7530843552820308}, {'fold': 3, 'horizon': 5, 'score': 0.8233738974549214, 'pinball_ratio': 1.0294980614883975, 'mae_ratio': 1.2186111758120106, 'brier_ratio': 0.8411697921344483, 'mdd_pinball_ratio': 0.5713075943316945, 'vol_mae_ratio': 0.37984106731231715, 'coverage_penalty': 0.09603174603174602, 'width_ratio': 0.789332087960179}, {'fold': 3, 'horizon': 20, 'score': 0.6591467782180069, 'pinball_ratio': 0.839415234176606, 'mae_ratio': 1.0044115985805189, 'brier_ratio': 0.6448186640847097, 'mdd_pinball_ratio': 0.36412289176592816, 'vol_mae_ratio': 0.3741575638640415, 'coverage_penalty': 0.08809523809523812, 'width_ratio': 0.6588683346150201}, {'fold': 3, 'horizon': 60, 'score': 0.5800354811653173, 'pinball_ratio': 0.7153843831382583, 'mae_ratio': 0.9063838018854349, 'brier_ratio': 0.5027292770925589, 'mdd_pinball_ratio': 0.3719547539981607, 'vol_mae_ratio': 0.4075427737075562, 'coverage_penalty': 0.07222222222222219, 'width_ratio': 0.556031306473085}]",COMPLETE
12,0.7927178347921432,2026-07-22 16:15:54.913946,2026-07-22 16:17:50.559633,0 days 00:01:55.645687,96,0.2995897439667762,1.1037034678362518,1.0,96,0.02,0.01,0.15,0.45,0.2,96,0.004909123784518727,10,3,4,0.00018010907173283147,"[{'fold': 0, 'horizon': 5, 'score': 0.9186971106850563, 'pinball_ratio': 1.0130091792187315, 'mae_ratio': 1.0266884042826585, 'brier_ratio': 1.0630430359733427, 'mdd_pinball_ratio': 0.9412662323108117, 'vol_mae_ratio': 0.888284988964881, 'coverage_penalty': 0.011111111111111183, 'width_ratio': 0.6629323466404162}, {'fold': 0, 'horizon': 20, 'score': 0.9036823909770624, 'pinball_ratio': 1.0071453010688838, 'mae_ratio': 1.0260568908334615, 'brier_ratio': 1.042943284921622, 'mdd_pinball_ratio': 0.9185391007562942, 'vol_mae_ratio': 0.8182171549333217, 'coverage_penalty': 0.023015873015873045, 'width_ratio': 0.6539272507267705}, {'fold': 0, 'horizon': 60, 'score': 0.9458507634029814, 'pinball_ratio': 1.03011211143618, 'mae_ratio': 1.235378031484848, 'brier_ratio': 1.055250720715464, 'mdd_pinball_ratio': 0.8784216182848164, 'vol_mae_ratio': 0.825592141523729, 'coverage_penalty': 0.08809523809523812, 'width_ratio': 0.7076029336169861}, {'fold': 1, 'horizon': 5, 'score': 0.8519024849556706, 'pinball_ratio': 0.9203919969930698, 'mae_ratio': 0.9514411453229228, 'brier_ratio': 0.9613178259744705, 'mdd_pinball_ratio': 0.8475776656411549, 'vol_mae_ratio': 0.9497274378999471, 'coverage_penalty': 0.016666666666666607, 'width_ratio': 0.6525126670217551}, {'fold': 1, 'horizon': 20, 'score': 0.7583947853150939, 'pinball_ratio': 0.8044482024079759, 'mae_ratio': 0.8746823852745346, 'brier_ratio': 0.7596735153190661, 'mdd_pinball_ratio': 0.8964098275191144, 'vol_mae_ratio': 0.8192582017567352, 'coverage_penalty': 0.011111111111111183, 'width_ratio': 0.48398191006479463}, {'fold': 1, 'horizon': 60, 'score': 0.9774296401950474, 'pinball_ratio': 0.8557852999559362, 'mae_ratio': 1.1834305709043609, 'brier_ratio': 1.134767347524132, 'mdd_pinball_ratio': 1.5174021811836294, 'vol_mae_ratio': 0.8486029742004954, 'coverage_penalty': 0.12222222222222223, 'width_ratio': 0.3049639097682152}, {'fold': 2, 'horizon': 5, 'score': 0.9331708415880169, 'pinball_ratio': 0.9770434884345552, 'mae_ratio': 1.0339803637391083, 'brier_ratio': 1.035001277650604, 'mdd_pinball_ratio': 0.9390071940341006, 'vol_mae_ratio': 1.1296412138989018, 'coverage_penalty': 0.07222222222222219, 'width_ratio': 0.7329206125634965}, {'fold': 2, 'horizon': 20, 'score': 0.8202856322434373, 'pinball_ratio': 0.8580749957052249, 'mae_ratio': 0.9802664753184296, 'brier_ratio': 1.021620701233969, 'mdd_pinball_ratio': 0.7485825273533887, 'vol_mae_ratio': 0.8550907820349892, 'coverage_penalty': 0.060317460317460325, 'width_ratio': 0.5885875911673115}, {'fold': 2, 'horizon': 60, 'score': 0.6881066596874036, 'pinball_ratio': 0.6711660734243426, 'mae_ratio': 0.9105767158163771, 'brier_ratio': 0.9492128840570111, 'mdd_pinball_ratio': 0.6775134924405101, 'vol_mae_ratio': 0.5925125064133634, 'coverage_penalty': 0.032539682539682535, 'width_ratio': 0.36913472408949755}, {'fold': 3, 'horizon': 5, 'score': 0.6979742030145137, 'pinball_ratio': 0.8157944042446852, 'mae_ratio': 0.9172141334264697, 'brier_ratio': 0.7999427195686302, 'mdd_pinball_ratio': 0.57349474898583, 'vol_mae_ratio': 0.4410049384348228, 'coverage_penalty': 0.08809523809523812, 'width_ratio': 0.6193753573861842}, {'fold': 3, 'horizon': 20, 'score': 0.5839459417674925, 'pinball_ratio': 0.730780168483465, 'mae_ratio': 0.8197526164627005, 'brier_ratio': 0.533837618487716, 'mdd_pinball_ratio': 0.4010220191428807, 'vol_mae_ratio': 0.44343893963513237, 'coverage_penalty': 0.05634920634920637, 'width_ratio': 0.5564235425442514}, {'fold': 3, 'horizon': 60, 'score': 0.46615546382746836, 'pinball_ratio': 0.5874685087621457, 'mae_ratio': 0.7163184719902035, 'brier_ratio': 0.25, 'mdd_pinball_ratio': 0.2822398725271946, 'vol_mae_ratio': 0.5454434883607593, 'coverage_penalty': 0.04841269841269835, 'width_ratio': 0.5108165452714283}]",COMPLETE
13,0.8571004680859,2026-07-22 16:17:50.573531,2026-07-22 16:18:59.153173,0 days 00:01:08.579642,96,0.24563133738163814,1.0029776361068936,1.0,96,0.02,0.02,0.15,0.45,0.2,96,0.004131313387615527,10,3,2,0.0002873189083567699,"[{'fold': 0, 'horizon': 5, 'score': 0.8966016697164247, 'pinball_ratio': 0.9823752600725647, 'mae_ratio': 1.0326186341656234, 'brier_ratio': 1.0010436335472979, 'mdd_pinball_ratio': 0.9342524728618836, 'vol_mae_ratio': 0.8726446240445165, 'coverage_penalty': 0.04285714285714293, 'width_ratio': 0.5772885066784916}, {'fold': 0, 'horizon': 20, 'score': 0.958169626420129, 'pinball_ratio': 1.0649264150887259, 'mae_ratio': 1.1729100817398423, 'brier_ratio': 1.109329447990917, 'mdd_pinball_ratio': 0.922907899786545, 'vol_mae_ratio': 0.8160587082332709, 'coverage_penalty': 0.11031746031746037, 'width_ratio': 0.5115057888643373}, {'fold': 0, 'horizon': 60, 'score': 1.0163619340246144, 'pinball_ratio': 1.1062141600040052, 'mae_ratio': 1.321497810072565, 'brier_ratio': 1.3403668758324265, 'mdd_pinball_ratio': 1.006487548963282, 'vol_mae_ratio': 0.5934969051035147, 'coverage_penalty': 0.07460317460317467, 'width_ratio': 0.47874100201325875}, {'fold': 1, 'horizon': 5, 'score': 0.8740941916978346, 'pinball_ratio': 0.9469408112011306, 'mae_ratio': 1.0034355865901137, 'brier_ratio': 1.0298108121313376, 'mdd_pinball_ratio': 0.8897567327188761, 'vol_mae_ratio': 0.8367408653697114, 'coverage_penalty': 0.012698412698412653, 'width_ratio': 0.655048754517658}, {'fold': 1, 'horizon': 20, 'score': 0.8747397329198326, 'pinball_ratio': 0.9482077962401242, 'mae_ratio': 1.0640758186061152, 'brier_ratio': 1.0407438253101526, 'mdd_pinball_ratio': 0.898486872749532, 'vol_mae_ratio': 0.7102291204747458, 'coverage_penalty': 0.0444444444444444, 'width_ratio': 0.6079001192444583}, {'fold': 1, 'horizon': 60, 'score': 0.8727445090291603, 'pinball_ratio': 0.9174279119606646, 'mae_ratio': 1.1290367277462372, 'brier_ratio': 1.033635158118871, 'mdd_pinball_ratio': 0.9122725345867131, 'vol_mae_ratio': 0.6448592774897577, 'coverage_penalty': 0.09603174603174602, 'width_ratio': 0.639830893465222}, {'fold': 2, 'horizon': 5, 'score': 0.9368873477111493, 'pinball_ratio': 0.971729967300582, 'mae_ratio': 1.0291123130847664, 'brier_ratio': 1.0033820689103399, 'mdd_pinball_ratio': 0.9487562301014004, 'vol_mae_ratio': 1.2216146495660287, 'coverage_penalty': 0.07619047619047614, 'width_ratio': 0.7366489683844528}, {'fold': 2, 'horizon': 20, 'score': 0.9302676484571997, 'pinball_ratio': 0.934904817327844, 'mae_ratio': 1.0562577572569798, 'brier_ratio': 0.9684295028150858, 'mdd_pinball_ratio': 0.923544732047646, 'vol_mae_ratio': 1.3328098469811485, 'coverage_penalty': 0.08412698412698405, 'width_ratio': 0.7215429995831228}, {'fold': 2, 'horizon': 60, 'score': 0.8909464645679379, 'pinball_ratio': 0.8785599026890984, 'mae_ratio': 1.088228167936588, 'brier_ratio': 0.9317633189982115, 'mdd_pinball_ratio': 0.9752895852032349, 'vol_mae_ratio': 1.0458367112758093, 'coverage_penalty': 0.09999999999999998, 'width_ratio': 0.7524888892822478}, {'fold': 3, 'horizon': 5, 'score': 0.7460349092223095, 'pinball_ratio': 0.871964332811784, 'mae_ratio': 1.0610784120673062, 'brier_ratio': 0.9402844272244512, 'mdd_pinball_ratio': 0.5500742768154243, 'vol_mae_ratio': 0.4185032122767903, 'coverage_penalty': 0.02857142857142858, 'width_ratio': 0.47605013648096317}, {'fold': 3, 'horizon': 20, 'score': 0.6753423121412769, 'pinball_ratio': 0.8826540938190639, 'mae_ratio': 1.0372155007632229, 'brier_ratio': 0.7784310198247637, 'mdd_pinball_ratio': 0.30201803328436233, 'vol_mae_ratio': 0.32360103597118206, 'coverage_penalty': 0.07857142857142863, 'width_ratio': 0.3634530875544754}, {'fold': 3, 'horizon': 60, 'score': 0.6166175919806612, 'pinball_ratio': 0.8879126188566752, 'mae_ratio': 0.8429547673957893, 'brier_ratio': 0.4244887068717362, 'mdd_pinball_ratio': 0.25, 'vol_mae_ratio': 0.5230884661858608, 'coverage_penalty': 0.2492063492063492, 'width_ratio': 0.28261210592218783}]",COMPLETE
14,0.8179432877898075,2026-07-22 16:18:59.165245,2026-07-22 16:20:47.972982,0 days 00:01:48.807737,96,0.19148276352049357,1.1510088325888506,1.0,128,0.02,0.01,0.15,0.45,0.2,96,0.004961621664251188,10,3,4,0.00018529492359566896,"[{'fold': 0, 'horizon': 5, 'score': 0.8889196085079383, 'pinball_ratio': 0.966122466692624, 'mae_ratio': 1.0060948467016433, 'brier_ratio': 0.97724877460011, 'mdd_pinball_ratio': 0.9720639679089671, 'vol_mae_ratio': 0.8292608252468948, 'coverage_penalty': 0.04841269841269835, 'width_ratio': 0.7050211790111154}, {'fold': 0, 'horizon': 20, 'score': 0.854690357104374, 'pinball_ratio': 0.9158216224068091, 'mae_ratio': 1.008193819617048, 'brier_ratio': 0.9499989819175745, 'mdd_pinball_ratio': 0.9058462442830437, 'vol_mae_ratio': 0.823496531344762, 'coverage_penalty': 0.060317460317460325, 'width_ratio': 0.5991685677547506}, {'fold': 0, 'horizon': 60, 'score': 0.8898982415942142, 'pinball_ratio': 0.9536580120471639, 'mae_ratio': 1.1078600786718036, 'brier_ratio': 1.0879750376531698, 'mdd_pinball_ratio': 0.8997657478765732, 'vol_mae_ratio': 0.7625879853815822, 'coverage_penalty': 0.04682539682539688, 'width_ratio': 0.40804104771796174}, {'fold': 1, 'horizon': 5, 'score': 0.8750611542609367, 'pinball_ratio': 0.9470837438024875, 'mae_ratio': 0.9904543337931959, 'brier_ratio': 0.9905362923716204, 'mdd_pinball_ratio': 0.887924502272348, 'vol_mae_ratio': 0.9364803134954403, 'coverage_penalty': 0.03888888888888886, 'width_ratio': 0.5624773697575073}, {'fold': 1, 'horizon': 20, 'score': 0.8742694132390544, 'pinball_ratio': 0.9454883390100787, 'mae_ratio': 1.0459067690080504, 'brier_ratio': 0.976386854402356, 'mdd_pinball_ratio': 0.9593894281250609, 'vol_mae_ratio': 0.8005863878138738, 'coverage_penalty': 0.0007936507936507908, 'width_ratio': 0.5327280839421273}, {'fold': 1, 'horizon': 60, 'score': 0.8689454554179551, 'pinball_ratio': 0.85120880021246, 'mae_ratio': 1.0318316021088814, 'brier_ratio': 1.110363948249316, 'mdd_pinball_ratio': 1.114538494859286, 'vol_mae_ratio': 0.6178082136556654, 'coverage_penalty': 0.0444444444444444, 'width_ratio': 0.5873445361431365}, {'fold': 2, 'horizon': 5, 'score': 0.8720138166900008, 'pinball_ratio': 0.9455763015899513, 'mae_ratio': 1.0430492135120675, 'brier_ratio': 1.0165871634042505, 'mdd_pinball_ratio': 0.852546570666176, 'vol_mae_ratio': 0.7872046053898913, 'coverage_penalty': 0.06428571428571428, 'width_ratio': 0.700473615238487}, {'fold': 2, 'horizon': 20, 'score': 0.8333695973295323, 'pinball_ratio': 0.8663313544389575, 'mae_ratio': 1.0947606061295272, 'brier_ratio': 1.038053417937101, 'mdd_pinball_ratio': 0.7429199272363473, 'vol_mae_ratio': 0.7400981475040963, 'coverage_penalty': 0.07222222222222219, 'width_ratio': 0.6576053424828535}, {'fold': 2, 'horizon': 60, 'score': 0.720652084391899, 'pinball_ratio': 0.7382831768694351, 'mae_ratio': 0.9752793468804304, 'brier_ratio': 0.8748369863205097, 'mdd_pinball_ratio': 0.6204281488732944, 'vol_mae_ratio': 0.6491437860896747, 'coverage_penalty': 0.09999999999999998, 'width_ratio': 0.6585640522498037}, {'fold': 3, 'horizon': 5, 'score': 0.7677959358384443, 'pinball_ratio': 0.8348022422637953, 'mae_ratio': 0.9408986708388125, 'brier_ratio': 0.9500022375162588, 'mdd_pinball_ratio': 0.730920230045864, 'vol_mae_ratio': 0.5603037105422126, 'coverage_penalty': 0.09603174603174602, 'width_ratio': 0.6529795669844081}, {'fold': 3, 'horizon': 20, 'score': 0.7120465526400207, 'pinball_ratio': 0.7736974117361956, 'mae_ratio': 0.9094678114073168, 'brier_ratio': 0.8564257140008298, 'mdd_pinball_ratio': 0.5756989020151385, 'vol_mae_ratio': 0.64173565712368, 'coverage_penalty': 0.09999999999999998, 'width_ratio': 0.6280009568830519}, {'fold': 3, 'horizon': 60, 'score': 0.676516859911619, 'pinball_ratio': 0.7497376687719421, 'mae_ratio': 0.8490431260502863, 'brier_ratio': 0.7755435683305271, 'mdd_pinball_ratio': 0.565847929896921, 'vol_mae_ratio': 0.6182245303853853, 'coverage_penalty': 0.07619047619047614, 'width_ratio': 0.6129231942635794}]",COMPLETE
