number,value,datetime_start,datetime_complete,duration,params_batch_size,params_dropout,params_gate_temperature,params_gradient_clip,params_hidden_dim,params_lambda_aux,params_lambda_balance,params_lambda_direction,params_lambda_mdd,params_lambda_volatility,params_latent_dim,params_learning_rate,params_long_pool,params_medium_pool,params_n_blocks,params_weight_decay,user_attrs_fold_metrics,state
40,0.8317544303437631,2026-07-22 17:05:21.918737,2026-07-22 17:08:17.789117,0 days 00:02:55.870380,48,0.11678746368464163,1.3214380162945174,0.5,128,0.05,0.02,0.25,0.35,0.15,64,0.0013245016048656342,20,3,4,0.000424123147254166,"[{'fold': 0, 'horizon': 5, 'score': 0.9472320013764771, 'pinball_ratio': 1.0322170390323564, 'mae_ratio': 1.0850015689939645, 'brier_ratio': 1.1249299782185946, 'mdd_pinball_ratio': 0.98509803094579, 'vol_mae_ratio': 0.8889173944335935, 'coverage_penalty': 0.01904761904761909, 'width_ratio': 0.5492176071569114}, {'fold': 0, 'horizon': 20, 'score': 1.019920815887046, 'pinball_ratio': 1.13867435960317, 'mae_ratio': 1.2043238654388797, 'brier_ratio': 1.2082852019378367, 'mdd_pinball_ratio': 0.9991450295297951, 'vol_mae_ratio': 0.7713040491198038, 'coverage_penalty': 0.3047619047619048, 'width_ratio': 0.37193124148819634}, {'fold': 0, 'horizon': 60, 'score': 0.9027644336671998, 'pinball_ratio': 0.961553202974452, 'mae_ratio': 1.112059093384322, 'brier_ratio': 1.0661226748933483, 'mdd_pinball_ratio': 0.9537496766095183, 'vol_mae_ratio': 0.769058501154033, 'coverage_penalty': 0.14603174603174607, 'width_ratio': 0.31010078518126344}, {'fold': 1, 'horizon': 5, 'score': 0.8574221358436717, 'pinball_ratio': 0.9293273920379325, 'mae_ratio': 0.9868926798959834, 'brier_ratio': 1.0039205227093844, 'mdd_pinball_ratio': 0.8632273788538023, 'vol_mae_ratio': 0.8546999235736686, 'coverage_penalty': 0.05476190476190479, 'width_ratio': 0.49160452402732235}, {'fold': 1, 'horizon': 20, 'score': 0.7707109924184498, 'pinball_ratio': 0.865266118451806, 'mae_ratio': 0.9197030102046628, 'brier_ratio': 0.8324265032703978, 'mdd_pinball_ratio': 0.8361086226389238, 'vol_mae_ratio': 0.5985722469172263, 'coverage_penalty': 0.10238095238095235, 'width_ratio': 0.4202746394943551}, {'fold': 1, 'horizon': 60, 'score': 0.9331270979278855, 'pinball_ratio': 0.9799015633860023, 'mae_ratio': 1.339126583097704, 'brier_ratio': 1.23315453300866, 'mdd_pinball_ratio': 0.8646634133067145, 'vol_mae_ratio': 0.5915697854968806, 'coverage_penalty': 0.0626984126984127, 'width_ratio': 0.36913346307486655}, {'fold': 2, 'horizon': 5, 'score': 0.8945407309539531, 'pinball_ratio': 0.9563297771593521, 'mae_ratio': 1.0330859881907912, 'brier_ratio': 1.0495283617091449, 'mdd_pinball_ratio': 0.9195927710355046, 'vol_mae_ratio': 0.8172435061676894, 'coverage_penalty': 0.0801587301587301, 'width_ratio': 0.7386259693327956}, {'fold': 2, 'horizon': 20, 'score': 0.8642810856698963, 'pinball_ratio': 0.9148048683358232, 'mae_ratio': 1.1901558495491833, 'brier_ratio': 1.0230541632338206, 'mdd_pinball_ratio': 0.8031266579713426, 'vol_mae_ratio': 0.7285717538580574, 'coverage_penalty': 0.0444444444444444, 'width_ratio': 0.5226864880763149}, {'fold': 2, 'horizon': 60, 'score': 0.684188993825216, 'pinball_ratio': 0.7245236464464041, 'mae_ratio': 1.0430400116244243, 'brier_ratio': 0.7627834011678982, 'mdd_pinball_ratio': 0.6144941303875269, 'vol_mae_ratio': 0.4956551693590843, 'coverage_penalty': 0.07222222222222219, 'width_ratio': 0.4312337866844413}, {'fold': 3, 'horizon': 5, 'score': 0.7065474776206312, 'pinball_ratio': 0.8132128737607666, 'mae_ratio': 0.9770000017238428, 'brier_ratio': 0.8655978874342034, 'mdd_pinball_ratio': 0.5840744546715091, 'vol_mae_ratio': 0.3604327112874555, 'coverage_penalty': 0.08412698412698405, 'width_ratio': 0.5329986737431763}, {'fold': 3, 'horizon': 20, 'score': 0.6997705349167638, 'pinball_ratio': 0.903662911298696, 'mae_ratio': 1.1346113875702941, 'brier_ratio': 0.7551023878828866, 'mdd_pinball_ratio': 0.37618235710103454, 'vol_mae_ratio': 0.2996846652839793, 'coverage_penalty': 0.011111111111111183, 'width_ratio': 0.4285950590970749}, {'fold': 3, 'horizon': 60, 'score': 0.7117932389350643, 'pinball_ratio': 0.9893395360256603, 'mae_ratio': 1.0976451036834418, 'brier_ratio': 0.5106589540110438, 'mdd_pinball_ratio': 0.31481909542045433, 'vol_mae_ratio': 0.5034061529676847, 'coverage_penalty': 0.1976190476190477, 'width_ratio': 0.4293993242913517}]",COMPLETE
41,0.8065354830994594,2026-07-22 17:08:17.800097,2026-07-22 17:09:58.052631,0 days 00:01:40.252534,96,0.1347449080254922,1.2792333530225548,1.0,128,0.05,0.02,0.15,0.35,0.2,64,0.0034876290176177644,10,3,4,0.000225174989112996,"[{'fold': 0, 'horizon': 5, 'score': 0.8990755556939002, 'pinball_ratio': 0.9863467559453888, 'mae_ratio': 1.0296329769121964, 'brier_ratio': 1.0088739282956143, 'mdd_pinball_ratio': 0.9247409760614881, 'vol_mae_ratio': 0.8445689610298639, 'coverage_penalty': 0.04841269841269835, 'width_ratio': 0.717374131024805}, {'fold': 0, 'horizon': 20, 'score': 0.9136484814793955, 'pinball_ratio': 1.0101965654495153, 'mae_ratio': 1.0828777378919299, 'brier_ratio': 0.9998723232765236, 'mdd_pinball_ratio': 0.908423450885122, 'vol_mae_ratio': 0.8955467377565286, 'coverage_penalty': 0.024603174603174627, 'width_ratio': 0.6708920255384622}, {'fold': 0, 'horizon': 60, 'score': 1.0678142645796656, 'pinball_ratio': 1.2235521728720222, 'mae_ratio': 1.459216747369335, 'brier_ratio': 1.167015883441113, 'mdd_pinball_ratio': 0.9907386566427685, 'vol_mae_ratio': 0.7588925489801245, 'coverage_penalty': 0.03492063492063491, 'width_ratio': 0.6230537204672861}, {'fold': 1, 'horizon': 5, 'score': 0.8636903489685354, 'pinball_ratio': 0.9387544832391594, 'mae_ratio': 0.997661514013147, 'brier_ratio': 0.9566483761754893, 'mdd_pinball_ratio': 0.8817867236118139, 'vol_mae_ratio': 0.902160560680274, 'coverage_penalty': 0.02063492063492056, 'width_ratio': 0.6017095750763423}, {'fold': 1, 'horizon': 20, 'score': 0.8068481463394885, 'pinball_ratio': 0.9036924460089428, 'mae_ratio': 0.958125533187465, 'brier_ratio': 0.8339038311038589, 'mdd_pinball_ratio': 0.8219695724643963, 'vol_mae_ratio': 0.784267044244714, 'coverage_penalty': 0.11428571428571432, 'width_ratio': 0.4009748432843065}, {'fold': 1, 'horizon': 60, 'score': 0.8722794777825591, 'pinball_ratio': 0.9372002117455697, 'mae_ratio': 1.1504558401832181, 'brier_ratio': 1.103014050748833, 'mdd_pinball_ratio': 0.768815766661489, 'vol_mae_ratio': 0.6982831377694634, 'coverage_penalty': 0.1777777777777778, 'width_ratio': 0.288126560372929}, {'fold': 2, 'horizon': 5, 'score': 0.9068932560402122, 'pinball_ratio': 1.0313895916009668, 'mae_ratio': 1.0990757609690365, 'brier_ratio': 1.0081859191775524, 'mdd_pinball_ratio': 0.8221461049168641, 'vol_mae_ratio': 0.7423732374095521, 'coverage_penalty': 0.08412698412698405, 'width_ratio': 0.8789839530170616}, {'fold': 2, 'horizon': 20, 'score': 0.8394335382860365, 'pinball_ratio': 0.9654117738906278, 'mae_ratio': 1.06032231490434, 'brier_ratio': 0.9876712323019394, 'mdd_pinball_ratio': 0.6817609080290278, 'vol_mae_ratio': 0.5715742688223778, 'coverage_penalty': 0.09999999999999998, 'width_ratio': 0.9306274085594323}, {'fold': 2, 'horizon': 60, 'score': 0.7152303315281935, 'pinball_ratio': 0.8471564081758991, 'mae_ratio': 0.8547483210599163, 'brier_ratio': 0.9765935982611919, 'mdd_pinball_ratio': 0.4848197403522837, 'vol_mae_ratio': 0.37377489814785475, 'coverage_penalty': 0.09999999999999998, 'width_ratio': 0.8974616633611522}, {'fold': 3, 'horizon': 5, 'score': 0.7055003362954683, 'pinball_ratio': 0.7702753869808668, 'mae_ratio': 0.953937331773955, 'brier_ratio': 0.8830484049106804, 'mdd_pinball_ratio': 0.6560771793091267, 'vol_mae_ratio': 0.4203861569391673, 'coverage_penalty': 0.06428571428571428, 'width_ratio': 0.5135299253061305}, {'fold': 3, 'horizon': 20, 'score': 0.5870466143016139, 'pinball_ratio': 0.6804624341309601, 'mae_ratio': 0.8475510045942056, 'brier_ratio': 0.6929110616995309, 'mdd_pinball_ratio': 0.44675055718497675, 'vol_mae_ratio': 0.3745706916418416, 'coverage_penalty': 0.0087301587301587, 'width_ratio': 0.4244896186225233}, {'fold': 3, 'horizon': 60, 'score': 0.522253669412769, 'pinball_ratio': 0.646022883808491, 'mae_ratio': 0.7038685642059697, 'brier_ratio': 0.4406450824986507, 'mdd_pinball_ratio': 0.3965237212988569, 'vol_mae_ratio': 0.5131365238308143, 'coverage_penalty': 0.0031746031746031633, 'width_ratio': 0.4484726757990637}]",COMPLETE
42,0.8482589720515588,2026-07-22 17:09:58.064120,2026-07-22 17:11:27.050378,0 days 00:01:28.986258,96,0.10768814284635926,1.2031202454569283,1.0,128,0.05,0.02,0.15,0.35,0.2,96,0.00283410005537538,10,3,4,8.981469418034609e-05,"[{'fold': 0, 'horizon': 5, 'score': 0.9418776432453239, 'pinball_ratio': 1.0344892956167862, 'mae_ratio': 1.067338494332886, 'brier_ratio': 1.0041486772851362, 'mdd_pinball_ratio': 0.9905789565815512, 'vol_mae_ratio': 0.8302114727831593, 'coverage_penalty': 0.09999999999999998, 'width_ratio': 1.0158441090398904}, {'fold': 0, 'horizon': 20, 'score': 0.9373112706874911, 'pinball_ratio': 1.0342484673661865, 'mae_ratio': 1.0302099521393957, 'brier_ratio': 0.9779789127597809, 'mdd_pinball_ratio': 1.0280191593153396, 'vol_mae_ratio': 0.837884611337984, 'coverage_penalty': 0.09206349206349207, 'width_ratio': 0.9886732632968513}, {'fold': 0, 'horizon': 60, 'score': 1.0414905392157898, 'pinball_ratio': 1.1441060619864774, 'mae_ratio': 1.2598190425448403, 'brier_ratio': 1.0417649720452287, 'mdd_pinball_ratio': 1.1132760570975175, 'vol_mae_ratio': 0.9207422274018212, 'coverage_penalty': 0.09999999999999998, 'width_ratio': 0.9916728009067595}, {'fold': 1, 'horizon': 5, 'score': 0.8531463816727431, 'pinball_ratio': 0.9176461228971898, 'mae_ratio': 0.9667060452637928, 'brier_ratio': 0.9649565645446475, 'mdd_pinball_ratio': 0.8788010311924265, 'vol_mae_ratio': 0.9027043712364693, 'coverage_penalty': 0.016666666666666607, 'width_ratio': 0.6321196239427725}, {'fold': 1, 'horizon': 20, 'score': 0.8236299159562536, 'pinball_ratio': 0.9046831942687826, 'mae_ratio': 0.9560419752307844, 'brier_ratio': 0.9318733536086108, 'mdd_pinball_ratio': 0.8817017242766085, 'vol_mae_ratio': 0.7416213433483079, 'coverage_penalty': 0.011111111111111183, 'width_ratio': 0.5536109294056875}, {'fold': 1, 'horizon': 60, 'score': 0.9657226247971789, 'pinball_ratio': 0.9972515125390318, 'mae_ratio': 1.4519365342771964, 'brier_ratio': 1.1752243798249236, 'mdd_pinball_ratio': 0.9807068273055463, 'vol_mae_ratio': 0.6046509894687525, 'coverage_penalty': 0.012698412698412653, 'width_ratio': 0.471681545386789}, {'fold': 2, 'horizon': 5, 'score': 0.8947405467587829, 'pinball_ratio': 0.9799492302198006, 'mae_ratio': 1.1067215764694303, 'brier_ratio': 1.033588011199563, 'mdd_pinball_ratio': 0.8911418547428196, 'vol_mae_ratio': 0.7294223858180559, 'coverage_penalty': 0.05634920634920637, 'width_ratio': 0.6717972264610266}, {'fold': 2, 'horizon': 20, 'score': 0.8799993528244443, 'pinball_ratio': 0.95799254957206, 'mae_ratio': 1.3136903246030176, 'brier_ratio': 1.0102271940510164, 'mdd_pinball_ratio': 0.7480018907683242, 'vol_mae_ratio': 0.6365121289985646, 'coverage_penalty': 0.060317460317460325, 'width_ratio': 0.5346871312930342}, {'fold': 2, 'horizon': 60, 'score': 0.822758164317279, 'pinball_ratio': 0.9413718891084173, 'mae_ratio': 1.4978205819548853, 'brier_ratio': 0.8420362193371703, 'mdd_pinball_ratio': 0.5403146609444017, 'vol_mae_ratio': 0.45997710792689955, 'coverage_penalty': 0.0444444444444444, 'width_ratio': 0.4047820630021114}, {'fold': 3, 'horizon': 5, 'score': 0.7628795498068127, 'pinball_ratio': 0.8707916314629981, 'mae_ratio': 1.064741338794158, 'brier_ratio': 0.8955854456982688, 'mdd_pinball_ratio': 0.6733401788419802, 'vol_mae_ratio': 0.4105570234344622, 'coverage_penalty': 0.07619047619047614, 'width_ratio': 0.5554466205940929}, {'fold': 3, 'horizon': 20, 'score': 0.6795268493721769, 'pinball_ratio': 0.8137418602082656, 'mae_ratio': 1.0108696903918548, 'brier_ratio': 0.7770911379744683, 'mdd_pinball_ratio': 0.48402793031327856, 'vol_mae_ratio': 0.38948848022704835, 'coverage_penalty': 0.0087301587301587, 'width_ratio': 0.4786308454509269}, {'fold': 3, 'horizon': 60, 'score': 0.5845402878612043, 'pinball_ratio': 0.7286762203075815, 'mae_ratio': 0.7872756952438628, 'brier_ratio': 0.553792787213643, 'mdd_pinball_ratio': 0.4104745115979485, 'vol_mae_ratio': 0.5030369630858923, 'coverage_penalty': 0.024603174603174627, 'width_ratio': 0.49154143714737686}]",COMPLETE
43,0.7950576099504132,2026-07-22 17:11:27.061968,2026-07-22 17:13:07.352183,0 days 00:01:40.290215,96,0.0911424549526178,1.1116508090072086,1.0,128,0.08,0.02,0.15,0.35,0.2,64,0.0037607341682249504,10,3,4,0.0019486923296121305,"[{'fold': 0, 'horizon': 5, 'score': 0.8937423464369271, 'pinball_ratio': 0.9741923268440235, 'mae_ratio': 1.0087776068937035, 'brier_ratio': 1.0043494927586178, 'mdd_pinball_ratio': 0.9219111651660123, 'vol_mae_ratio': 0.8682907597988638, 'coverage_penalty': 0.04841269841269835, 'width_ratio': 0.743377581666454}, {'fold': 0, 'horizon': 20, 'score': 0.8894058419501357, 'pinball_ratio': 0.9870636474979196, 'mae_ratio': 1.0316592008036936, 'brier_ratio': 0.9787289130372425, 'mdd_pinball_ratio': 0.8823817628713329, 'vol_mae_ratio': 0.8858275933453406, 'coverage_penalty': 0.012698412698412653, 'width_ratio': 0.6848811865200154}, {'fold': 0, 'horizon': 60, 'score': 0.9655907512652544, 'pinball_ratio': 1.0897977315575929, 'mae_ratio': 1.256415050045682, 'brier_ratio': 1.1207557557483334, 'mdd_pinball_ratio': 0.9137103492688986, 'vol_mae_ratio': 0.6966051431684566, 'coverage_penalty': 0.023015873015873045, 'width_ratio': 0.6419248844234341}, {'fold': 1, 'horizon': 5, 'score': 0.8934840186073648, 'pinball_ratio': 0.9530809411920032, 'mae_ratio': 1.0141784309573063, 'brier_ratio': 1.0020908930310133, 'mdd_pinball_ratio': 0.9197308934934151, 'vol_mae_ratio': 1.0041191542246484, 'coverage_penalty': 0.023015873015873045, 'width_ratio': 0.5827543344775853}, {'fold': 1, 'horizon': 20, 'score': 0.8681980566962655, 'pinball_ratio': 0.9325404231259551, 'mae_ratio': 1.0347743611748528, 'brier_ratio': 0.9800475618361018, 'mdd_pinball_ratio': 0.9224704062065018, 'vol_mae_ratio': 0.8313002134994764, 'coverage_penalty': 0.02063492063492056, 'width_ratio': 0.5546864475056921}, {'fold': 1, 'horizon': 60, 'score': 0.836098621908369, 'pinball_ratio': 0.8079280351178542, 'mae_ratio': 1.0398476003378176, 'brier_ratio': 1.1006780635466011, 'mdd_pinball_ratio': 0.9625548431334766, 'vol_mae_ratio': 0.6459575983408596, 'coverage_penalty': 0.09206349206349207, 'width_ratio': 0.5607176428635128}, {'fold': 2, 'horizon': 5, 'score': 0.8348504259500827, 'pinball_ratio': 0.9116306016830776, 'mae_ratio': 1.0424680097028378, 'brier_ratio': 0.9437514505786306, 'mdd_pinball_ratio': 0.8107964861044062, 'vol_mae_ratio': 0.73751326482358, 'coverage_penalty': 0.05634920634920637, 'width_ratio': 0.6177184158774013}, {'fold': 2, 'horizon': 20, 'score': 0.8136188725314482, 'pinball_ratio': 0.8938763413254562, 'mae_ratio': 1.2011482500210302, 'brier_ratio': 0.8936134831742579, 'mdd_pinball_ratio': 0.6737470084312264, 'vol_mae_ratio': 0.6641491036074723, 'coverage_penalty': 0.06825396825396823, 'width_ratio': 0.47643845616787944}, {'fold': 2, 'horizon': 60, 'score': 0.6941131026813127, 'pinball_ratio': 0.771624217754786, 'mae_ratio': 1.1864654556883965, 'brier_ratio': 0.6531529959495518, 'mdd_pinball_ratio': 0.6093880243358885, 'vol_mae_ratio': 0.41966563608861235, 'coverage_penalty': 0.0444444444444444, 'width_ratio': 0.38719934503632913}, {'fold': 3, 'horizon': 5, 'score': 0.7030672971828021, 'pinball_ratio': 0.7580174404950313, 'mae_ratio': 0.9136665609536386, 'brier_ratio': 0.9333793722775764, 'mdd_pinball_ratio': 0.659758863193394, 'vol_mae_ratio': 0.40164921142436016, 'coverage_penalty': 0.08412698412698405, 'width_ratio': 0.5228887838175036}, {'fold': 3, 'horizon': 20, 'score': 0.6067578198547056, 'pinball_ratio': 0.6733020696350736, 'mae_ratio': 0.8452153152033852, 'brier_ratio': 0.8214761278723588, 'mdd_pinball_ratio': 0.4665846884553884, 'vol_mae_ratio': 0.3474139032433077, 'coverage_penalty': 0.032539682539682535, 'width_ratio': 0.46971692168837886}, {'fold': 3, 'horizon': 60, 'score': 0.562466114108222, 'pinball_ratio': 0.6573756756100839, 'mae_ratio': 0.7321174933928998, 'brier_ratio': 0.6095819528859275, 'mdd_pinball_ratio': 0.4380428057440715, 'vol_mae_ratio': 0.49384750116145776, 'coverage_penalty': 0.024603174603174627, 'width_ratio': 0.4772105834296624}]",COMPLETE
44,0.8182435710286224,2026-07-22 17:13:07.363627,2026-07-22 17:14:38.391810,0 days 00:01:31.028183,96,0.046034881293769384,0.9978084361136437,1.0,96,0.05,0.01,0.15,0.35,0.2,64,0.0024178012753605462,21,3,4,0.0003958800048598538,"[{'fold': 0, 'horizon': 5, 'score': 0.8788453685046461, 'pinball_ratio': 0.9670500801985723, 'mae_ratio': 1.0309435663152897, 'brier_ratio': 0.9971433160152042, 'mdd_pinball_ratio': 0.937204517068894, 'vol_mae_ratio': 0.7801768388388538, 'coverage_penalty': 0.0071428571428571175, 'width_ratio': 0.5688815547117423}, {'fold': 0, 'horizon': 20, 'score': 0.8736776215108589, 'pinball_ratio': 0.9591852557562958, 'mae_ratio': 1.06184521196912, 'brier_ratio': 0.9989331461767751, 'mdd_pinball_ratio': 0.9048825982635988, 'vol_mae_ratio': 0.7155234166747018, 'coverage_penalty': 0.1261904761904762, 'width_ratio': 0.4242654511309264}, {'fold': 0, 'horizon': 60, 'score': 0.9519459260055965, 'pinball_ratio': 1.0217760666699418, 'mae_ratio': 1.2370924068772753, 'brier_ratio': 1.1052652669095242, 'mdd_pinball_ratio': 1.0088229652332712, 'vol_mae_ratio': 0.6825730018097609, 'coverage_penalty': 0.20158730158730165, 'width_ratio': 0.30929318420063506}, {'fold': 1, 'horizon': 5, 'score': 0.8735164192365397, 'pinball_ratio': 0.9480712506851451, 'mae_ratio': 1.0001425363714014, 'brier_ratio': 1.0004205881262016, 'mdd_pinball_ratio': 0.8939738856032624, 'vol_mae_ratio': 0.8892316137143115, 'coverage_penalty': 0.03492063492063491, 'width_ratio': 0.5381108055244493}, {'fold': 1, 'horizon': 20, 'score': 0.8594694662943776, 'pinball_ratio': 0.9519576504057764, 'mae_ratio': 0.9904049979699091, 'brier_ratio': 0.9670580589357676, 'mdd_pinball_ratio': 0.9572417346804449, 'vol_mae_ratio': 0.6848881468091438, 'coverage_penalty': 0.08253968253968258, 'width_ratio': 0.49373258185818186}, {'fold': 1, 'horizon': 60, 'score': 0.9039954836035232, 'pinball_ratio': 0.9460623298688626, 'mae_ratio': 1.2236517405460121, 'brier_ratio': 1.1716855571831142, 'mdd_pinball_ratio': 0.9633550267094876, 'vol_mae_ratio': 0.5132639122478259, 'coverage_penalty': 0.02857142857142858, 'width_ratio': 0.5247809419615563}, {'fold': 2, 'horizon': 5, 'score': 0.8698091984128375, 'pinball_ratio': 0.898365858106895, 'mae_ratio': 0.9913420714899247, 'brier_ratio': 0.9690952773052544, 'mdd_pinball_ratio': 0.8949678464358783, 'vol_mae_ratio': 1.034664556500395, 'coverage_penalty': 0.06428571428571428, 'width_ratio': 0.6367971046908758}, {'fold': 2, 'horizon': 20, 'score': 0.8374653542503545, 'pinball_ratio': 0.8497465690959279, 'mae_ratio': 1.0911687996729174, 'brier_ratio': 0.9863013159722512, 'mdd_pinball_ratio': 0.7825091795151127, 'vol_mae_ratio': 0.9863755641980374, 'coverage_penalty': 0.012698412698412653, 'width_ratio': 0.3843571828014925}, {'fold': 2, 'horizon': 60, 'score': 0.7398081304740974, 'pinball_ratio': 0.7123629657322639, 'mae_ratio': 1.029140966743946, 'brier_ratio': 0.9152115448666847, 'mdd_pinball_ratio': 0.8229686591847312, 'vol_mae_ratio': 0.6717892750659405, 'coverage_penalty': 0.0071428571428571175, 'width_ratio': 0.2567996447302273}, {'fold': 3, 'horizon': 5, 'score': 0.7658650254655632, 'pinball_ratio': 0.7597439241089141, 'mae_ratio': 0.9287410984115472, 'brier_ratio': 0.9321814252921106, 'mdd_pinball_ratio': 0.8450465317018115, 'vol_mae_ratio': 0.7446946126062379, 'coverage_penalty': 0.06428571428571428, 'width_ratio': 0.5029944151999717}, {'fold': 3, 'horizon': 20, 'score': 0.6624640199113628, 'pinball_ratio': 0.6744436782144108, 'mae_ratio': 0.8283223282661292, 'brier_ratio': 0.7749161666421943, 'mdd_pinball_ratio': 0.6582637448276936, 'vol_mae_ratio': 0.7187637952395856, 'coverage_penalty': 0.024603174603174627, 'width_ratio': 0.45282649432452754}, {'fold': 3, 'horizon': 60, 'score': 0.6184982283172957, 'pinball_ratio': 0.65459892541482, 'mae_ratio': 0.7028242701893815, 'brier_ratio': 0.6490557280300537, 'mdd_pinball_ratio': 0.6469092375354454, 'vol_mae_ratio': 0.7361378193777047, 'coverage_penalty': 0.04285714285714293, 'width_ratio': 0.4318812373702069}]",COMPLETE
