number,value,datetime_start,datetime_complete,duration,params_batch_size,params_dropout,params_gate_temperature,params_gradient_clip,params_hidden_dim,params_lambda_aux,params_lambda_balance,params_lambda_direction,params_lambda_mdd,params_lambda_volatility,params_latent_dim,params_learning_rate,params_long_pool,params_medium_pool,params_n_blocks,params_weight_decay,user_attrs_fold_metrics,state
5,0.8673062896411484,2026-07-22 15:59:42.152580,2026-07-22 16:05:28.893310,0 days 00:05:46.740730,32,0.11556894139219498,0.6694927466860925,2.0,48,0.05,0.002,0.25,0.35,0.2,48,9.530990459276997e-05,21,5,4,2.0923036060294642e-05,"[{'fold': 0, 'horizon': 5, 'score': 0.9256374791107727, 'pinball_ratio': 1.0130395005526733, 'mae_ratio': 1.089305910126476, 'brier_ratio': 1.001857511615208, 'mdd_pinball_ratio': 1.0321869714414542, 'vol_mae_ratio': 0.8388859213930425, 'coverage_penalty': 0.0031746031746031633, 'width_ratio': 0.6153426859446604}, {'fold': 0, 'horizon': 20, 'score': 0.9402345377634737, 'pinball_ratio': 1.0626178411283846, 'mae_ratio': 1.0998777998820826, 'brier_ratio': 0.965562713090852, 'mdd_pinball_ratio': 0.9067434959937182, 'vol_mae_ratio': 0.8785768084470074, 'coverage_penalty': 0.08412698412698405, 'width_ratio': 0.9581374096650511}, {'fold': 0, 'horizon': 60, 'score': 0.9672260502779899, 'pinball_ratio': 1.1075627334487013, 'mae_ratio': 1.3100860135071901, 'brier_ratio': 1.094504690474589, 'mdd_pinball_ratio': 0.829404513313364, 'vol_mae_ratio': 0.7304743141576217, 'coverage_penalty': 0.02063492063492056, 'width_ratio': 0.6662645038822124}, {'fold': 1, 'horizon': 5, 'score': 0.9961732974021924, 'pinball_ratio': 1.144713056672429, 'mae_ratio': 1.1793930751471267, 'brier_ratio': 1.1068378026198111, 'mdd_pinball_ratio': 0.9284619884345019, 'vol_mae_ratio': 0.8965167352764077, 'coverage_penalty': 0.11428571428571432, 'width_ratio': 0.5222708036328481}, {'fold': 1, 'horizon': 20, 'score': 0.9004419606439753, 'pinball_ratio': 1.0181683186813375, 'mae_ratio': 1.0680804994069257, 'brier_ratio': 0.9987003164072654, 'mdd_pinball_ratio': 0.8677345653793261, 'vol_mae_ratio': 0.8023056103278344, 'coverage_penalty': 0.15396825396825398, 'width_ratio': 0.42991343719727737}, {'fold': 1, 'horizon': 60, 'score': 0.8797881969762846, 'pinball_ratio': 0.8985190459153906, 'mae_ratio': 1.1698055139609729, 'brier_ratio': 0.9447664031815837, 'mdd_pinball_ratio': 1.0041336263497638, 'vol_mae_ratio': 0.8249652210078263, 'coverage_penalty': 0.030952380952380953, 'width_ratio': 0.42791702048669034}, {'fold': 2, 'horizon': 5, 'score': 0.9309698249193309, 'pinball_ratio': 0.9993211486409662, 'mae_ratio': 1.14296296605902, 'brier_ratio': 1.0437445716942535, 'mdd_pinball_ratio': 0.8816324324676834, 'vol_mae_ratio': 1.039932860326175, 'coverage_penalty': 0.0087301587301587, 'width_ratio': 0.5450676739373517}, {'fold': 2, 'horizon': 20, 'score': 0.8816306009243025, 'pinball_ratio': 0.9518107765681619, 'mae_ratio': 1.2182442821795372, 'brier_ratio': 0.909786240539497, 'mdd_pinball_ratio': 0.670939138607863, 'vol_mae_ratio': 1.0677972881466693, 'coverage_penalty': 0.06825396825396823, 'width_ratio': 0.5697957777988836}, {'fold': 2, 'horizon': 60, 'score': 0.7106081036913878, 'pinball_ratio': 0.7730862031481889, 'mae_ratio': 0.985554707089308, 'brier_ratio': 0.6504632921972422, 'mdd_pinball_ratio': 0.5871720177951772, 'vol_mae_ratio': 0.8365822728698485, 'coverage_penalty': 0.08809523809523812, 'width_ratio': 0.5574845357870348}, {'fold': 3, 'horizon': 5, 'score': 0.8043731120364633, 'pinball_ratio': 0.8829160528956139, 'mae_ratio': 1.0898638560962866, 'brier_ratio': 0.8700539362762993, 'mdd_pinball_ratio': 0.8134638752566924, 'vol_mae_ratio': 0.617359852278001, 'coverage_penalty': 0.03650793650793649, 'width_ratio': 0.501790086508368}, {'fold': 3, 'horizon': 20, 'score': 0.7610222489446584, 'pinball_ratio': 0.9274923397334389, 'mae_ratio': 1.1237324502717208, 'brier_ratio': 0.735385522694026, 'mdd_pinball_ratio': 0.5567881753169323, 'vol_mae_ratio': 0.49381895436954615, 'coverage_penalty': 0.06428571428571428, 'width_ratio': 0.6710704119532815}, {'fold': 3, 'horizon': 60, 'score': 0.7364169994178286, 'pinball_ratio': 0.8929073353550142, 'mae_ratio': 1.0100335978772157, 'brier_ratio': 0.7767363759615818, 'mdd_pinball_ratio': 0.4667145856763783, 'vol_mae_ratio': 0.5883088753800201, 'coverage_penalty': 0.07619047619047614, 'width_ratio': 0.7237509081653957}]",COMPLETE
6,0.8700125666353526,2026-07-22 16:05:28.904417,2026-07-22 16:07:57.539868,0 days 00:02:28.635451,48,0.17346575052339996,1.0406351216101064,2.0,128,0.08,0.005,0.25,0.35,0.15,64,0.0003774964273091519,20,7,2,2.2452191226675484e-07,"[{'fold': 0, 'horizon': 5, 'score': 0.9399896759094217, 'pinball_ratio': 1.0067545942725589, 'mae_ratio': 1.0464578223161172, 'brier_ratio': 1.0671663177472097, 'mdd_pinball_ratio': 1.0015061977677215, 'vol_mae_ratio': 0.9879413083709385, 'coverage_penalty': 0.07857142857142863, 'width_ratio': 0.5353962134091705}, {'fold': 0, 'horizon': 20, 'score': 0.9019205025015636, 'pinball_ratio': 1.0027520524790132, 'mae_ratio': 1.077746808658701, 'brier_ratio': 1.0172636113295943, 'mdd_pinball_ratio': 0.8587336604452078, 'vol_mae_ratio': 0.8762651708509659, 'coverage_penalty': 0.08253968253968258, 'width_ratio': 0.4830459068669747}, {'fold': 0, 'horizon': 60, 'score': 0.9233447142631609, 'pinball_ratio': 1.0280186867453975, 'mae_ratio': 1.255953416185131, 'brier_ratio': 1.0468412166346655, 'mdd_pinball_ratio': 0.8124956730131517, 'vol_mae_ratio': 0.8107803312341756, 'coverage_penalty': 0.016666666666666607, 'width_ratio': 0.46666427457484594}, {'fold': 1, 'horizon': 5, 'score': 0.8733182192147565, 'pinball_ratio': 0.9819045696393817, 'mae_ratio': 1.026383398754216, 'brier_ratio': 0.9854275213122765, 'mdd_pinball_ratio': 0.8694750459163136, 'vol_mae_ratio': 0.7788232353062199, 'coverage_penalty': 0.05476190476190479, 'width_ratio': 0.5247689359865557}, {'fold': 1, 'horizon': 20, 'score': 0.8006683382870805, 'pinball_ratio': 0.8661841608234548, 'mae_ratio': 0.9316342988323971, 'brier_ratio': 0.8695751791923632, 'mdd_pinball_ratio': 0.9323601792552069, 'vol_mae_ratio': 0.6610822435555905, 'coverage_penalty': 0.11428571428571432, 'width_ratio': 0.44534030171057143}, {'fold': 1, 'horizon': 60, 'score': 0.8341678657020286, 'pinball_ratio': 0.7972378384461455, 'mae_ratio': 1.0322189476144872, 'brier_ratio': 1.110801441631223, 'mdd_pinball_ratio': 1.1046443911001715, 'vol_mae_ratio': 0.5577313034183141, 'coverage_penalty': 0.004761904761904745, 'width_ratio': 0.3959480506276907}, {'fold': 2, 'horizon': 5, 'score': 0.9124609344647646, 'pinball_ratio': 0.9616183262588966, 'mae_ratio': 1.0605954647479607, 'brier_ratio': 1.0299071863043299, 'mdd_pinball_ratio': 0.9585470991165905, 'vol_mae_ratio': 1.0236367908425696, 'coverage_penalty': 0.0031746031746031633, 'width_ratio': 0.5317052147446447}, {'fold': 2, 'horizon': 20, 'score': 1.0350571059613636, 'pinball_ratio': 1.05823589907312, 'mae_ratio': 1.353918276182406, 'brier_ratio': 1.2275997155891065, 'mdd_pinball_ratio': 0.9547947634328273, 'vol_mae_ratio': 1.1139557667594528, 'coverage_penalty': 0.18174603174603177, 'width_ratio': 0.3369943035650972}, {'fold': 2, 'horizon': 60, 'score': 1.23610653875089, 'pinball_ratio': 1.259525124556573, 'mae_ratio': 1.8786221264452194, 'brier_ratio': 1.5333128377057017, 'mdd_pinball_ratio': 1.1367528216269436, 'vol_mae_ratio': 0.850451579461739, 'coverage_penalty': 0.2611111111111112, 'width_ratio': 0.32155471884860093}, {'fold': 3, 'horizon': 5, 'score': 0.7949546691428077, 'pinball_ratio': 0.913766146243633, 'mae_ratio': 1.263878665227567, 'brier_ratio': 0.8269309432503178, 'mdd_pinball_ratio': 0.6788142585948291, 'vol_mae_ratio': 0.40810316767149435, 'coverage_penalty': 0.060317460317460325, 'width_ratio': 0.488679963575243}, {'fold': 3, 'horizon': 20, 'score': 0.6620808951586461, 'pinball_ratio': 0.7629948059302633, 'mae_ratio': 1.03600351716264, 'brier_ratio': 0.6611216995898199, 'mdd_pinball_ratio': 0.4763019751082968, 'vol_mae_ratio': 0.48163418832228855, 'coverage_penalty': 0.0801587301587301, 'width_ratio': 0.508136812020015}, {'fold': 3, 'horizon': 60, 'score': 0.5318918020092234, 'pinball_ratio': 0.6351829680459897, 'mae_ratio': 0.7569419639062183, 'brier_ratio': 0.3183682428041837, 'mdd_pinball_ratio': 0.493662082949793, 'vol_mae_ratio': 0.5537447595246959, 'coverage_penalty': 0.06428571428571428, 'width_ratio': 0.4785814597209374}]",COMPLETE
7,0.8155853511178545,2026-07-22 16:07:57.550869,2026-07-22 16:08:55.142502,0 days 00:00:57.591633,128,0.19898217724284384,1.0031362585800876,1.0,32,0.05,0.02,0.15,0.45,0.2,96,0.0037969116105554873,15,3,2,3.77109673825625e-05,"[{'fold': 0, 'horizon': 5, 'score': 0.9361141233222684, 'pinball_ratio': 1.0308168512315872, 'mae_ratio': 1.0356971144743892, 'brier_ratio': 1.054755930360279, 'mdd_pinball_ratio': 1.0186069137850577, 'vol_mae_ratio': 0.8703991434373359, 'coverage_penalty': 0.10238095238095235, 'width_ratio': 0.49208835292845865}, {'fold': 0, 'horizon': 20, 'score': 0.9412350421720702, 'pinball_ratio': 1.0499358686830895, 'mae_ratio': 1.0598795071665732, 'brier_ratio': 1.1040711047159057, 'mdd_pinball_ratio': 0.9155007161997595, 'vol_mae_ratio': 0.8248169113704418, 'coverage_penalty': 0.24523809523809526, 'width_ratio': 0.4063810372314121}, {'fold': 0, 'horizon': 60, 'score': 0.9826782070187411, 'pinball_ratio': 1.103394972021902, 'mae_ratio': 1.2875164482502568, 'brier_ratio': 1.172858776701569, 'mdd_pinball_ratio': 0.9336910683604541, 'vol_mae_ratio': 0.6961656921617272, 'coverage_penalty': 0.04285714285714293, 'width_ratio': 0.49211511993535834}, {'fold': 1, 'horizon': 5, 'score': 0.8649743873801673, 'pinball_ratio': 0.9266177975418757, 'mae_ratio': 0.9871134746552849, 'brier_ratio': 0.9917683344855633, 'mdd_pinball_ratio': 0.8816190991073175, 'vol_mae_ratio': 0.9258671052417867, 'coverage_penalty': 0.04682539682539688, 'width_ratio': 0.5239511233776479}, {'fold': 1, 'horizon': 20, 'score': 0.7629102410724032, 'pinball_ratio': 0.8269814537099263, 'mae_ratio': 0.8792883537178917, 'brier_ratio': 0.8625765374763616, 'mdd_pinball_ratio': 0.7930995183331266, 'vol_mae_ratio': 0.741419654981982, 'coverage_penalty': 0.11428571428571432, 'width_ratio': 0.36933684488745666}, {'fold': 1, 'horizon': 60, 'score': 0.9213037237774186, 'pinball_ratio': 1.016059911238908, 'mae_ratio': 1.396830805676603, 'brier_ratio': 0.945201167646745, 'mdd_pinball_ratio': 0.9053050078349779, 'vol_mae_ratio': 0.609061195375972, 'coverage_penalty': 0.11428571428571432, 'width_ratio': 0.3225362710818315}, {'fold': 2, 'horizon': 5, 'score': 0.8291523246104492, 'pinball_ratio': 0.8790844406164676, 'mae_ratio': 0.9602592841731034, 'brier_ratio': 0.9414684058261099, 'mdd_pinball_ratio': 0.8687458823370394, 'vol_mae_ratio': 0.8373288466698343, 'coverage_penalty': 0.05634920634920637, 'width_ratio': 0.6074801810939935}, {'fold': 2, 'horizon': 20, 'score': 0.7482462565345883, 'pinball_ratio': 0.686642230548987, 'mae_ratio': 0.8885572589497526, 'brier_ratio': 1.0036566074431097, 'mdd_pinball_ratio': 0.8003090025230697, 'vol_mae_ratio': 0.8797006355351731, 'coverage_penalty': 0.06428571428571428, 'width_ratio': 0.38576606505119754}, {'fold': 2, 'horizon': 60, 'score': 0.6126597221201778, 'pinball_ratio': 0.48122349501319633, 'mae_ratio': 0.6495842057768805, 'brier_ratio': 1.148718126542822, 'mdd_pinball_ratio': 0.683718528130229, 'vol_mae_ratio': 0.557210960489814, 'coverage_penalty': 0.09999999999999998, 'width_ratio': 0.3069091249695999}, {'fold': 3, 'horizon': 5, 'score': 0.7102937924270527, 'pinball_ratio': 0.7685082175306778, 'mae_ratio': 0.9504893284277228, 'brier_ratio': 0.8556096200820814, 'mdd_pinball_ratio': 0.6597577320024701, 'vol_mae_ratio': 0.5526876593994486, 'coverage_penalty': 0.0444444444444444, 'width_ratio': 0.43525123878061744}, {'fold': 3, 'horizon': 20, 'score': 0.7343402591718826, 'pinball_ratio': 0.8693645717637375, 'mae_ratio': 1.087986230330251, 'brier_ratio': 0.7474425677515012, 'mdd_pinball_ratio': 0.531346162306489, 'vol_mae_ratio': 0.6117521687963047, 'coverage_penalty': 0.03888888888888886, 'width_ratio': 0.37163252981618966}, {'fold': 3, 'horizon': 60, 'score': 0.7542865942739637, 'pinball_ratio': 0.9359325217635741, 'mae_ratio': 1.0639350285311469, 'brier_ratio': 0.6171904121676772, 'mdd_pinball_ratio': 0.5400390417285611, 'vol_mae_ratio': 0.670697666189728, 'coverage_penalty': 0.19365079365079363, 'width_ratio': 0.43034057060255787}]",COMPLETE
8,0.831945033803396,2026-07-22 16:08:55.155920,2026-07-22 16:10:14.015270,0 days 00:01:18.859350,128,0.14582838739125498,1.2508710677914974,1.0,48,0.08,0.02,0.35,0.35,0.15,32,0.00030017419996098294,21,7,3,1.118205128583002e-07,"[{'fold': 0, 'horizon': 5, 'score': 0.8937611263743092, 'pinball_ratio': 0.9705293055023977, 'mae_ratio': 1.017280705519414, 'brier_ratio': 0.9998870813430538, 'mdd_pinball_ratio': 0.9809431286709283, 'vol_mae_ratio': 0.8553783688467673, 'coverage_penalty': 0.023015873015873045, 'width_ratio': 0.5736761374224243}, {'fold': 0, 'horizon': 20, 'score': 0.8165884599505459, 'pinball_ratio': 0.8762080597896627, 'mae_ratio': 0.8875701900374472, 'brier_ratio': 0.9815629519841423, 'mdd_pinball_ratio': 0.8863563531726402, 'vol_mae_ratio': 0.7848016554736014, 'coverage_penalty': 0.03492063492063491, 'width_ratio': 0.522253491774166}, {'fold': 0, 'horizon': 60, 'score': 0.9260597614308189, 'pinball_ratio': 0.9775656285808016, 'mae_ratio': 1.1811903383153215, 'brier_ratio': 1.0701253866617233, 'mdd_pinball_ratio': 0.9938352247648906, 'vol_mae_ratio': 0.7977067344943448, 'coverage_penalty': 0.04682539682539688, 'width_ratio': 0.4696899246345228}, {'fold': 1, 'horizon': 5, 'score': 0.9078650534486309, 'pinball_ratio': 0.9745047198392185, 'mae_ratio': 1.0104433144148057, 'brier_ratio': 1.0394233692247312, 'mdd_pinball_ratio': 1.0110217072926828, 'vol_mae_ratio': 0.8772065545183731, 'coverage_penalty': 0.06666666666666665, 'width_ratio': 0.5089273582189092}, {'fold': 1, 'horizon': 20, 'score': 0.7781768043569569, 'pinball_ratio': 0.8364349865305792, 'mae_ratio': 0.9065217144595348, 'brier_ratio': 0.8034439660953643, 'mdd_pinball_ratio': 0.8855105459790659, 'vol_mae_ratio': 0.8106878411328778, 'coverage_penalty': 0.0087301587301587, 'width_ratio': 0.48077432889201477}, {'fold': 1, 'horizon': 60, 'score': 0.8561844207483466, 'pinball_ratio': 0.8334593532158269, 'mae_ratio': 1.1214562244735118, 'brier_ratio': 1.0068970143611002, 'mdd_pinball_ratio': 1.0116785217624789, 'vol_mae_ratio': 0.8023669476765902, 'coverage_penalty': 0.030952380952380953, 'width_ratio': 0.3688507199639265}, {'fold': 2, 'horizon': 5, 'score': 0.9982385647916079, 'pinball_ratio': 1.0513372785035702, 'mae_ratio': 1.2558846595261435, 'brier_ratio': 1.0652203679992946, 'mdd_pinball_ratio': 0.8875111369012936, 'vol_mae_ratio': 1.2865259878235502, 'coverage_penalty': 0.032539682539682535, 'width_ratio': 0.6015905363738552}, {'fold': 2, 'horizon': 20, 'score': 0.8051398744797856, 'pinball_ratio': 0.8913710900014339, 'mae_ratio': 1.136832576245328, 'brier_ratio': 0.9108308377500609, 'mdd_pinball_ratio': 0.690361066813732, 'vol_mae_ratio': 0.6047428078487211, 'coverage_penalty': 0.06825396825396823, 'width_ratio': 0.5734754098421946}, {'fold': 2, 'horizon': 60, 'score': 0.7631022061585471, 'pinball_ratio': 0.8224540031888803, 'mae_ratio': 1.0458153588524788, 'brier_ratio': 1.0924421383200593, 'mdd_pinball_ratio': 0.5611475975233395, 'vol_mae_ratio': 0.4395902763153207, 'coverage_penalty': 0.09999999999999998, 'width_ratio': 0.6457837735508458}, {'fold': 3, 'horizon': 5, 'score': 0.8782851215048549, 'pinball_ratio': 1.0715905709323417, 'mae_ratio': 1.3231104755570733, 'brier_ratio': 0.7857951550868987, 'mdd_pinball_ratio': 0.8037888806187462, 'vol_mae_ratio': 0.4496021407910222, 'coverage_penalty': 0.052380952380952306, 'width_ratio': 0.5899121414452924}, {'fold': 3, 'horizon': 20, 'score': 0.7029059119430414, 'pinball_ratio': 0.7737415243786903, 'mae_ratio': 0.8748325504783624, 'brier_ratio': 0.8690893802454367, 'mdd_pinball_ratio': 0.6408562723712808, 'vol_mae_ratio': 0.5108882514030207, 'coverage_penalty': 0.05634920634920637, 'width_ratio': 0.644879278716376}, {'fold': 3, 'horizon': 60, 'score': 0.707085919154138, 'pinball_ratio': 0.8975803126682559, 'mae_ratio': 0.9573005035753683, 'brier_ratio': 0.6540094636244542, 'mdd_pinball_ratio': 0.42041515212458147, 'vol_mae_ratio': 0.6248129450446959, 'coverage_penalty': 0.14206349206349211, 'width_ratio': 0.5249434290891263}]",COMPLETE
9,0.8208143389909225,2026-07-22 16:10:14.025972,2026-07-22 16:13:36.499250,0 days 00:03:22.473278,48,0.28575711589364183,1.486001063822871,1.0,96,0.08,0.01,0.15,0.45,0.15,96,8.343820814597905e-05,21,3,4,1.605248693165402e-05,"[{'fold': 0, 'horizon': 5, 'score': 0.9633012779679219, 'pinball_ratio': 1.0873842451321707, 'mae_ratio': 1.1758075684131881, 'brier_ratio': 1.008748007832231, 'mdd_pinball_ratio': 0.9707120240908537, 'vol_mae_ratio': 0.8784941047785221, 'coverage_penalty': 0.0706349206349206, 'width_ratio': 0.5544265732974837}, {'fold': 0, 'horizon': 20, 'score': 0.9330977960385419, 'pinball_ratio': 1.0603001518428536, 'mae_ratio': 1.1368181150411099, 'brier_ratio': 1.0862544601497979, 'mdd_pinball_ratio': 0.8527784169093816, 'vol_mae_ratio': 0.8102896953539946, 'coverage_penalty': 0.058730158730158744, 'width_ratio': 0.5158337810663064}, {'fold': 0, 'horizon': 60, 'score': 0.9079181057918463, 'pinball_ratio': 1.0269502460383408, 'mae_ratio': 1.2740609155948703, 'brier_ratio': 1.0243229229755453, 'mdd_pinball_ratio': 0.8299481737784387, 'vol_mae_ratio': 0.6219165740245498, 'coverage_penalty': 0.02857142857142858, 'width_ratio': 0.5014686807881282}, {'fold': 1, 'horizon': 5, 'score': 0.9631194152951014, 'pinball_ratio': 1.1147419625058403, 'mae_ratio': 1.1361358476682157, 'brier_ratio': 1.0609845748774913, 'mdd_pinball_ratio': 0.8660939158422606, 'vol_mae_ratio': 0.8726411296822715, 'coverage_penalty': 0.18174603174603177, 'width_ratio': 0.4497080823137593}, {'fold': 1, 'horizon': 20, 'score': 0.8716045880888522, 'pinball_ratio': 0.9959960497822847, 'mae_ratio': 1.0565171479237865, 'brier_ratio': 0.8994243294809385, 'mdd_pinball_ratio': 0.9148591219244011, 'vol_mae_ratio': 0.7134690128989147, 'coverage_penalty': 0.10634920634920642, 'width_ratio': 0.45315116771158603}, {'fold': 1, 'horizon': 60, 'score': 0.8577124039236254, 'pinball_ratio': 0.8327170682199345, 'mae_ratio': 1.139235594820696, 'brier_ratio': 1.0953413040257447, 'mdd_pinball_ratio': 0.9739752079623235, 'vol_mae_ratio': 0.6492879312954819, 'coverage_penalty': 0.09603174603174602, 'width_ratio': 0.44425328911878154}, {'fold': 2, 'horizon': 5, 'score': 0.8616939713912948, 'pinball_ratio': 0.9529167521104221, 'mae_ratio': 1.0826310703835682, 'brier_ratio': 0.9621061774314466, 'mdd_pinball_ratio': 0.8278442056026606, 'vol_mae_ratio': 0.8044977596597377, 'coverage_penalty': 0.030952380952380953, 'width_ratio': 0.48898158357850957}, {'fold': 2, 'horizon': 20, 'score': 0.8468437553406902, 'pinball_ratio': 0.9146067604471846, 'mae_ratio': 1.1933001626984607, 'brier_ratio': 0.9770051805386657, 'mdd_pinball_ratio': 0.6749765510116996, 'vol_mae_ratio': 0.8048655676929145, 'coverage_penalty': 0.05634920634920637, 'width_ratio': 0.5169367944371963}, {'fold': 2, 'horizon': 60, 'score': 0.6845894327766198, 'pinball_ratio': 0.7059637447946758, 'mae_ratio': 0.8622587725668955, 'brier_ratio': 0.9081820511065202, 'mdd_pinball_ratio': 0.4457260991851631, 'vol_mae_ratio': 0.7971388255899564, 'coverage_penalty': 0.09999999999999998, 'width_ratio': 0.6121067036900242}, {'fold': 3, 'horizon': 5, 'score': 0.7544552065331891, 'pinball_ratio': 0.9084463335313661, 'mae_ratio': 1.010166463950403, 'brier_ratio': 0.8417856211542789, 'mdd_pinball_ratio': 0.5910200788806786, 'vol_mae_ratio': 0.38657784683513485, 'coverage_penalty': 0.09603174603174602, 'width_ratio': 0.8224386097890412}, {'fold': 3, 'horizon': 20, 'score': 0.6863866109321309, 'pinball_ratio': 0.9000449696795992, 'mae_ratio': 1.0144509907428, 'brier_ratio': 0.6614723883874943, 'mdd_pinball_ratio': 0.3841255151613497, 'vol_mae_ratio': 0.34340290412529667, 'coverage_penalty': 0.09603174603174602, 'width_ratio': 0.7100341588590955}, {'fold': 3, 'horizon': 60, 'score': 0.5560941488432293, 'pinball_ratio': 0.6645202915625553, 'mae_ratio': 0.7805879354358173, 'brier_ratio': 0.5586309372798629, 'mdd_pinball_ratio': 0.40351462751187245, 'vol_mae_ratio': 0.3872181559597229, 'coverage_penalty': 0.0801587301587301, 'width_ratio': 0.5923031685039519}]",COMPLETE
