number,value,datetime_start,datetime_complete,duration,params_batch_size,params_dropout,params_gate_temperature,params_gradient_clip,params_hidden_dim,params_lambda_aux,params_lambda_balance,params_lambda_direction,params_lambda_mdd,params_lambda_volatility,params_latent_dim,params_learning_rate,params_long_pool,params_medium_pool,params_n_blocks,params_weight_decay,user_attrs_fold_metrics,state
35,0.8267990457542302,2026-07-22 16:53:14.211039,2026-07-22 16:55:06.815819,0 days 00:01:52.604780,64,0.18336893391146378,0.8357605942757222,2.0,96,0.05,0.02,0.15,0.45,0.1,96,0.0028626571703989586,10,3,3,0.00016685677334385516,"[{'fold': 0, 'horizon': 5, 'score': 0.8924999250477073, 'pinball_ratio': 0.9655316386586844, 'mae_ratio': 1.0074306379890887, 'brier_ratio': 0.9946760492946615, 'mdd_pinball_ratio': 0.9436409255274641, 'vol_mae_ratio': 0.8615324258540183, 'coverage_penalty': 0.052380952380952306, 'width_ratio': 0.7627266781139046}, {'fold': 0, 'horizon': 20, 'score': 0.8498973099600279, 'pinball_ratio': 0.9262200516773678, 'mae_ratio': 0.9550720217706735, 'brier_ratio': 0.9479554269608106, 'mdd_pinball_ratio': 0.8778387523228626, 'vol_mae_ratio': 0.8037447544776047, 'coverage_penalty': 0.07222222222222219, 'width_ratio': 0.772011023716034}, {'fold': 0, 'horizon': 60, 'score': 0.9234585606349145, 'pinball_ratio': 1.0126433952929623, 'mae_ratio': 1.16263882620976, 'brier_ratio': 1.0574255109201127, 'mdd_pinball_ratio': 0.8897354333374051, 'vol_mae_ratio': 0.7128425677100338, 'coverage_penalty': 0.09999999999999998, 'width_ratio': 0.8093049980427556}, {'fold': 1, 'horizon': 5, 'score': 0.8904572066666979, 'pinball_ratio': 0.9864852303585494, 'mae_ratio': 1.075405993237791, 'brier_ratio': 1.0080258532928958, 'mdd_pinball_ratio': 0.8668499689448949, 'vol_mae_ratio': 0.8422463808231898, 'coverage_penalty': 0.015079365079365137, 'width_ratio': 0.5788303360664625}, {'fold': 1, 'horizon': 20, 'score': 0.8764107429765778, 'pinball_ratio': 0.987000086657065, 'mae_ratio': 1.110276527434861, 'brier_ratio': 1.0325152319960218, 'mdd_pinball_ratio': 0.8740031752528094, 'vol_mae_ratio': 0.6084557536305353, 'coverage_penalty': 0.04682539682539688, 'width_ratio': 0.47727064344065845}, {'fold': 1, 'horizon': 60, 'score': 0.843445866146529, 'pinball_ratio': 0.8709464334020769, 'mae_ratio': 1.2353128906084543, 'brier_ratio': 1.031738560725335, 'mdd_pinball_ratio': 0.8331968697396877, 'vol_mae_ratio': 0.5748661653262167, 'coverage_penalty': 0.04841269841269835, 'width_ratio': 0.42339536244233716}, {'fold': 2, 'horizon': 5, 'score': 0.8530401156694749, 'pinball_ratio': 0.9222778297893127, 'mae_ratio': 1.0717191371799417, 'brier_ratio': 1.0224624481487954, 'mdd_pinball_ratio': 0.8067573416174222, 'vol_mae_ratio': 0.7973701671892272, 'coverage_penalty': 0.0071428571428571175, 'width_ratio': 0.49550064941229666}, {'fold': 2, 'horizon': 20, 'score': 0.775445230721288, 'pinball_ratio': 0.8575771560151084, 'mae_ratio': 1.1629305064943312, 'brier_ratio': 0.9002963622702818, 'mdd_pinball_ratio': 0.5727938720431122, 'vol_mae_ratio': 0.6230836818778293, 'coverage_penalty': 0.11031746031746037, 'width_ratio': 0.3286508194945395}, {'fold': 2, 'horizon': 60, 'score': 0.5764183220373583, 'pinball_ratio': 0.6468121707348888, 'mae_ratio': 0.9490426008979801, 'brier_ratio': 0.4335895698544008, 'mdd_pinball_ratio': 0.5208802642467959, 'vol_mae_ratio': 0.5162584001871874, 'coverage_penalty': 0.07460317460317467, 'width_ratio': 0.2553044929776596}, {'fold': 3, 'horizon': 5, 'score': 0.8048854101199376, 'pinball_ratio': 0.9053219969626238, 'mae_ratio': 1.176751332984944, 'brier_ratio': 0.9191211753281066, 'mdd_pinball_ratio': 0.6731819003686422, 'vol_mae_ratio': 0.522880491356468, 'coverage_penalty': 0.05634920634920637, 'width_ratio': 0.547735210022475}, {'fold': 3, 'horizon': 20, 'score': 0.8134187414399844, 'pinball_ratio': 0.9662732084376416, 'mae_ratio': 1.247796217308957, 'brier_ratio': 0.8608694495247907, 'mdd_pinball_ratio': 0.5870201339444642, 'vol_mae_ratio': 0.5569552035071292, 'coverage_penalty': 0.0071428571428571175, 'width_ratio': 0.48915760064551134}, {'fold': 3, 'horizon': 60, 'score': 0.8413091854141066, 'pinball_ratio': 1.077145909652843, 'mae_ratio': 1.3735508548421278, 'brier_ratio': 0.6184290177682691, 'mdd_pinball_ratio': 0.5051176201155416, 'vol_mae_ratio': 0.6312196048687296, 'coverage_penalty': 0.1698412698412699, 'width_ratio': 0.49108812503196275}]",COMPLETE
36,0.9029281684281106,2026-07-22 16:55:06.827804,2026-07-22 16:57:59.655618,0 days 00:02:52.827814,48,0.10206235023624638,0.7616665519193946,2.0,96,0.05,0.002,0.15,0.45,0.2,32,0.0020913970967707494,15,3,4,3.6371850116407656e-05,"[{'fold': 0, 'horizon': 5, 'score': 0.9139473345597172, 'pinball_ratio': 0.9896917650910622, 'mae_ratio': 1.0325630262392385, 'brier_ratio': 1.0039579461235049, 'mdd_pinball_ratio': 0.9911942578678954, 'vol_mae_ratio': 0.8878125952167728, 'coverage_penalty': 0.03650793650793649, 'width_ratio': 0.7353705722005647}, {'fold': 0, 'horizon': 20, 'score': 0.8979806987969731, 'pinball_ratio': 0.9905853257906835, 'mae_ratio': 1.0959876624635574, 'brier_ratio': 0.9788099747989356, 'mdd_pinball_ratio': 0.9064635900122278, 'vol_mae_ratio': 0.8164830546308939, 'coverage_penalty': 0.04047619047619044, 'width_ratio': 0.6535003960867656}, {'fold': 0, 'horizon': 60, 'score': 0.9356451073079581, 'pinball_ratio': 1.0096734167809245, 'mae_ratio': 1.1811686844451856, 'brier_ratio': 1.036663670124785, 'mdd_pinball_ratio': 0.9294076934328456, 'vol_mae_ratio': 0.8203128371718615, 'coverage_penalty': 0.09206349206349207, 'width_ratio': 0.7232558690860533}, {'fold': 1, 'horizon': 5, 'score': 0.9424088375421021, 'pinball_ratio': 1.0476370815661522, 'mae_ratio': 1.1717898202518198, 'brier_ratio': 1.0267751527872402, 'mdd_pinball_ratio': 0.9114558392238997, 'vol_mae_ratio': 0.9148781236003806, 'coverage_penalty': 0.015079365079365137, 'width_ratio': 0.556312307963711}, {'fold': 1, 'horizon': 20, 'score': 0.8867697217321538, 'pinball_ratio': 0.9909550942717538, 'mae_ratio': 1.1265643798704066, 'brier_ratio': 0.9811037192889503, 'mdd_pinball_ratio': 0.8726209707201964, 'vol_mae_ratio': 0.7403675911658862, 'coverage_penalty': 0.058730158730158744, 'width_ratio': 0.4914736009135845}, {'fold': 1, 'horizon': 60, 'score': 0.9448438910809609, 'pinball_ratio': 0.9763856780738097, 'mae_ratio': 1.4095817001094546, 'brier_ratio': 1.0891758803566172, 'mdd_pinball_ratio': 0.9171540745429776, 'vol_mae_ratio': 0.6978531318090329, 'coverage_penalty': 0.08809523809523812, 'width_ratio': 0.49233918854000125}, {'fold': 2, 'horizon': 5, 'score': 0.905674436930046, 'pinball_ratio': 1.0037265937747295, 'mae_ratio': 1.1183508189241784, 'brier_ratio': 0.9806459218346802, 'mdd_pinball_ratio': 0.8901956178873184, 'vol_mae_ratio': 0.8834575400453688, 'coverage_penalty': 0.012698412698412653, 'width_ratio': 0.5585544139512745}, {'fold': 2, 'horizon': 20, 'score': 0.987977966582242, 'pinball_ratio': 1.1129359311311768, 'mae_ratio': 1.4982280239821628, 'brier_ratio': 0.9740206929976486, 'mdd_pinball_ratio': 0.8496474519470345, 'vol_mae_ratio': 0.8389771888220722, 'coverage_penalty': 0.023015873015873045, 'width_ratio': 0.4885711784661647}, {'fold': 2, 'horizon': 60, 'score': 0.9834519849405415, 'pinball_ratio': 1.1452270835269247, 'mae_ratio': 1.5520107216722074, 'brier_ratio': 0.8711533455741918, 'mdd_pinball_ratio': 0.858930101054557, 'vol_mae_ratio': 0.6910396758871088, 'coverage_penalty': 0.11825396825396828, 'width_ratio': 0.4308878364828605}, {'fold': 3, 'horizon': 5, 'score': 0.8358466821184085, 'pinball_ratio': 0.9769487491938408, 'mae_ratio': 1.3347841360545614, 'brier_ratio': 0.9367557733752802, 'mdd_pinball_ratio': 0.6110867520098793, 'vol_mae_ratio': 0.43994743091359106, 'coverage_penalty': 0.03650793650793649, 'width_ratio': 0.49901073458971473}, {'fold': 3, 'horizon': 20, 'score': 0.8064777513845361, 'pinball_ratio': 1.0119158432635282, 'mae_ratio': 1.4159033703595403, 'brier_ratio': 0.82564418290565, 'mdd_pinball_ratio': 0.46000256371461495, 'vol_mae_ratio': 0.32439316491225534, 'coverage_penalty': 0.0071428571428571175, 'width_ratio': 0.47117907347016735}, {'fold': 3, 'horizon': 60, 'score': 0.7921371249385198, 'pinball_ratio': 1.040186074177702, 'mae_ratio': 1.2588697236007258, 'brier_ratio': 0.7444497649320947, 'mdd_pinball_ratio': 0.39092564560879506, 'vol_mae_ratio': 0.439900067912486, 'coverage_penalty': 0.14603174603174607, 'width_ratio': 0.49076666138702896}]",COMPLETE
37,0.9043865010188623,2026-07-22 16:57:59.666930,2026-07-22 17:02:46.887655,0 days 00:04:47.220725,32,0.1535484658227248,1.0531832923848712,2.0,64,0.08,0.01,0.25,0.35,0.2,96,5.40426283796611e-05,21,5,4,0.0029462411499845374,"[{'fold': 0, 'horizon': 5, 'score': 0.980817648922418, 'pinball_ratio': 1.0941021665339152, 'mae_ratio': 1.1413034018548296, 'brier_ratio': 1.0322106504986586, 'mdd_pinball_ratio': 1.080253850567717, 'vol_mae_ratio': 0.8733700589843039, 'coverage_penalty': 0.10634920634920642, 'width_ratio': 0.5011751618163994}, {'fold': 0, 'horizon': 20, 'score': 0.9416946481725349, 'pinball_ratio': 1.0760116339928278, 'mae_ratio': 1.1888085791786984, 'brier_ratio': 1.0217647199484876, 'mdd_pinball_ratio': 0.908070867445738, 'vol_mae_ratio': 0.7570412944811353, 'coverage_penalty': 0.09444444444444444, 'width_ratio': 0.49929035766272767}, {'fold': 0, 'horizon': 60, 'score': 1.046774404254511, 'pinball_ratio': 1.2071848987196383, 'mae_ratio': 1.5110101760348889, 'brier_ratio': 1.1733033330865885, 'mdd_pinball_ratio': 0.9336577605922067, 'vol_mae_ratio': 0.6449936386432871, 'coverage_penalty': 0.012698412698412653, 'width_ratio': 0.5391915497455807}, {'fold': 1, 'horizon': 5, 'score': 0.9344223470215972, 'pinball_ratio': 1.045258390811644, 'mae_ratio': 1.0529204675345472, 'brier_ratio': 1.0715391438947686, 'mdd_pinball_ratio': 0.9149083252148494, 'vol_mae_ratio': 0.9060898572157311, 'coverage_penalty': 0.11031746031746037, 'width_ratio': 0.47818372657005814}, {'fold': 1, 'horizon': 20, 'score': 0.7735533367791669, 'pinball_ratio': 0.8217426955969795, 'mae_ratio': 0.8482246539650766, 'brier_ratio': 0.9154342407315691, 'mdd_pinball_ratio': 0.8480515166410316, 'vol_mae_ratio': 0.7525418997488054, 'coverage_penalty': 0.09444444444444444, 'width_ratio': 0.4107176844526963}, {'fold': 1, 'horizon': 60, 'score': 0.7800764291152205, 'pinball_ratio': 0.788611607962716, 'mae_ratio': 1.0637259352912185, 'brier_ratio': 0.9674710275614382, 'mdd_pinball_ratio': 0.8144322765779678, 'vol_mae_ratio': 0.5838158855865125, 'coverage_penalty': 0.06825396825396823, 'width_ratio': 0.46862046924157236}, {'fold': 2, 'horizon': 5, 'score': 0.9250451307811477, 'pinball_ratio': 1.0302279609480736, 'mae_ratio': 1.1434073934341056, 'brier_ratio': 0.9645984337744288, 'mdd_pinball_ratio': 0.9365414255179842, 'vol_mae_ratio': 0.8882389429253166, 'coverage_penalty': 0.0071428571428571175, 'width_ratio': 0.6153120749270847}, {'fold': 2, 'horizon': 20, 'score': 0.9910260555705338, 'pinball_ratio': 1.062320074291585, 'mae_ratio': 1.30613663165299, 'brier_ratio': 1.1606107288883039, 'mdd_pinball_ratio': 0.924618176524068, 'vol_mae_ratio': 0.857106405951716, 'coverage_penalty': 0.060317460317460325, 'width_ratio': 0.6858778730426958}, {'fold': 2, 'horizon': 60, 'score': 1.1474164435778926, 'pinball_ratio': 1.1431872068432305, 'mae_ratio': 1.7989583676844292, 'brier_ratio': 1.4836122395026954, 'mdd_pinball_ratio': 0.8481433202040348, 'vol_mae_ratio': 1.071265241041916, 'coverage_penalty': 0.03650793650793649, 'width_ratio': 0.6003917471446942}, {'fold': 3, 'horizon': 5, 'score': 0.8693121091514583, 'pinball_ratio': 0.8979090053824595, 'mae_ratio': 1.0792662723999686, 'brier_ratio': 0.8126562491759353, 'mdd_pinball_ratio': 1.3046840001912354, 'vol_mae_ratio': 0.503837865118559, 'coverage_penalty': 0.07222222222222219, 'width_ratio': 0.6704545645038354}, {'fold': 3, 'horizon': 20, 'score': 0.8096992964324238, 'pinball_ratio': 1.001842842450575, 'mae_ratio': 1.2392563761705173, 'brier_ratio': 0.7378076752202655, 'mdd_pinball_ratio': 0.6887221703764816, 'vol_mae_ratio': 0.34429011936264264, 'coverage_penalty': 0.05634920634920637, 'width_ratio': 0.6937637309641386}, {'fold': 3, 'horizon': 60, 'score': 0.6659503384190372, 'pinball_ratio': 0.8311416378390739, 'mae_ratio': 0.8391037142476494, 'brier_ratio': 0.5361380466945836, 'mdd_pinball_ratio': 0.5717081989530893, 'vol_mae_ratio': 0.597294546137941, 'coverage_penalty': 0.0706349206349206, 'width_ratio': 0.6111457377608159}]",COMPLETE
38,0.8431952974038623,2026-07-22 17:02:46.898976,2026-07-22 17:03:44.608840,0 days 00:00:57.709864,128,0.07922466303581412,0.5947811794104352,2.0,48,0.05,0.02,0.35,0.45,0.1,48,0.0005947454878431235,15,7,3,0.0009159305079722446,"[{'fold': 0, 'horizon': 5, 'score': 0.9870995397385587, 'pinball_ratio': 1.0728699824682666, 'mae_ratio': 1.1583966953223093, 'brier_ratio': 0.994159779845512, 'mdd_pinball_ratio': 1.1964601960121648, 'vol_mae_ratio': 0.8364546019118771, 'coverage_penalty': 0.052380952380952306, 'width_ratio': 0.7310139446604326}, {'fold': 0, 'horizon': 20, 'score': 0.9111123581272249, 'pinball_ratio': 0.9700531125749544, 'mae_ratio': 1.0563268603263627, 'brier_ratio': 1.0649872408612093, 'mdd_pinball_ratio': 0.9778220617935427, 'vol_mae_ratio': 0.822076265562522, 'coverage_penalty': 0.04047619047619044, 'width_ratio': 0.7227461463079369}, {'fold': 0, 'horizon': 60, 'score': 1.0223805872395262, 'pinball_ratio': 1.193935995505259, 'mae_ratio': 1.4169723095144082, 'brier_ratio': 1.1424183979317124, 'mdd_pinball_ratio': 0.8487107559376547, 'vol_mae_ratio': 0.6673158839479809, 'coverage_penalty': 0.09206349206349207, 'width_ratio': 0.670391215529222}, {'fold': 1, 'horizon': 5, 'score': 0.8967663168624216, 'pinball_ratio': 0.9509601105084617, 'mae_ratio': 1.0099780475662248, 'brier_ratio': 1.06289328591579, 'mdd_pinball_ratio': 0.9370807810362729, 'vol_mae_ratio': 0.9431935116678659, 'coverage_penalty': 0.04285714285714293, 'width_ratio': 0.5039369946643439}, {'fold': 1, 'horizon': 20, 'score': 0.8052028100437252, 'pinball_ratio': 0.8818153446490086, 'mae_ratio': 0.8873177015514161, 'brier_ratio': 0.8916282118778847, 'mdd_pinball_ratio': 0.857161328935278, 'vol_mae_ratio': 0.8175427798548597, 'coverage_penalty': 0.10634920634920642, 'width_ratio': 0.3984210210651646}, {'fold': 1, 'horizon': 60, 'score': 0.8876084659177369, 'pinball_ratio': 0.968300102162713, 'mae_ratio': 1.371783815122653, 'brier_ratio': 0.9469491190154381, 'mdd_pinball_ratio': 0.9037163937555461, 'vol_mae_ratio': 0.5167421422085067, 'coverage_penalty': 0.026984126984127, 'width_ratio': 0.39243092890007436}, {'fold': 2, 'horizon': 5, 'score': 0.8905238176249065, 'pinball_ratio': 0.9796978795445734, 'mae_ratio': 1.09389936780678, 'brier_ratio': 0.9737297071518656, 'mdd_pinball_ratio': 0.879533073333694, 'vol_mae_ratio': 0.8660133269965602, 'coverage_penalty': 0.02063492063492056, 'width_ratio': 0.583648679878478}, {'fold': 2, 'horizon': 20, 'score': 0.8464233300365505, 'pinball_ratio': 0.9567357268314944, 'mae_ratio': 1.2211775556370572, 'brier_ratio': 0.9554098703993257, 'mdd_pinball_ratio': 0.6069985204504325, 'vol_mae_ratio': 0.6994504183061249, 'coverage_penalty': 0.0801587301587301, 'width_ratio': 0.6157260243593877}, {'fold': 2, 'horizon': 60, 'score': 0.7222104184532054, 'pinball_ratio': 0.9087214322816538, 'mae_ratio': 1.1599736177969444, 'brier_ratio': 0.6534972732390818, 'mdd_pinball_ratio': 0.5002582714957153, 'vol_mae_ratio': 0.3071274897888066, 'coverage_penalty': 0.09999999999999998, 'width_ratio': 0.6461931265328252}, {'fold': 3, 'horizon': 5, 'score': 0.7993262336390404, 'pinball_ratio': 0.9359365418194072, 'mae_ratio': 1.097265279351211, 'brier_ratio': 0.8874812603231419, 'mdd_pinball_ratio': 0.7210556473569057, 'vol_mae_ratio': 0.47850040623145285, 'coverage_penalty': 0.02857142857142858, 'width_ratio': 0.5342691774804622}, {'fold': 3, 'horizon': 20, 'score': 0.7488945526237079, 'pinball_ratio': 0.9351411085998892, 'mae_ratio': 1.0836406239737482, 'brier_ratio': 0.8399484948823364, 'mdd_pinball_ratio': 0.4897886799757738, 'vol_mae_ratio': 0.4478888316923621, 'coverage_penalty': 0.023015873015873045, 'width_ratio': 0.43961668362068146}, {'fold': 3, 'horizon': 60, 'score': 0.6295000982896692, 'pinball_ratio': 0.8540030152123796, 'mae_ratio': 0.8732472310029719, 'brier_ratio': 0.43857945338049115, 'mdd_pinball_ratio': 0.36259082832114503, 'vol_mae_ratio': 0.5668226532626657, 'coverage_penalty': 0.13809523809523816, 'width_ratio': 0.436249468890402}]",COMPLETE
39,0.7818694729327136,2026-07-22 17:03:44.620222,2026-07-22 17:05:21.905558,0 days 00:01:37.285336,96,0.11517540839828096,1.229635137393252,1.0,128,0.05,0.02,0.15,0.35,0.2,64,0.0034737820547757017,10,3,4,0.0003355719254184501,"[{'fold': 0, 'horizon': 5, 'score': 0.8869027980933762, 'pinball_ratio': 0.9682725616544574, 'mae_ratio': 1.0109836648079153, 'brier_ratio': 1.0012609691834458, 'mdd_pinball_ratio': 0.9268912709002073, 'vol_mae_ratio': 0.8170555204069762, 'coverage_penalty': 0.052380952380952306, 'width_ratio': 0.7254932357738855}, {'fold': 0, 'horizon': 20, 'score': 0.8647654872893078, 'pinball_ratio': 0.9344061042559596, 'mae_ratio': 1.008998867175209, 'brier_ratio': 0.9716750163217011, 'mdd_pinball_ratio': 0.8839006766339261, 'vol_mae_ratio': 0.8471874720341531, 'coverage_penalty': 0.0444444444444444, 'width_ratio': 0.673576948852335}, {'fold': 0, 'horizon': 60, 'score': 0.8940193752454482, 'pinball_ratio': 0.9676112326136808, 'mae_ratio': 1.1336938292554892, 'brier_ratio': 1.0724704698136143, 'mdd_pinball_ratio': 0.8729940148719616, 'vol_mae_ratio': 0.7263767889186308, 'coverage_penalty': 0.03650793650793649, 'width_ratio': 0.6096154097360519}, {'fold': 1, 'horizon': 5, 'score': 0.8925354955768465, 'pinball_ratio': 0.9757007121899222, 'mae_ratio': 1.051488651284762, 'brier_ratio': 1.0168727582572328, 'mdd_pinball_ratio': 0.9051803226746851, 'vol_mae_ratio': 0.8551675530870276, 'coverage_penalty': 0.04285714285714293, 'width_ratio': 0.5497410389723042}, {'fold': 1, 'horizon': 20, 'score': 0.8477937460440648, 'pinball_ratio': 0.9287339534547095, 'mae_ratio': 1.040912402713537, 'brier_ratio': 0.9930175006292002, 'mdd_pinball_ratio': 0.8924455134517254, 'vol_mae_ratio': 0.6857056311620575, 'coverage_penalty': 0.004761904761904745, 'width_ratio': 0.49588844554026834}, {'fold': 1, 'horizon': 60, 'score': 0.7355540283549654, 'pinball_ratio': 0.7093097123360456, 'mae_ratio': 0.9287533808518399, 'brier_ratio': 1.0050033523597564, 'mdd_pinball_ratio': 0.8480729312330945, 'vol_mae_ratio': 0.519001296261386, 'coverage_penalty': 0.07619047619047614, 'width_ratio': 0.42625721370580155}, {'fold': 2, 'horizon': 5, 'score': 0.8605758088089321, 'pinball_ratio': 0.9466453748014222, 'mae_ratio': 1.0824577997272344, 'brier_ratio': 0.9890789520208324, 'mdd_pinball_ratio': 0.8059285554212138, 'vol_mae_ratio': 0.7584701654631049, 'coverage_penalty': 0.052380952380952306, 'width_ratio': 0.6038816113355027}, {'fold': 2, 'horizon': 20, 'score': 0.8247204711129278, 'pinball_ratio': 0.9153829751918622, 'mae_ratio': 1.2022493270139671, 'brier_ratio': 0.9232278742548741, 'mdd_pinball_ratio': 0.6460326707060801, 'vol_mae_ratio': 0.6381671851303523, 'coverage_penalty': 0.09206349206349207, 'width_ratio': 0.6116262014019368}, {'fold': 2, 'horizon': 60, 'score': 0.7547007069653552, 'pinball_ratio': 0.8478300589666437, 'mae_ratio': 1.252530216553394, 'brier_ratio': 0.7290050279951548, 'mdd_pinball_ratio': 0.5679151452297265, 'vol_mae_ratio': 0.5047017199184349, 'coverage_penalty': 0.09999999999999998, 'width_ratio': 0.6024151956148405}, {'fold': 3, 'horizon': 5, 'score': 0.6915355693576464, 'pinball_ratio': 0.7513279907726281, 'mae_ratio': 0.9032147163356289, 'brier_ratio': 0.910455056071803, 'mdd_pinball_ratio': 0.6432888851772305, 'vol_mae_ratio': 0.39165143674697395, 'coverage_penalty': 0.07619047619047614, 'width_ratio': 0.5176165647165504}, {'fold': 3, 'horizon': 20, 'score': 0.603095323627247, 'pinball_ratio': 0.682844470812327, 'mae_ratio': 0.844516691802079, 'brier_ratio': 0.7618001501409084, 'mdd_pinball_ratio': 0.4740781216182104, 'vol_mae_ratio': 0.36177699930072993, 'coverage_penalty': 0.024603174603174627, 'width_ratio': 0.4713530718819223}, {'fold': 3, 'horizon': 60, 'score': 0.5553879761601527, 'pinball_ratio': 0.6642388162979262, 'mae_ratio': 0.7256458006536758, 'brier_ratio': 0.5498163536248133, 'mdd_pinball_ratio': 0.44752584535858403, 'vol_mae_ratio': 0.5019485579474239, 'coverage_penalty': 0.0007936507936507908, 'width_ratio': 0.47352597200065566}]",COMPLETE
