number,value,datetime_start,datetime_complete,duration,params_batch_size,params_dropout,params_gate_temperature,params_gradient_clip,params_hidden_dim,params_lambda_aux,params_lambda_balance,params_lambda_direction,params_lambda_mdd,params_lambda_volatility,params_latent_dim,params_learning_rate,params_long_pool,params_medium_pool,params_n_blocks,params_weight_decay,user_attrs_fold_metrics,state
30,0.811120898582157,2026-07-22 16:47:18.479977,2026-07-22 16:48:49.469953,0 days 00:01:30.989976,96,0.097897403957415,1.1046144892634726,0.5,96,0.02,0.01,0.35,0.25,0.1,24,0.002893641592378768,15,7,4,0.00029031948871153124,"[{'fold': 0, 'horizon': 5, 'score': 0.9262411661140018, 'pinball_ratio': 1.0193698719015665, 'mae_ratio': 1.0730889169709417, 'brier_ratio': 1.0220771374106374, 'mdd_pinball_ratio': 0.97382312204309, 'vol_mae_ratio': 0.8241080830901397, 'coverage_penalty': 0.05634920634920637, 'width_ratio': 0.7586027243764911}, {'fold': 0, 'horizon': 20, 'score': 0.9440368936072521, 'pinball_ratio': 1.0795564414702468, 'mae_ratio': 1.1839682931028708, 'brier_ratio': 0.9966271775041344, 'mdd_pinball_ratio': 0.9034429414118346, 'vol_mae_ratio': 0.7635877417902559, 'coverage_penalty': 0.06825396825396823, 'width_ratio': 0.7483275111012125}, {'fold': 0, 'horizon': 60, 'score': 0.9743265759739091, 'pinball_ratio': 1.0570432767278322, 'mae_ratio': 1.2550601355469087, 'brier_ratio': 1.1103792393167655, 'mdd_pinball_ratio': 0.9640133330097691, 'vol_mae_ratio': 0.746715255594174, 'coverage_penalty': 0.09999999999999998, 'width_ratio': 0.7757332459578008}, {'fold': 1, 'horizon': 5, 'score': 0.8717333441461618, 'pinball_ratio': 0.9387117355119596, 'mae_ratio': 0.9933423231242514, 'brier_ratio': 1.0096605212472678, 'mdd_pinball_ratio': 0.8768601919841759, 'vol_mae_ratio': 0.9327954009147638, 'coverage_penalty': 0.04682539682539688, 'width_ratio': 0.488248779812246}, {'fold': 1, 'horizon': 20, 'score': 0.8399574126204417, 'pinball_ratio': 0.9264721714698859, 'mae_ratio': 0.9231450490787972, 'brier_ratio': 0.8258512170399082, 'mdd_pinball_ratio': 0.9058350243469996, 'vol_mae_ratio': 0.9268698009934745, 'coverage_penalty': 0.22539682539682537, 'width_ratio': 0.30009003863335565}, {'fold': 1, 'horizon': 60, 'score': 0.8527890014672923, 'pinball_ratio': 0.7345373834944277, 'mae_ratio': 0.9736619927248311, 'brier_ratio': 1.0096941469530611, 'mdd_pinball_ratio': 1.242807409632148, 'vol_mae_ratio': 0.9572082929218101, 'coverage_penalty': 0.12222222222222223, 'width_ratio': 0.25}, {'fold': 2, 'horizon': 5, 'score': 0.8478486235085558, 'pinball_ratio': 0.9443001115898331, 'mae_ratio': 1.1019185943697087, 'brier_ratio': 0.9363770060402657, 'mdd_pinball_ratio': 0.8029014676020356, 'vol_mae_ratio': 0.7525365574969881, 'coverage_penalty': 0.011111111111111183, 'width_ratio': 0.5044196907612053}, {'fold': 2, 'horizon': 20, 'score': 0.7703720594361684, 'pinball_ratio': 0.8257435867427024, 'mae_ratio': 1.0386295106963122, 'brier_ratio': 0.8501105509649336, 'mdd_pinball_ratio': 0.6493733036322373, 'vol_mae_ratio': 0.7687692345370373, 'coverage_penalty': 0.0801587301587301, 'width_ratio': 0.6052254905795091}, {'fold': 2, 'horizon': 60, 'score': 0.6782838872625208, 'pinball_ratio': 0.7360931650424017, 'mae_ratio': 0.9226356167782434, 'brier_ratio': 0.6633689505429059, 'mdd_pinball_ratio': 0.5555084608175047, 'vol_mae_ratio': 0.7453702525649586, 'coverage_penalty': 0.09999999999999998, 'width_ratio': 0.5962433340128724}, {'fold': 3, 'horizon': 5, 'score': 0.7161143912565592, 'pinball_ratio': 0.8134013407436957, 'mae_ratio': 0.9371030065616893, 'brier_ratio': 0.8869912940405156, 'mdd_pinball_ratio': 0.6624062360001198, 'vol_mae_ratio': 0.4166695213079612, 'coverage_penalty': 0.03650793650793649, 'width_ratio': 0.47421112731884446}, {'fold': 3, 'horizon': 20, 'score': 0.6703761389421394, 'pinball_ratio': 0.8139781688740234, 'mae_ratio': 0.9443554760887536, 'brier_ratio': 0.7820444496806376, 'mdd_pinball_ratio': 0.4577158639975444, 'vol_mae_ratio': 0.421305790525397, 'coverage_penalty': 0.011111111111111183, 'width_ratio': 0.49860181802911563}, {'fold': 3, 'horizon': 60, 'score': 0.6581504216075463, 'pinball_ratio': 0.8435175210327928, 'mae_ratio': 0.8217827166945872, 'brier_ratio': 0.6071639962754736, 'mdd_pinball_ratio': 0.42528111500601684, 'vol_mae_ratio': 0.5665638169478396, 'coverage_penalty': 0.21746031746031746, 'width_ratio': 0.43021703775503584}]",COMPLETE
31,0.7857073815849246,2026-07-22 16:48:49.481234,2026-07-22 16:49:56.510421,0 days 00:01:07.029187,128,0.14012009671269315,0.8506900971621736,2.0,96,0.05,0.02,0.15,0.45,0.2,96,0.002147905840094499,10,3,4,0.000570917601142863,"[{'fold': 0, 'horizon': 5, 'score': 0.9101193146470931, 'pinball_ratio': 0.9968784071089113, 'mae_ratio': 1.0258452755153706, 'brier_ratio': 0.9911971736717446, 'mdd_pinball_ratio': 0.9541348931106988, 'vol_mae_ratio': 0.8841511886343134, 'coverage_penalty': 0.04841269841269835, 'width_ratio': 0.7910421020660626}, {'fold': 0, 'horizon': 20, 'score': 0.8709239236616088, 'pinball_ratio': 0.9673107487796978, 'mae_ratio': 0.994411176968421, 'brier_ratio': 0.942489009465061, 'mdd_pinball_ratio': 0.889581886457378, 'vol_mae_ratio': 0.8005494507905747, 'coverage_penalty': 0.05634920634920637, 'width_ratio': 0.81311537105279}, {'fold': 0, 'horizon': 60, 'score': 0.966339426421539, 'pinball_ratio': 1.072062639045746, 'mae_ratio': 1.2946980768801328, 'brier_ratio': 1.0604812588060688, 'mdd_pinball_ratio': 0.8783998829508012, 'vol_mae_ratio': 0.7348831669449232, 'coverage_penalty': 0.09999999999999998, 'width_ratio': 0.8530767755161732}, {'fold': 1, 'horizon': 5, 'score': 0.8668962380625704, 'pinball_ratio': 0.954366345110618, 'mae_ratio': 1.00911724164645, 'brier_ratio': 1.0040309534112242, 'mdd_pinball_ratio': 0.8461074073846114, 'vol_mae_ratio': 0.8544707971767606, 'coverage_penalty': 0.03492063492063491, 'width_ratio': 0.5362717581796916}, {'fold': 1, 'horizon': 20, 'score': 0.8375395662737212, 'pinball_ratio': 0.9609459722075597, 'mae_ratio': 1.0202598617904397, 'brier_ratio': 0.9142774748720112, 'mdd_pinball_ratio': 0.8571984196439768, 'vol_mae_ratio': 0.6014744260729268, 'coverage_penalty': 0.14603174603174607, 'width_ratio': 0.4026149241865447}, {'fold': 1, 'horizon': 60, 'score': 0.8548595308746761, 'pinball_ratio': 0.8586291600687299, 'mae_ratio': 1.1714893875676973, 'brier_ratio': 1.1838172785642682, 'mdd_pinball_ratio': 0.8538955545295582, 'vol_mae_ratio': 0.6058050683493487, 'coverage_penalty': 0.026984126984127, 'width_ratio': 0.3496532009189406}, {'fold': 2, 'horizon': 5, 'score': 0.8514294690155193, 'pinball_ratio': 0.9107812498041704, 'mae_ratio': 1.0190878115802977, 'brier_ratio': 1.0158167350855922, 'mdd_pinball_ratio': 0.8072001839874771, 'vol_mae_ratio': 0.8328775289132784, 'coverage_penalty': 0.05634920634920637, 'width_ratio': 0.6369374883427474}, {'fold': 2, 'horizon': 20, 'score': 0.796532764566581, 'pinball_ratio': 0.8410763859824715, 'mae_ratio': 1.0831352390034927, 'brier_ratio': 1.0069803453473876, 'mdd_pinball_ratio': 0.6018722445163414, 'vol_mae_ratio': 0.7189862982220939, 'coverage_penalty': 0.09603174603174602, 'width_ratio': 0.6579001032733697}, {'fold': 2, 'horizon': 60, 'score': 0.6841506326134082, 'pinball_ratio': 0.7297985164857981, 'mae_ratio': 0.9954288084416315, 'brier_ratio': 0.9600663611649431, 'mdd_pinball_ratio': 0.4080302356173345, 'vol_mae_ratio': 0.4701957796363667, 'coverage_penalty': 0.09999999999999998, 'width_ratio': 0.6724254365385283}, {'fold': 3, 'horizon': 5, 'score': 0.7427199816815756, 'pinball_ratio': 0.8953820274219688, 'mae_ratio': 1.0735314230816422, 'brier_ratio': 0.8387302897536086, 'mdd_pinball_ratio': 0.5568075235469307, 'vol_mae_ratio': 0.4095543089618034, 'coverage_penalty': 0.02857142857142858, 'width_ratio': 0.5340151910126306}, {'fold': 3, 'horizon': 20, 'score': 0.612432435243698, 'pinball_ratio': 0.7348472978812866, 'mae_ratio': 0.9521172279529649, 'brier_ratio': 0.6479318773937668, 'mdd_pinball_ratio': 0.3696946254212686, 'vol_mae_ratio': 0.39042067878019265, 'coverage_penalty': 0.08412698412698405, 'width_ratio': 0.4947788201046538}, {'fold': 3, 'horizon': 60, 'score': 0.46716464982382644, 'pinball_ratio': 0.5696734017915409, 'mae_ratio': 0.6818024635134117, 'brier_ratio': 0.35810651714294417, 'mdd_pinball_ratio': 0.2776805119473673, 'vol_mae_ratio': 0.4809432553886276, 'coverage_penalty': 0.09999999999999998, 'width_ratio': 0.5015403255788629}]",COMPLETE
32,0.8382779543403227,2026-07-22 16:49:56.523809,2026-07-22 16:51:04.728337,0 days 00:01:08.204528,128,0.16112612504316012,0.8123262575138461,2.0,96,0.05,0.02,0.15,0.45,0.2,96,0.0015942234954726539,10,3,4,5.83588615309968e-05,"[{'fold': 0, 'horizon': 5, 'score': 0.9115081766871846, 'pinball_ratio': 1.0072784524665201, 'mae_ratio': 1.0295995799536517, 'brier_ratio': 0.9919558954904262, 'mdd_pinball_ratio': 0.9578502976214833, 'vol_mae_ratio': 0.9024775352340096, 'coverage_penalty': 0.0087301587301587, 'width_ratio': 0.7063662576518801}, {'fold': 0, 'horizon': 20, 'score': 0.8798756785325392, 'pinball_ratio': 0.97826203078113, 'mae_ratio': 1.0110133779284038, 'brier_ratio': 0.9540947953867197, 'mdd_pinball_ratio': 0.903981047404164, 'vol_mae_ratio': 0.8420373299258642, 'coverage_penalty': 0.02063492063492056, 'width_ratio': 0.7157469071406578}, {'fold': 0, 'horizon': 60, 'score': 0.9783034072375814, 'pinball_ratio': 1.0770355952831931, 'mae_ratio': 1.3357842033965688, 'brier_ratio': 1.093740959255625, 'mdd_pinball_ratio': 0.8942968367681481, 'vol_mae_ratio': 0.74620470437808, 'coverage_penalty': 0.08412698412698405, 'width_ratio': 0.741942988290525}, {'fold': 1, 'horizon': 5, 'score': 0.8664496948778779, 'pinball_ratio': 0.9522802398869716, 'mae_ratio': 1.0082783535732718, 'brier_ratio': 0.9975803658598454, 'mdd_pinball_ratio': 0.8845466573707114, 'vol_mae_ratio': 0.8121508051889166, 'coverage_penalty': 0.03888888888888886, 'width_ratio': 0.521783388524993}, {'fold': 1, 'horizon': 20, 'score': 0.8401098060556513, 'pinball_ratio': 0.9353308639654857, 'mae_ratio': 1.0317798065538284, 'brier_ratio': 0.9685762364655948, 'mdd_pinball_ratio': 0.8760268698335071, 'vol_mae_ratio': 0.6496459655269408, 'coverage_penalty': 0.026984126984127, 'width_ratio': 0.4811027099402938}, {'fold': 1, 'horizon': 60, 'score': 0.8511439029969876, 'pinball_ratio': 0.8455606657128408, 'mae_ratio': 1.145522667457093, 'brier_ratio': 1.1582979843325614, 'mdd_pinball_ratio': 0.8746202445985637, 'vol_mae_ratio': 0.5968213364823506, 'coverage_penalty': 0.060317460317460325, 'width_ratio': 0.4842393222934459}, {'fold': 2, 'horizon': 5, 'score': 0.8951920036614899, 'pinball_ratio': 0.9571575062972387, 'mae_ratio': 1.1037640002227083, 'brier_ratio': 1.03762867213535, 'mdd_pinball_ratio': 0.8159559695589206, 'vol_mae_ratio': 0.9819640596266236, 'coverage_penalty': 0.02063492063492056, 'width_ratio': 0.5647909920934278}, {'fold': 2, 'horizon': 20, 'score': 0.9087915914800169, 'pinball_ratio': 0.9403233100685745, 'mae_ratio': 1.2540845961588745, 'brier_ratio': 1.0807316817120285, 'mdd_pinball_ratio': 0.699958451455173, 'vol_mae_ratio': 1.0058427004494863, 'coverage_penalty': 0.09603174603174602, 'width_ratio': 0.5718577096644564}, {'fold': 2, 'horizon': 60, 'score': 0.8823840320511696, 'pinball_ratio': 0.9061273150638897, 'mae_ratio': 1.4249888603408096, 'brier_ratio': 1.060967505809089, 'mdd_pinball_ratio': 0.6079070253795552, 'vol_mae_ratio': 0.7569673979287654, 'coverage_penalty': 0.09999999999999998, 'width_ratio': 0.6154407752171226}, {'fold': 3, 'horizon': 5, 'score': 0.7559835033827661, 'pinball_ratio': 0.8955118611398575, 'mae_ratio': 0.9721281027128903, 'brier_ratio': 0.8545731132691292, 'mdd_pinball_ratio': 0.5969734188086849, 'vol_mae_ratio': 0.4508528350258298, 'coverage_penalty': 0.09603174603174602, 'width_ratio': 0.9065217013468385}, {'fold': 3, 'horizon': 20, 'score': 0.6928337568014964, 'pinball_ratio': 0.8476006212054988, 'mae_ratio': 0.9389301188543645, 'brier_ratio': 0.698963471819632, 'mdd_pinball_ratio': 0.4590533036648852, 'vol_mae_ratio': 0.49825083475363724, 'coverage_penalty': 0.09999999999999998, 'width_ratio': 0.8268807251125274}, {'fold': 3, 'horizon': 60, 'score': 0.6076201213545437, 'pinball_ratio': 0.7617656422753756, 'mae_ratio': 0.7944311895607165, 'brier_ratio': 0.4605233839415929, 'mdd_pinball_ratio': 0.4208444162578404, 'vol_mae_ratio': 0.5942541356445566, 'coverage_penalty': 0.09999999999999998, 'width_ratio': 0.7735628176561391}]",COMPLETE
33,0.8298959729763995,2026-07-22 16:51:04.739990,2026-07-22 16:52:10.878625,0 days 00:01:06.138635,128,0.12287526912288022,0.9625807255980002,2.0,96,0.05,0.02,0.15,0.45,0.2,48,0.0010507478350075333,10,3,4,0.0012936739876016055,"[{'fold': 0, 'horizon': 5, 'score': 0.9329113421570342, 'pinball_ratio': 1.0323858504335846, 'mae_ratio': 1.0511648900257917, 'brier_ratio': 0.9996734082881888, 'mdd_pinball_ratio': 0.9971729717189769, 'vol_mae_ratio': 0.8961258530292339, 'coverage_penalty': 0.032539682539682535, 'width_ratio': 0.7494746973211608}, {'fold': 0, 'horizon': 20, 'score': 0.926135872695038, 'pinball_ratio': 1.0322835479196144, 'mae_ratio': 1.1058026816110087, 'brier_ratio': 0.9857644410669424, 'mdd_pinball_ratio': 0.9019821443487687, 'vol_mae_ratio': 0.9035560855974075, 'coverage_penalty': 0.052380952380952306, 'width_ratio': 0.7260655214252583}, {'fold': 0, 'horizon': 60, 'score': 1.0104829739234142, 'pinball_ratio': 1.1590380836446694, 'mae_ratio': 1.4466542110715144, 'brier_ratio': 1.1140249149531114, 'mdd_pinball_ratio': 0.8470045447391042, 'vol_mae_ratio': 0.7117986984840239, 'coverage_penalty': 0.04841269841269835, 'width_ratio': 0.6366111765309701}, {'fold': 1, 'horizon': 5, 'score': 0.8793062416957428, 'pinball_ratio': 0.9674243382576856, 'mae_ratio': 1.0308332664983495, 'brier_ratio': 0.9958893498766637, 'mdd_pinball_ratio': 0.882275654592346, 'vol_mae_ratio': 0.8452524431781532, 'coverage_penalty': 0.0626984126984127, 'width_ratio': 0.5147949817914919}, {'fold': 1, 'horizon': 20, 'score': 0.8038594208132789, 'pinball_ratio': 0.8734537210336023, 'mae_ratio': 0.9638783095453121, 'brier_ratio': 0.9625006167383381, 'mdd_pinball_ratio': 0.8403322499618808, 'vol_mae_ratio': 0.6693983417791393, 'coverage_penalty': 0.01904761904761909, 'width_ratio': 0.4956924834480389}, {'fold': 1, 'horizon': 60, 'score': 0.8778265573479718, 'pinball_ratio': 0.8805367572523165, 'mae_ratio': 1.2146937125776434, 'brier_ratio': 1.1676614305816748, 'mdd_pinball_ratio': 0.8851955120677042, 'vol_mae_ratio': 0.656394217718796, 'coverage_penalty': 0.011111111111111183, 'width_ratio': 0.43629648253167774}, {'fold': 2, 'horizon': 5, 'score': 0.8972949384993374, 'pinball_ratio': 0.9995527082251343, 'mae_ratio': 1.1130617450483442, 'brier_ratio': 0.9852772875463723, 'mdd_pinball_ratio': 0.8568875395214471, 'vol_mae_ratio': 0.8705019580103195, 'coverage_penalty': 0.026984126984127, 'width_ratio': 0.5076140037731668}, {'fold': 2, 'horizon': 20, 'score': 0.8695733384808793, 'pinball_ratio': 1.0040688666968398, 'mae_ratio': 1.249606939996717, 'brier_ratio': 0.959347573278787, 'mdd_pinball_ratio': 0.6310602962392452, 'vol_mae_ratio': 0.7587460918428697, 'coverage_penalty': 0.026984126984127, 'width_ratio': 0.4794505212199032}, {'fold': 2, 'horizon': 60, 'score': 0.813987835584387, 'pinball_ratio': 0.8523144337668845, 'mae_ratio': 1.3405792411672324, 'brier_ratio': 0.9932584869024089, 'mdd_pinball_ratio': 0.5526903466815593, 'vol_mae_ratio': 0.5998145016269273, 'coverage_penalty': 0.09999999999999998, 'width_ratio': 0.5239040796868204}, {'fold': 3, 'horizon': 5, 'score': 0.7486132165455162, 'pinball_ratio': 0.8106973217616994, 'mae_ratio': 1.0077897944436718, 'brier_ratio': 0.8658615799239299, 'mdd_pinball_ratio': 0.6619024894027924, 'vol_mae_ratio': 0.638173686058452, 'coverage_penalty': 0.07619047619047614, 'width_ratio': 0.51284574747279}, {'fold': 3, 'horizon': 20, 'score': 0.6461465041114878, 'pinball_ratio': 0.7403483253897338, 'mae_ratio': 0.9320838607937575, 'brier_ratio': 0.7024702175985053, 'mdd_pinball_ratio': 0.4278113558742264, 'vol_mae_ratio': 0.6085598354072522, 'coverage_penalty': 0.024603174603174627, 'width_ratio': 0.5030523107386705}, {'fold': 3, 'horizon': 60, 'score': 0.5724051262901395, 'pinball_ratio': 0.726352793709489, 'mae_ratio': 0.8470987709758078, 'brier_ratio': 0.46618618467130163, 'mdd_pinball_ratio': 0.34662138127124753, 'vol_mae_ratio': 0.545970743730179, 'coverage_penalty': 0.004761904761904745, 'width_ratio': 0.47550967492378926}]",COMPLETE
34,0.8221626893721715,2026-07-22 16:52:10.889765,2026-07-22 16:53:14.199551,0 days 00:01:03.309786,128,0.13367421955165082,0.7138904353804248,2.0,64,0.05,0.02,0.15,0.45,0.2,64,0.00184011092009543,10,3,4,0.00045943073331218835,"[{'fold': 0, 'horizon': 5, 'score': 0.8940733026476058, 'pinball_ratio': 0.984214751087766, 'mae_ratio': 1.020927710223433, 'brier_ratio': 1.009500879628358, 'mdd_pinball_ratio': 0.926015654243265, 'vol_mae_ratio': 0.8045130639034022, 'coverage_penalty': 0.052380952380952306, 'width_ratio': 0.7337843365207452}, {'fold': 0, 'horizon': 20, 'score': 0.8648108176797458, 'pinball_ratio': 0.9440256666297229, 'mae_ratio': 1.016569835329012, 'brier_ratio': 1.0272563359811848, 'mdd_pinball_ratio': 0.8713448877456941, 'vol_mae_ratio': 0.7309097123467339, 'coverage_penalty': 0.05634920634920637, 'width_ratio': 0.6696919940613794}, {'fold': 0, 'horizon': 60, 'score': 0.9288146230839361, 'pinball_ratio': 1.0357009617543895, 'mae_ratio': 1.1990911470259826, 'brier_ratio': 1.1040370894949152, 'mdd_pinball_ratio': 0.8681310796747697, 'vol_mae_ratio': 0.6139109633238646, 'coverage_penalty': 0.09999999999999998, 'width_ratio': 0.7413097569387737}, {'fold': 1, 'horizon': 5, 'score': 0.8830189346043005, 'pinball_ratio': 0.9646089302392565, 'mae_ratio': 1.0090021641722504, 'brier_ratio': 1.0047589661340857, 'mdd_pinball_ratio': 0.9350895253575532, 'vol_mae_ratio': 0.8317989250174516, 'coverage_penalty': 0.015079365079365137, 'width_ratio': 0.6280920871225518}, {'fold': 1, 'horizon': 20, 'score': 0.8802369562654633, 'pinball_ratio': 0.9543790237155413, 'mae_ratio': 1.025416157885819, 'brier_ratio': 0.9584856275222735, 'mdd_pinball_ratio': 1.0159663648201973, 'vol_mae_ratio': 0.7297059008485145, 'coverage_penalty': 0.04841269841269835, 'width_ratio': 0.6621532152346747}, {'fold': 1, 'horizon': 60, 'score': 1.0591195763124133, 'pinball_ratio': 1.0661899278323188, 'mae_ratio': 1.3760563728818362, 'brier_ratio': 1.2429611019982534, 'mdd_pinball_ratio': 1.3057000190839856, 'vol_mae_ratio': 0.6848273105311539, 'coverage_penalty': 0.09603174603174602, 'width_ratio': 0.7346841400384285}, {'fold': 2, 'horizon': 5, 'score': 0.8457701717886781, 'pinball_ratio': 0.935926847353266, 'mae_ratio': 1.0371978970920177, 'brier_ratio': 0.996746711080066, 'mdd_pinball_ratio': 0.7999248785648193, 'vol_mae_ratio': 0.7436442408401799, 'coverage_penalty': 0.032539682539682535, 'width_ratio': 0.5491050114234569}, {'fold': 2, 'horizon': 20, 'score': 0.7893021964473294, 'pinball_ratio': 0.8562804441997425, 'mae_ratio': 1.084989070315025, 'brier_ratio': 0.943027477166563, 'mdd_pinball_ratio': 0.6901592025493365, 'vol_mae_ratio': 0.554700635896413, 'coverage_penalty': 0.09999999999999998, 'width_ratio': 0.6469204961046499}, {'fold': 2, 'horizon': 60, 'score': 0.7943169832162883, 'pinball_ratio': 0.8808628127070413, 'mae_ratio': 1.2116134189160166, 'brier_ratio': 0.962316050892909, 'mdd_pinball_ratio': 0.5637411999938994, 'vol_mae_ratio': 0.4920466814723059, 'coverage_penalty': 0.09999999999999998, 'width_ratio': 0.6386576717056511}, {'fold': 3, 'horizon': 5, 'score': 0.6952453024384248, 'pinball_ratio': 0.7855147320647752, 'mae_ratio': 0.9570603525878636, 'brier_ratio': 0.8528892856483883, 'mdd_pinball_ratio': 0.5780463035931283, 'vol_mae_ratio': 0.45651367346013555, 'coverage_penalty': 0.04841269841269835, 'width_ratio': 0.43584995688146067}, {'fold': 3, 'horizon': 20, 'score': 0.6203518084569342, 'pinball_ratio': 0.7528220666191251, 'mae_ratio': 0.9269538911926631, 'brier_ratio': 0.6511403625813641, 'mdd_pinball_ratio': 0.4076450510599801, 'vol_mae_ratio': 0.44284482492536004, 'coverage_penalty': 0.0087301587301587, 'width_ratio': 0.4702531937164032}, {'fold': 3, 'horizon': 60, 'score': 0.615099735809269, 'pinball_ratio': 0.81558457650935, 'mae_ratio': 0.8994566878245759, 'brier_ratio': 0.42604483285904404, 'mdd_pinball_ratio': 0.35614578505410416, 'vol_mae_ratio': 0.5729421327418963, 'coverage_penalty': 0.0984126984126984, 'width_ratio': 0.4404978669086498}]",COMPLETE
