number,value,datetime_start,datetime_complete,duration,params_batch_size,params_dropout,params_gate_temperature,params_gradient_clip,params_hidden_dim,params_lambda_aux,params_lambda_balance,params_lambda_direction,params_lambda_mdd,params_lambda_volatility,params_latent_dim,params_learning_rate,params_long_pool,params_medium_pool,params_n_blocks,params_weight_decay,user_attrs_fold_metrics,state
45,0.894308825756999,2026-07-22 17:14:38.403547,2026-07-22 17:15:51.019715,0 days 00:01:12.616168,128,0.17737932662522696,0.9067311638662358,1.0,96,0.05,0.02,0.15,0.35,0.2,32,0.00015404640863357413,10,3,3,0.00013447595492926574,"[{'fold': 0, 'horizon': 5, 'score': 1.0583741421758706, 'pinball_ratio': 1.2240814951748704, 'mae_ratio': 1.2403407523330163, 'brier_ratio': 0.997330327383248, 'mdd_pinball_ratio': 1.2114069643759326, 'vol_mae_ratio': 0.9048626899793422, 'coverage_penalty': 0.03888888888888886, 'width_ratio': 0.6458473676893334}, {'fold': 0, 'horizon': 20, 'score': 0.9948911652331749, 'pinball_ratio': 1.154053725883563, 'mae_ratio': 1.2310246609235744, 'brier_ratio': 0.9711062819675447, 'mdd_pinball_ratio': 0.9598165149686931, 'vol_mae_ratio': 0.9165441377879842, 'coverage_penalty': 0.1261904761904762, 'width_ratio': 0.5397498460941406}, {'fold': 0, 'horizon': 60, 'score': 1.1009145552969326, 'pinball_ratio': 1.3333834328403125, 'mae_ratio': 1.5695796673105296, 'brier_ratio': 1.1470720511457433, 'mdd_pinball_ratio': 0.8802340095360444, 'vol_mae_ratio': 0.7627831968083213, 'coverage_penalty': 0.011111111111111183, 'width_ratio': 0.5880465715121984}, {'fold': 1, 'horizon': 5, 'score': 0.932128677719994, 'pinball_ratio': 1.0438295256388397, 'mae_ratio': 1.1147968839688616, 'brier_ratio': 1.0114140146519957, 'mdd_pinball_ratio': 0.914547659431286, 'vol_mae_ratio': 0.8566380018106837, 'coverage_penalty': 0.16190476190476188, 'width_ratio': 0.45591421747256367}, {'fold': 1, 'horizon': 20, 'score': 0.7843394008906885, 'pinball_ratio': 0.8522727649519464, 'mae_ratio': 0.8964790786468919, 'brier_ratio': 0.8380790950974837, 'mdd_pinball_ratio': 0.8813218972267608, 'vol_mae_ratio': 0.7789148410360073, 'coverage_penalty': 0.0031746031746031633, 'width_ratio': 0.5182738728671334}, {'fold': 1, 'horizon': 60, 'score': 0.7792961465640083, 'pinball_ratio': 0.7704773258582226, 'mae_ratio': 1.1237411937193906, 'brier_ratio': 0.9310199907947364, 'mdd_pinball_ratio': 0.8213280929802491, 'vol_mae_ratio': 0.6424237737314475, 'coverage_penalty': 0.032539682539682535, 'width_ratio': 0.38985119128504836}, {'fold': 2, 'horizon': 5, 'score': 0.9053608225144607, 'pinball_ratio': 0.945903709267562, 'mae_ratio': 1.0541591529457761, 'brier_ratio': 0.987520975495661, 'mdd_pinball_ratio': 1.0474622146151955, 'vol_mae_ratio': 0.9222478892704671, 'coverage_penalty': 0.02063492063492056, 'width_ratio': 0.5751313146942628}, {'fold': 2, 'horizon': 20, 'score': 0.8886136924124626, 'pinball_ratio': 0.9439405109397481, 'mae_ratio': 1.1778295586119356, 'brier_ratio': 0.9861988463841714, 'mdd_pinball_ratio': 0.8328996932763232, 'vol_mae_ratio': 0.8319634269628783, 'coverage_penalty': 0.06825396825396823, 'width_ratio': 0.6907059456206871}, {'fold': 2, 'horizon': 60, 'score': 0.8686223752274859, 'pinball_ratio': 0.8961765050220323, 'mae_ratio': 1.145259813372018, 'brier_ratio': 0.72458907759523, 'mdd_pinball_ratio': 0.6934184829087582, 'vol_mae_ratio': 1.4485294664818076, 'coverage_penalty': 0.09603174603174602, 'width_ratio': 0.6298441172656898}, {'fold': 3, 'horizon': 5, 'score': 1.021087399081609, 'pinball_ratio': 1.088394461146558, 'mae_ratio': 1.6556339023537439, 'brier_ratio': 0.8355949662870648, 'mdd_pinball_ratio': 0.8698197115856668, 'vol_mae_ratio': 1.1829221339293652, 'coverage_penalty': 0.03650793650793649, 'width_ratio': 0.5048093899283375}, {'fold': 3, 'horizon': 20, 'score': 0.6969598570568463, 'pinball_ratio': 0.8365797491434059, 'mae_ratio': 1.042341387377441, 'brier_ratio': 0.7182242605996149, 'mdd_pinball_ratio': 0.589782106818611, 'vol_mae_ratio': 0.34408699988059516, 'coverage_penalty': 0.02063492063492056, 'width_ratio': 0.5250545734933368}, {'fold': 3, 'horizon': 60, 'score': 0.7496484946910167, 'pinball_ratio': 0.9550990235690473, 'mae_ratio': 1.0637468944541337, 'brier_ratio': 0.7078727200016173, 'mdd_pinball_ratio': 0.3619204455531824, 'vol_mae_ratio': 0.6795425352398934, 'coverage_penalty': 0.17380952380952386, 'width_ratio': 0.5070635749951365}]",COMPLETE
46,0.7876076500676715,2026-07-22 17:15:51.030899,2026-07-22 17:17:24.392188,0 days 00:01:33.361289,96,0.15601586657942665,1.053657083499066,1.0,48,0.08,0.005,0.35,0.45,0.2,96,0.004415169858787165,15,7,4,1.117730644836285e-06,"[{'fold': 0, 'horizon': 5, 'score': 0.8505787593329734, 'pinball_ratio': 0.93177608049428, 'mae_ratio': 0.958648267633996, 'brier_ratio': 0.9910190744508288, 'mdd_pinball_ratio': 0.8990838146273893, 'vol_mae_ratio': 0.7988778228157424, 'coverage_penalty': 0.03888888888888886, 'width_ratio': 0.48448177164489886}, {'fold': 0, 'horizon': 20, 'score': 0.8131602236571098, 'pinball_ratio': 0.910154933488897, 'mae_ratio': 0.9462703371246041, 'brier_ratio': 0.8764859708132922, 'mdd_pinball_ratio': 0.8027067844177403, 'vol_mae_ratio': 0.7690259455539024, 'coverage_penalty': 0.2055555555555556, 'width_ratio': 0.3165016546123751}, {'fold': 0, 'horizon': 60, 'score': 0.9350913955533731, 'pinball_ratio': 1.019297656247435, 'mae_ratio': 1.1315616750258484, 'brier_ratio': 1.1547460810140733, 'mdd_pinball_ratio': 0.9083786389677964, 'vol_mae_ratio': 0.683564788378355, 'coverage_penalty': 0.3325396825396826, 'width_ratio': 0.25}, {'fold': 1, 'horizon': 5, 'score': 0.9175513003799894, 'pinball_ratio': 1.0024458906942741, 'mae_ratio': 1.0584460392528208, 'brier_ratio': 1.0339573403288702, 'mdd_pinball_ratio': 0.9378014709362332, 'vol_mae_ratio': 0.9237680017955664, 'coverage_penalty': 0.0071428571428571175, 'width_ratio': 0.6429236959916078}, {'fold': 1, 'horizon': 20, 'score': 0.8060623422776904, 'pinball_ratio': 0.8787236266713003, 'mae_ratio': 0.8885582836113193, 'brier_ratio': 0.8160628256050131, 'mdd_pinball_ratio': 0.8892142585455678, 'vol_mae_ratio': 0.8564910333880119, 'coverage_penalty': 0.20158730158730165, 'width_ratio': 0.3224517776179346}, {'fold': 1, 'horizon': 60, 'score': 0.9378593943912659, 'pinball_ratio': 1.1078043922184901, 'mae_ratio': 1.3918957506161893, 'brier_ratio': 0.8876319826777425, 'mdd_pinball_ratio': 0.7227191950063314, 'vol_mae_ratio': 0.6790192898086598, 'coverage_penalty': 0.3484126984126984, 'width_ratio': 0.25}, {'fold': 2, 'horizon': 5, 'score': 0.856345824309432, 'pinball_ratio': 0.9340260243680254, 'mae_ratio': 1.0471627006437103, 'brier_ratio': 0.9977796502965072, 'mdd_pinball_ratio': 0.8486095199867175, 'vol_mae_ratio': 0.756000738914967, 'coverage_penalty': 0.032539682539682535, 'width_ratio': 0.5842027824102771}, {'fold': 2, 'horizon': 20, 'score': 0.8500935108760626, 'pinball_ratio': 0.9235249710438488, 'mae_ratio': 1.2865958144893794, 'brier_ratio': 0.9880859039985368, 'mdd_pinball_ratio': 0.7175832858678669, 'vol_mae_ratio': 0.6184788061033305, 'coverage_penalty': 0.02857142857142858, 'width_ratio': 0.47240465823383604}, {'fold': 2, 'horizon': 60, 'score': 0.8050100720269361, 'pinball_ratio': 0.8268648585354843, 'mae_ratio': 1.2333833861642243, 'brier_ratio': 0.9587564715686666, 'mdd_pinball_ratio': 0.7535657246792808, 'vol_mae_ratio': 0.5226767401256945, 'coverage_penalty': 0.09206349206349207, 'width_ratio': 0.5013138573558947}, {'fold': 3, 'horizon': 5, 'score': 0.682671175142546, 'pinball_ratio': 0.7941305540591197, 'mae_ratio': 0.9274083054355868, 'brier_ratio': 0.8293689935934108, 'mdd_pinball_ratio': 0.535648471481325, 'vol_mae_ratio': 0.4019032573085269, 'coverage_penalty': 0.06825396825396823, 'width_ratio': 0.5297837378891824}, {'fold': 3, 'horizon': 20, 'score': 0.5415895451016786, 'pinball_ratio': 0.6879907395788829, 'mae_ratio': 0.7768874655790582, 'brier_ratio': 0.5238453069240824, 'mdd_pinball_ratio': 0.34271009972169125, 'vol_mae_ratio': 0.41376562751361173, 'coverage_penalty': 0.0087301587301587, 'width_ratio': 0.40962271842908665}, {'fold': 3, 'horizon': 60, 'score': 0.47766632331932357, 'pinball_ratio': 0.6357619690943335, 'mae_ratio': 0.7224524916689723, 'brier_ratio': 0.25, 'mdd_pinball_ratio': 0.313574139267908, 'vol_mae_ratio': 0.49492118653194644, 'coverage_penalty': 0.015079365079365137, 'width_ratio': 0.38993217623415294}]",COMPLETE
47,0.8393289141186171,2026-07-22 17:17:24.403420,2026-07-22 17:18:34.306503,0 days 00:01:09.903083,128,0.1984489762859377,1.0279622802684212,1.0,48,0.08,0.005,0.35,0.45,0.15,96,0.0015635463271283596,15,7,4,5.980642451633917e-07,"[{'fold': 0, 'horizon': 5, 'score': 0.9121874471719914, 'pinball_ratio': 0.9918140215111801, 'mae_ratio': 1.0358000313045885, 'brier_ratio': 1.0721278253587576, 'mdd_pinball_ratio': 0.9522515050439483, 'vol_mae_ratio': 0.8723047628068968, 'coverage_penalty': 0.0706349206349206, 'width_ratio': 0.46169048872834006}, {'fold': 0, 'horizon': 20, 'score': 0.9558375725935223, 'pinball_ratio': 1.0524847800498882, 'mae_ratio': 1.0835424315343587, 'brier_ratio': 1.1715733417174337, 'mdd_pinball_ratio': 0.968360803720364, 'vol_mae_ratio': 0.7600558904505788, 'coverage_penalty': 0.25317460317460316, 'width_ratio': 0.3406200587652614}, {'fold': 0, 'horizon': 60, 'score': 1.0273121136492227, 'pinball_ratio': 1.1336247494898355, 'mae_ratio': 1.2476677533052865, 'brier_ratio': 1.2663333343740821, 'mdd_pinball_ratio': 1.021102647298888, 'vol_mae_ratio': 0.6815831589677783, 'coverage_penalty': 0.3325396825396826, 'width_ratio': 0.2947265802162117}, {'fold': 1, 'horizon': 5, 'score': 0.8897040706116315, 'pinball_ratio': 0.9733294693500139, 'mae_ratio': 1.0255132756980296, 'brier_ratio': 1.0577322059975172, 'mdd_pinball_ratio': 0.8581472962987117, 'vol_mae_ratio': 0.8867087406627379, 'coverage_penalty': 0.04285714285714293, 'width_ratio': 0.5386321857904702}, {'fold': 1, 'horizon': 20, 'score': 0.8546770420584535, 'pinball_ratio': 0.958218820773147, 'mae_ratio': 0.9635254723366057, 'brier_ratio': 0.9442517927450582, 'mdd_pinball_ratio': 0.8472345061804689, 'vol_mae_ratio': 0.8018950873025378, 'coverage_penalty': 0.22539682539682537, 'width_ratio': 0.33604675301668796}, {'fold': 1, 'horizon': 60, 'score': 0.8107476849689627, 'pinball_ratio': 0.8077604460881755, 'mae_ratio': 1.1344357556173947, 'brier_ratio': 1.0379866737744496, 'mdd_pinball_ratio': 0.9065777145862999, 'vol_mae_ratio': 0.5430062337302131, 'coverage_penalty': 0.004761904761904745, 'width_ratio': 0.38491835116749956}, {'fold': 2, 'horizon': 5, 'score': 0.915677584221211, 'pinball_ratio': 0.9309592997552298, 'mae_ratio': 1.036715818662775, 'brier_ratio': 1.047965511747965, 'mdd_pinball_ratio': 0.999150694391391, 'vol_mae_ratio': 1.0256569627877608, 'coverage_penalty': 0.06428571428571428, 'width_ratio': 0.6733776435928319}, {'fold': 2, 'horizon': 20, 'score': 0.9356897619691207, 'pinball_ratio': 0.9225181196941233, 'mae_ratio': 1.3047701626027737, 'brier_ratio': 1.14609077626092, 'mdd_pinball_ratio': 0.8742425018347806, 'vol_mae_ratio': 1.0105539881276653, 'coverage_penalty': 0.01904761904761909, 'width_ratio': 0.38847239417688806}, {'fold': 2, 'horizon': 60, 'score': 0.8613078245042767, 'pinball_ratio': 0.8285483116570268, 'mae_ratio': 1.3074746647748212, 'brier_ratio': 1.0870258148662764, 'mdd_pinball_ratio': 0.7827379673932121, 'vol_mae_ratio': 0.8234491565521567, 'coverage_penalty': 0.02063492063492056, 'width_ratio': 0.36469294231701954}, {'fold': 3, 'horizon': 5, 'score': 0.7299838924247766, 'pinball_ratio': 0.8319839149557197, 'mae_ratio': 1.0275439061388967, 'brier_ratio': 0.8483479990559885, 'mdd_pinball_ratio': 0.6062712615246044, 'vol_mae_ratio': 0.4567778780988526, 'coverage_penalty': 0.06428571428571428, 'width_ratio': 0.5429086457488658}, {'fold': 3, 'horizon': 20, 'score': 0.651060816223353, 'pinball_ratio': 0.7857819497389729, 'mae_ratio': 1.0187355360628605, 'brier_ratio': 0.6244023534685799, 'mdd_pinball_ratio': 0.433941517394, 'vol_mae_ratio': 0.4980777353364184, 'coverage_penalty': 0.012698412698412653, 'width_ratio': 0.45928534511219027}, {'fold': 3, 'horizon': 60, 'score': 0.5406522073061881, 'pinball_ratio': 0.6938035650652812, 'mae_ratio': 0.8088262736361442, 'brier_ratio': 0.32153682837817277, 'mdd_pinball_ratio': 0.36676913412238027, 'vol_mae_ratio': 0.5906393495069923, 'coverage_penalty': 0.0031746031746031633, 'width_ratio': 0.4654988979971233}]",COMPLETE
48,0.8562600883637818,2026-07-22 17:18:34.318100,2026-07-22 17:20:05.943151,0 days 00:01:31.625051,64,0.16502045966827406,0.9659440684027173,1.0,48,0.08,0.005,0.35,0.45,0.2,64,0.004077456922451268,15,7,2,1.5840113590074721e-06,"[{'fold': 0, 'horizon': 5, 'score': 0.9436774011239407, 'pinball_ratio': 0.9937790336565023, 'mae_ratio': 1.0332937286026869, 'brier_ratio': 1.0380813882611823, 'mdd_pinball_ratio': 1.0170660858877647, 'vol_mae_ratio': 1.1265776425652398, 'coverage_penalty': 0.023015873015873045, 'width_ratio': 0.6106561187928247}, {'fold': 0, 'horizon': 20, 'score': 0.9320662414879103, 'pinball_ratio': 1.0085061916627696, 'mae_ratio': 1.1184861489629503, 'brier_ratio': 1.0640072667288367, 'mdd_pinball_ratio': 0.9459856461275413, 'vol_mae_ratio': 0.8969105802536074, 'coverage_penalty': 0.07460317460317467, 'width_ratio': 0.49679782951529056}, {'fold': 0, 'horizon': 60, 'score': 0.9465751558343967, 'pinball_ratio': 1.024305930393446, 'mae_ratio': 1.1778374194540853, 'brier_ratio': 1.1853703187813258, 'mdd_pinball_ratio': 1.004778667971467, 'vol_mae_ratio': 0.6796414351008196, 'coverage_penalty': 0.026984126984127, 'width_ratio': 0.4339028955562654}, {'fold': 1, 'horizon': 5, 'score': 0.8941409720691081, 'pinball_ratio': 0.9897985541314439, 'mae_ratio': 1.0234789783311211, 'brier_ratio': 1.0291694760133379, 'mdd_pinball_ratio': 0.8724751400207903, 'vol_mae_ratio': 0.8872439463044977, 'coverage_penalty': 0.07460317460317467, 'width_ratio': 0.49987740385477814}, {'fold': 1, 'horizon': 20, 'score': 0.8563818555004189, 'pinball_ratio': 0.9603658504096889, 'mae_ratio': 1.0284835816206053, 'brier_ratio': 0.9573476097031904, 'mdd_pinball_ratio': 0.87873837837871, 'vol_mae_ratio': 0.7030644006351285, 'coverage_penalty': 0.09444444444444444, 'width_ratio': 0.4550273742342663}, {'fold': 1, 'horizon': 60, 'score': 0.8540674154320402, 'pinball_ratio': 0.889898904181741, 'mae_ratio': 1.1992322369402424, 'brier_ratio': 1.0008299210187512, 'mdd_pinball_ratio': 0.8870450336772139, 'vol_mae_ratio': 0.6129205045740685, 'coverage_penalty': 0.04047619047619044, 'width_ratio': 0.5137112144086506}, {'fold': 2, 'horizon': 5, 'score': 0.9156786843647655, 'pinball_ratio': 0.9419866104506174, 'mae_ratio': 1.044882663854657, 'brier_ratio': 1.0620847348662592, 'mdd_pinball_ratio': 0.927303135633704, 'vol_mae_ratio': 1.0756129063887327, 'coverage_penalty': 0.052380952380952306, 'width_ratio': 0.6538277749438844}, {'fold': 2, 'horizon': 20, 'score': 0.9105523434594255, 'pinball_ratio': 0.938422085630285, 'mae_ratio': 1.203914719918495, 'brier_ratio': 1.2228725850546696, 'mdd_pinball_ratio': 0.7410594861681503, 'vol_mae_ratio': 0.8801755725353186, 'coverage_penalty': 0.1261904761904762, 'width_ratio': 0.335890141025446}, {'fold': 2, 'horizon': 60, 'score': 0.7977229902988819, 'pinball_ratio': 0.8667555237616272, 'mae_ratio': 1.1147618757942739, 'brier_ratio': 0.7154784778521404, 'mdd_pinball_ratio': 0.8563079245854492, 'vol_mae_ratio': 0.6893187080308861, 'coverage_penalty': 0.2134920634920635, 'width_ratio': 0.25}, {'fold': 3, 'horizon': 5, 'score': 0.7529263244903859, 'pinball_ratio': 0.8510798081683344, 'mae_ratio': 0.991439677781992, 'brier_ratio': 0.9260651648902258, 'mdd_pinball_ratio': 0.6630543579494276, 'vol_mae_ratio': 0.42112774668125474, 'coverage_penalty': 0.09206349206349207, 'width_ratio': 0.646909747521735}, {'fold': 3, 'horizon': 20, 'score': 0.7210712041438385, 'pinball_ratio': 0.8587713050987438, 'mae_ratio': 1.045301153394884, 'brier_ratio': 0.8436033028604037, 'mdd_pinball_ratio': 0.48666892047474436, 'vol_mae_ratio': 0.49411968172151777, 'coverage_penalty': 0.015079365079365137, 'width_ratio': 0.45659057073553866}, {'fold': 3, 'horizon': 60, 'score': 0.7618866191021354, 'pinball_ratio': 0.9566768091932641, 'mae_ratio': 1.0177318324014224, 'brier_ratio': 0.8395634422759601, 'mdd_pinball_ratio': 0.48048398992628505, 'vol_mae_ratio': 0.5613190747317357, 'coverage_penalty': 0.11428571428571432, 'width_ratio': 0.40836462402564505}]",COMPLETE
49,0.8177059984774062,2026-07-22 17:20:05.954561,2026-07-22 17:22:57.107351,0 days 00:02:51.152790,48,0.18878180764419758,0.6694017109678367,2.0,48,0.08,0.005,0.35,0.35,0.2,24,0.003230585339453842,15,7,4,3.2044095309272437e-07,"[{'fold': 0, 'horizon': 5, 'score': 0.8733289968813819, 'pinball_ratio': 0.9598295145435042, 'mae_ratio': 0.9963813807027546, 'brier_ratio': 0.9970632852876693, 'mdd_pinball_ratio': 0.9358530430084292, 'vol_mae_ratio': 0.7960287271483751, 'coverage_penalty': 0.015079365079365137, 'width_ratio': 0.577852739031146}, {'fold': 0, 'horizon': 20, 'score': 0.890916989972364, 'pinball_ratio': 1.0351630537512797, 'mae_ratio': 0.9974739263275225, 'brier_ratio': 1.0119334853261177, 'mdd_pinball_ratio': 0.8678176653048612, 'vol_mae_ratio': 0.7440735952855059, 'coverage_penalty': 0.1261904761904762, 'width_ratio': 0.45951555845856795}, {'fold': 0, 'horizon': 60, 'score': 1.1414180294911103, 'pinball_ratio': 1.4182190342895615, 'mae_ratio': 1.41347026797293, 'brier_ratio': 1.2547197279240199, 'mdd_pinball_ratio': 0.9512920564637952, 'vol_mae_ratio': 0.697060814764324, 'coverage_penalty': 0.2928571428571429, 'width_ratio': 0.3970992719739904}, {'fold': 1, 'horizon': 5, 'score': 0.9199115454624947, 'pinball_ratio': 0.9975421374233177, 'mae_ratio': 1.0410314914586045, 'brier_ratio': 1.0550580526955144, 'mdd_pinball_ratio': 0.9670763383537575, 'vol_mae_ratio': 0.911717657069802, 'coverage_penalty': 0.05476190476190479, 'width_ratio': 0.5430605315946146}, {'fold': 1, 'horizon': 20, 'score': 0.9054309809826877, 'pinball_ratio': 0.9698451494005504, 'mae_ratio': 1.0274020699672985, 'brier_ratio': 0.9982323127017286, 'mdd_pinball_ratio': 1.05906865097985, 'vol_mae_ratio': 0.8015371523879742, 'coverage_penalty': 0.13015873015873014, 'width_ratio': 0.46716324317516633}, {'fold': 1, 'horizon': 60, 'score': 0.7735167230645305, 'pinball_ratio': 0.7066412347011514, 'mae_ratio': 0.9030149950724606, 'brier_ratio': 0.8591704601419136, 'mdd_pinball_ratio': 1.0514039651503977, 'vol_mae_ratio': 0.8183460032300919, 'coverage_penalty': 0.09999999999999998, 'width_ratio': 0.510642584713415}, {'fold': 2, 'horizon': 5, 'score': 0.8341004163541695, 'pinball_ratio': 0.902452195794533, 'mae_ratio': 1.016298604120479, 'brier_ratio': 0.9636891490909756, 'mdd_pinball_ratio': 0.8144633892378694, 'vol_mae_ratio': 0.819622975982699, 'coverage_penalty': 0.016666666666666607, 'width_ratio': 0.5315170731249306}, {'fold': 2, 'horizon': 20, 'score': 0.7816941726057702, 'pinball_ratio': 0.870069450559831, 'mae_ratio': 1.1217644679947287, 'brier_ratio': 0.9345093105250112, 'mdd_pinball_ratio': 0.5945350020799671, 'vol_mae_ratio': 0.6141374399424868, 'coverage_penalty': 0.032539682539682535, 'width_ratio': 0.5285675349282285}, {'fold': 2, 'horizon': 60, 'score': 0.5903546991515762, 'pinball_ratio': 0.6765705859533863, 'mae_ratio': 0.8650286477641046, 'brier_ratio': 0.6769508226508655, 'mdd_pinball_ratio': 0.420633726543299, 'vol_mae_ratio': 0.4135579511143267, 'coverage_penalty': 0.060317460317460325, 'width_ratio': 0.4528332396831978}, {'fold': 3, 'horizon': 5, 'score': 0.7434569405082311, 'pinball_ratio': 0.8118224232867535, 'mae_ratio': 0.9506303828748821, 'brier_ratio': 0.8581845774094968, 'mdd_pinball_ratio': 0.625093887425093, 'vol_mae_ratio': 0.7211937597178134, 'coverage_penalty': 0.07222222222222219, 'width_ratio': 0.5685944558036563}, {'fold': 3, 'horizon': 20, 'score': 0.6532100690564492, 'pinball_ratio': 0.7320779675356338, 'mae_ratio': 0.8991277859000735, 'brier_ratio': 0.6912890747357959, 'mdd_pinball_ratio': 0.47375364891242, 'vol_mae_ratio': 0.6968894669481361, 'coverage_penalty': 0.052380952380952306, 'width_ratio': 0.46671968750845605}, {'fold': 3, 'horizon': 60, 'score': 0.7194144046690584, 'pinball_ratio': 1.0120848846411534, 'mae_ratio': 1.1464217091398226, 'brier_ratio': 0.2981711702808307, 'mdd_pinball_ratio': 0.3416112477125759, 'vol_mae_ratio': 0.6422031676172961, 'coverage_penalty': 0.2849206349206349, 'width_ratio': 0.4363104922832143}]",COMPLETE
