number,value,datetime_start,datetime_complete,duration,params_batch_size,params_dropout,params_gate_temperature,params_gradient_clip,params_hidden_dim,params_lambda_aux,params_lambda_balance,params_lambda_direction,params_lambda_mdd,params_lambda_volatility,params_latent_dim,params_learning_rate,params_long_pool,params_medium_pool,params_n_blocks,params_weight_decay,user_attrs_fold_metrics,state
20,0.8806063400762026,2026-07-22 16:29:47.145352,2026-07-22 16:31:01.466199,0 days 00:01:14.320847,128,0.22016512374527192,1.3440955297047545,2.0,96,0.02,0.02,0.15,0.25,0.2,24,0.00045900548023127365,15,3,4,5.514718304733216e-06,"[{'fold': 0, 'horizon': 5, 'score': 0.9452187795623255, 'pinball_ratio': 1.0421480723363712, 'mae_ratio': 1.0890513821627112, 'brier_ratio': 1.0194846283818417, 'mdd_pinball_ratio': 1.046509253052369, 'vol_mae_ratio': 0.8458240134508691, 'coverage_penalty': 0.032539682539682535, 'width_ratio': 0.6783328527397553}, {'fold': 0, 'horizon': 20, 'score': 0.9586120331327773, 'pinball_ratio': 1.145771385101327, 'mae_ratio': 1.1566009268421842, 'brier_ratio': 0.9407665881895328, 'mdd_pinball_ratio': 0.9186274390765197, 'vol_mae_ratio': 0.7916345920339943, 'coverage_penalty': 0.09444444444444444, 'width_ratio': 0.647274497218898}, {'fold': 0, 'horizon': 60, 'score': 1.0583424083095927, 'pinball_ratio': 1.2381454768806888, 'mae_ratio': 1.6224844881537943, 'brier_ratio': 1.057179246093217, 'mdd_pinball_ratio': 0.8288664267885975, 'vol_mae_ratio': 0.7298300118183499, 'coverage_penalty': 0.09206349206349207, 'width_ratio': 0.6428173873243574}, {'fold': 1, 'horizon': 5, 'score': 0.9420752303015568, 'pinball_ratio': 1.0529891359082177, 'mae_ratio': 1.1038342497254832, 'brier_ratio': 1.005189130576873, 'mdd_pinball_ratio': 0.9583146583925899, 'vol_mae_ratio': 0.9444312096413104, 'coverage_penalty': 0.015079365079365137, 'width_ratio': 0.59765501365841}, {'fold': 1, 'horizon': 20, 'score': 0.8460816853450488, 'pinball_ratio': 0.9315505719709446, 'mae_ratio': 1.0404629174673845, 'brier_ratio': 0.993749353952543, 'mdd_pinball_ratio': 0.8961893094632086, 'vol_mae_ratio': 0.6374020642199497, 'coverage_penalty': 0.011111111111111183, 'width_ratio': 0.5320254607658352}, {'fold': 1, 'horizon': 60, 'score': 0.9678350659818689, 'pinball_ratio': 0.9588414681657899, 'mae_ratio': 1.2250089383235574, 'brier_ratio': 1.1421447591443215, 'mdd_pinball_ratio': 0.9842772302062279, 'vol_mae_ratio': 1.1214399477509984, 'coverage_penalty': 0.032539682539682535, 'width_ratio': 0.5034713473282916}, {'fold': 2, 'horizon': 5, 'score': 0.8734827144337969, 'pinball_ratio': 0.9253217866611334, 'mae_ratio': 1.1009133485374543, 'brier_ratio': 0.927738127786534, 'mdd_pinball_ratio': 0.9858787387922929, 'vol_mae_ratio': 0.8334351225107592, 'coverage_penalty': 0.0031746031746031633, 'width_ratio': 0.46249407872199605}, {'fold': 2, 'horizon': 20, 'score': 0.7926015117845225, 'pinball_ratio': 0.7803463112855707, 'mae_ratio': 1.0656084784365367, 'brier_ratio': 0.8768257433259967, 'mdd_pinball_ratio': 0.8288703698947835, 'vol_mae_ratio': 0.8694070343748768, 'coverage_penalty': 0.04841269841269835, 'width_ratio': 0.44850072531996016}, {'fold': 2, 'horizon': 60, 'score': 0.8270062341108028, 'pinball_ratio': 0.8917245856914453, 'mae_ratio': 1.3781254737880215, 'brier_ratio': 0.8149749789466901, 'mdd_pinball_ratio': 0.6193937385565169, 'vol_mae_ratio': 0.7299301265798783, 'coverage_penalty': 0.09206349206349207, 'width_ratio': 0.4530347774226826}, {'fold': 3, 'horizon': 5, 'score': 0.8411921027544563, 'pinball_ratio': 0.8468937358005373, 'mae_ratio': 1.0083018188640132, 'brier_ratio': 1.0474331388076885, 'mdd_pinball_ratio': 1.1391124249893236, 'vol_mae_ratio': 0.4633915152023829, 'coverage_penalty': 0.05634920634920637, 'width_ratio': 0.5089530620143939}, {'fold': 3, 'horizon': 20, 'score': 0.8350273218490016, 'pinball_ratio': 0.9141735322097757, 'mae_ratio': 1.1291550872067582, 'brier_ratio': 0.8187261783739299, 'mdd_pinball_ratio': 0.7464307823511419, 'vol_mae_ratio': 0.9288495215764992, 'coverage_penalty': 0.012698412698412653, 'width_ratio': 0.5715312446422296}, {'fold': 3, 'horizon': 60, 'score': 0.6911643457411558, 'pinball_ratio': 0.7636562238076733, 'mae_ratio': 0.854538428298112, 'brier_ratio': 0.6815271381548766, 'mdd_pinball_ratio': 0.8996742873667275, 'vol_mae_ratio': 0.40528086886464904, 'coverage_penalty': 0.016666666666666607, 'width_ratio': 0.5609645260793745}]",COMPLETE
21,0.7895962279374596,2026-07-22 16:31:01.477336,2026-07-22 16:32:11.214757,0 days 00:01:09.737421,128,0.19130489091534403,1.0520182808826664,2.0,96,0.05,0.02,0.15,0.45,0.2,96,0.0015327783133413755,15,3,4,6.604737393732117e-05,"[{'fold': 0, 'horizon': 5, 'score': 0.8837974558123941, 'pinball_ratio': 0.9651404669116185, 'mae_ratio': 1.018444352555839, 'brier_ratio': 1.0024116283302806, 'mdd_pinball_ratio': 0.9268539955772046, 'vol_mae_ratio': 0.8337191057299573, 'coverage_penalty': 0.02063492063492056, 'width_ratio': 0.634181363546292}, {'fold': 0, 'horizon': 20, 'score': 0.8478567528895149, 'pinball_ratio': 0.9348605058808664, 'mae_ratio': 1.0023184540238348, 'brier_ratio': 0.9713397869670035, 'mdd_pinball_ratio': 0.8621436272090408, 'vol_mae_ratio': 0.7862264311758143, 'coverage_penalty': 0.023015873015873045, 'width_ratio': 0.5017180457512413}, {'fold': 0, 'horizon': 60, 'score': 0.8276869148270717, 'pinball_ratio': 0.8875844427489533, 'mae_ratio': 1.0786613135264993, 'brier_ratio': 0.9817311296833461, 'mdd_pinball_ratio': 0.7843831446778974, 'vol_mae_ratio': 0.7161762526053097, 'coverage_penalty': 0.060317460317460325, 'width_ratio': 0.48253913996744974}, {'fold': 1, 'horizon': 5, 'score': 0.8877678521312676, 'pinball_ratio': 0.9855949418102121, 'mae_ratio': 1.0480647898969113, 'brier_ratio': 1.0110338890312374, 'mdd_pinball_ratio': 0.8807682103323428, 'vol_mae_ratio': 0.8270087295668836, 'coverage_penalty': 0.05476190476190479, 'width_ratio': 0.5098460939532654}, {'fold': 1, 'horizon': 20, 'score': 0.8755268579521417, 'pinball_ratio': 1.0047241144022256, 'mae_ratio': 1.0823224183761664, 'brier_ratio': 0.9760936700205155, 'mdd_pinball_ratio': 0.8713902241687661, 'vol_mae_ratio': 0.6500715579502813, 'coverage_penalty': 0.07857142857142863, 'width_ratio': 0.4631771743839149}, {'fold': 1, 'horizon': 60, 'score': 0.785208666681282, 'pinball_ratio': 0.8158878412150365, 'mae_ratio': 1.0954101747087341, 'brier_ratio': 1.002823607832364, 'mdd_pinball_ratio': 0.7368745764835855, 'vol_mae_ratio': 0.570733510215523, 'coverage_penalty': 0.0444444444444444, 'width_ratio': 0.47324020898844554}, {'fold': 2, 'horizon': 5, 'score': 0.8413656509493531, 'pinball_ratio': 0.905505492037636, 'mae_ratio': 1.0211725607608684, 'brier_ratio': 0.9839663128633541, 'mdd_pinball_ratio': 0.7946050185351321, 'vol_mae_ratio': 0.8431946731230352, 'coverage_penalty': 0.032539682539682535, 'width_ratio': 0.5959966607398659}, {'fold': 2, 'horizon': 20, 'score': 0.8138684210943101, 'pinball_ratio': 0.8570482052958885, 'mae_ratio': 1.1021341442854464, 'brier_ratio': 0.9518007127256245, 'mdd_pinball_ratio': 0.6552807102133671, 'vol_mae_ratio': 0.8184344455175059, 'coverage_penalty': 0.09603174603174602, 'width_ratio': 0.6317849127703568}, {'fold': 2, 'horizon': 60, 'score': 0.7491873740693747, 'pinball_ratio': 0.8116590008950617, 'mae_ratio': 1.153048519350839, 'brier_ratio': 0.8413538655339063, 'mdd_pinball_ratio': 0.5559996485659606, 'vol_mae_ratio': 0.5578101895479547, 'coverage_penalty': 0.09999999999999998, 'width_ratio': 0.6588466594567288}, {'fold': 3, 'horizon': 5, 'score': 0.7649254880638348, 'pinball_ratio': 0.8575704600522872, 'mae_ratio': 1.0468901344148334, 'brier_ratio': 0.8710170492312583, 'mdd_pinball_ratio': 0.6523323613230982, 'vol_mae_ratio': 0.559683725422168, 'coverage_penalty': 0.08412698412698405, 'width_ratio': 0.5794211289683403}, {'fold': 3, 'horizon': 20, 'score': 0.6677768713586203, 'pinball_ratio': 0.741151579043671, 'mae_ratio': 0.9613973812643711, 'brier_ratio': 0.714823638003776, 'mdd_pinball_ratio': 0.48921686460790864, 'vol_mae_ratio': 0.641232630461414, 'coverage_penalty': 0.06825396825396823, 'width_ratio': 0.4885698429335985}, {'fold': 3, 'horizon': 60, 'score': 0.5615395058784949, 'pinball_ratio': 0.6579285918463447, 'mae_ratio': 0.81389787350408, 'brier_ratio': 0.4654475621523882, 'mdd_pinball_ratio': 0.3798427585325584, 'vol_mae_ratio': 0.6290443207544375, 'coverage_penalty': 0.07222222222222219, 'width_ratio': 0.480876065764031}]",COMPLETE
22,0.815362071271102,2026-07-22 16:32:11.227813,2026-07-22 16:33:22.200637,0 days 00:01:10.972824,128,0.17238440196305285,1.0725453632650874,2.0,96,0.05,0.02,0.15,0.45,0.2,96,0.0013878275067111606,15,3,4,8.28387273063309e-05,"[{'fold': 0, 'horizon': 5, 'score': 0.8869759256928634, 'pinball_ratio': 0.9597615031651727, 'mae_ratio': 1.01255105076373, 'brier_ratio': 1.015676783609143, 'mdd_pinball_ratio': 0.9379296137799817, 'vol_mae_ratio': 0.862704840218074, 'coverage_penalty': 0.016666666666666607, 'width_ratio': 0.6232877224550246}, {'fold': 0, 'horizon': 20, 'score': 0.8492676419456912, 'pinball_ratio': 0.9269436100524966, 'mae_ratio': 0.9907756976099346, 'brier_ratio': 0.9628406783218226, 'mdd_pinball_ratio': 0.8694060121215486, 'vol_mae_ratio': 0.8244829952781069, 'coverage_penalty': 0.0626984126984127, 'width_ratio': 0.48489439342073587}, {'fold': 0, 'horizon': 60, 'score': 0.8275813774480303, 'pinball_ratio': 0.8744603520566212, 'mae_ratio': 1.0727135037471969, 'brier_ratio': 1.0083005012360882, 'mdd_pinball_ratio': 0.7907093000922538, 'vol_mae_ratio': 0.7294067196307562, 'coverage_penalty': 0.052380952380952306, 'width_ratio': 0.4718139945713243}, {'fold': 1, 'horizon': 5, 'score': 0.9126491389189472, 'pinball_ratio': 1.0177572247737041, 'mae_ratio': 1.0881729039885522, 'brier_ratio': 1.0451031843481289, 'mdd_pinball_ratio': 0.8668336679822514, 'vol_mae_ratio': 0.8644275844681794, 'coverage_penalty': 0.03888888888888886, 'width_ratio': 0.5750888710423633}, {'fold': 1, 'horizon': 20, 'score': 0.9633396859033866, 'pinball_ratio': 1.1631113132503752, 'mae_ratio': 1.2338798263233608, 'brier_ratio': 1.0199484469173776, 'mdd_pinball_ratio': 0.8434515523288599, 'vol_mae_ratio': 0.6287160043006506, 'coverage_penalty': 0.23730158730158735, 'width_ratio': 0.40586802963798346}, {'fold': 1, 'horizon': 60, 'score': 0.815025241118848, 'pinball_ratio': 0.9612353046491644, 'mae_ratio': 1.2495125988525277, 'brier_ratio': 0.8373598261647686, 'mdd_pinball_ratio': 0.6271067969746963, 'vol_mae_ratio': 0.5521226944780352, 'coverage_penalty': 0.0984126984126984, 'width_ratio': 0.31316142853831214}, {'fold': 2, 'horizon': 5, 'score': 0.8599450001726102, 'pinball_ratio': 0.9204966714958633, 'mae_ratio': 1.0449054968148033, 'brier_ratio': 0.9831829865441678, 'mdd_pinball_ratio': 0.8107225482370338, 'vol_mae_ratio': 0.9339657036108728, 'coverage_penalty': 0.024603174603174627, 'width_ratio': 0.5610239275449332}, {'fold': 2, 'horizon': 20, 'score': 0.8657850869417447, 'pinball_ratio': 0.8977852647230057, 'mae_ratio': 1.1866603863388412, 'brier_ratio': 0.969224752309963, 'mdd_pinball_ratio': 0.717422607759212, 'vol_mae_ratio': 0.9632726277913628, 'coverage_penalty': 0.09603174603174602, 'width_ratio': 0.583819910871065}, {'fold': 2, 'horizon': 60, 'score': 0.7965240162890169, 'pinball_ratio': 0.8406475560385928, 'mae_ratio': 1.2241593584077823, 'brier_ratio': 0.8549454557891065, 'mdd_pinball_ratio': 0.6481552658551838, 'vol_mae_ratio': 0.6762501370073467, 'coverage_penalty': 0.09999999999999998, 'width_ratio': 0.6194448655654629}, {'fold': 3, 'horizon': 5, 'score': 0.7428995059256731, 'pinball_ratio': 0.8775944433938865, 'mae_ratio': 0.9737013491034937, 'brier_ratio': 0.8415870519670436, 'mdd_pinball_ratio': 0.5775388682108455, 'vol_mae_ratio': 0.44296574790270554, 'coverage_penalty': 0.09603174603174602, 'width_ratio': 0.8599521111037518}, {'fold': 3, 'horizon': 20, 'score': 0.6872186293774952, 'pinball_ratio': 0.8391099157001399, 'mae_ratio': 0.9680709447712418, 'brier_ratio': 0.6814479921748697, 'mdd_pinball_ratio': 0.44134873679909753, 'vol_mae_ratio': 0.48914912108745395, 'coverage_penalty': 0.09999999999999998, 'width_ratio': 0.7995031903973172}, {'fold': 3, 'horizon': 60, 'score': 0.5972795034654441, 'pinball_ratio': 0.7516995015187493, 'mae_ratio': 0.7995856975515052, 'brier_ratio': 0.4340259134235278, 'mdd_pinball_ratio': 0.39936509434818307, 'vol_mae_ratio': 0.6013591029719924, 'coverage_penalty': 0.09999999999999998, 'width_ratio': 0.7367420612733444}]",COMPLETE
23,0.7897498372705465,2026-07-22 16:33:22.211746,2026-07-22 16:34:30.183055,0 days 00:01:07.971309,128,0.15401686452656835,0.9080498908525125,2.0,96,0.05,0.02,0.15,0.45,0.2,96,0.002115946623930972,15,3,4,0.0006188284340835952,"[{'fold': 0, 'horizon': 5, 'score': 0.8844905959067018, 'pinball_ratio': 0.9535239388858434, 'mae_ratio': 0.9965796563005129, 'brier_ratio': 0.9980261404707982, 'mdd_pinball_ratio': 0.9180586738677756, 'vol_mae_ratio': 0.931509363162098, 'coverage_penalty': 0.02063492063492056, 'width_ratio': 0.6420721980046452}, {'fold': 0, 'horizon': 20, 'score': 0.8764205194471713, 'pinball_ratio': 0.9895644492342771, 'mae_ratio': 1.0025917076394673, 'brier_ratio': 0.9793633012559597, 'mdd_pinball_ratio': 0.8560977580042622, 'vol_mae_ratio': 0.8418095024066576, 'coverage_penalty': 0.06666666666666665, 'width_ratio': 0.5172476757629474}, {'fold': 0, 'horizon': 60, 'score': 0.9273027801263107, 'pinball_ratio': 1.0211836318980063, 'mae_ratio': 1.2395254964922275, 'brier_ratio': 1.1197421087374904, 'mdd_pinball_ratio': 0.8414642238425316, 'vol_mae_ratio': 0.7012297493051197, 'coverage_penalty': 0.058730158730158744, 'width_ratio': 0.5181549519849332}, {'fold': 1, 'horizon': 5, 'score': 0.8729005077447181, 'pinball_ratio': 0.9532828888437186, 'mae_ratio': 1.0207600046522252, 'brier_ratio': 1.0143096786302646, 'mdd_pinball_ratio': 0.8639647347486419, 'vol_mae_ratio': 0.8595205744705167, 'coverage_penalty': 0.03888888888888886, 'width_ratio': 0.5240684758490995}, {'fold': 1, 'horizon': 20, 'score': 0.8295770541849716, 'pinball_ratio': 0.9212325428400983, 'mae_ratio': 1.0131334112662995, 'brier_ratio': 0.9476509065711787, 'mdd_pinball_ratio': 0.8512486280909121, 'vol_mae_ratio': 0.6658657374708568, 'coverage_penalty': 0.0626984126984127, 'width_ratio': 0.4788419888568082}, {'fold': 1, 'horizon': 60, 'score': 0.8828299209819607, 'pinball_ratio': 0.8937127352722927, 'mae_ratio': 1.2031268901633958, 'brier_ratio': 1.1081400339309468, 'mdd_pinball_ratio': 0.9335829275515877, 'vol_mae_ratio': 0.6600011768843682, 'coverage_penalty': 0.052380952380952306, 'width_ratio': 0.4545400511555089}, {'fold': 2, 'horizon': 5, 'score': 0.8468116600839903, 'pinball_ratio': 0.9086928544637233, 'mae_ratio': 1.0233340868583634, 'brier_ratio': 0.9913519681736437, 'mdd_pinball_ratio': 0.7957852365392702, 'vol_mae_ratio': 0.8354677209199638, 'coverage_penalty': 0.06428571428571428, 'width_ratio': 0.6383898397999778}, {'fold': 2, 'horizon': 20, 'score': 0.7998845916638748, 'pinball_ratio': 0.8649210779958305, 'mae_ratio': 1.1014772885344555, 'brier_ratio': 0.9497607045372162, 'mdd_pinball_ratio': 0.6527115838278839, 'vol_mae_ratio': 0.6442511463582676, 'coverage_penalty': 0.09999999999999998, 'width_ratio': 0.6714887731524698}, {'fold': 2, 'horizon': 60, 'score': 0.7494036206129101, 'pinball_ratio': 0.8177520101711693, 'mae_ratio': 1.1879467039060245, 'brier_ratio': 0.8551286120255379, 'mdd_pinball_ratio': 0.5779222767979336, 'vol_mae_ratio': 0.4258572111778856, 'coverage_penalty': 0.09999999999999998, 'width_ratio': 0.681835234192931}, {'fold': 3, 'horizon': 5, 'score': 0.7054457421431212, 'pinball_ratio': 0.791631249037827, 'mae_ratio': 0.9737506421568819, 'brier_ratio': 0.8672040553755999, 'mdd_pinball_ratio': 0.6079020216886327, 'vol_mae_ratio': 0.4141008496892519, 'coverage_penalty': 0.06428571428571428, 'width_ratio': 0.5045404042596497}, {'fold': 3, 'horizon': 20, 'score': 0.6136429085309073, 'pinball_ratio': 0.7041903701110807, 'mae_ratio': 0.9326225687263726, 'brier_ratio': 0.7061717859693281, 'mdd_pinball_ratio': 0.4369613150542752, 'vol_mae_ratio': 0.3854849482432028, 'coverage_penalty': 0.0444444444444444, 'width_ratio': 0.4717774198033767}, {'fold': 3, 'horizon': 60, 'score': 0.5098094539336822, 'pinball_ratio': 0.6318749620976043, 'mae_ratio': 0.7378095012999993, 'brier_ratio': 0.44374446991471483, 'mdd_pinball_ratio': 0.31537998321601596, 'vol_mae_ratio': 0.4746277822352615, 'coverage_penalty': 0.03650793650793649, 'width_ratio': 0.46982634186098277}]",COMPLETE
24,0.7936028647513514,2026-07-22 16:34:30.194326,2026-07-22 16:35:42.694159,0 days 00:01:12.499833,128,0.13940941413693006,0.8621996454915567,2.0,96,0.05,0.02,0.15,0.45,0.2,96,0.0022628537874476067,10,3,4,0.00048828045335808237,"[{'fold': 0, 'horizon': 5, 'score': 0.9117082713102443, 'pinball_ratio': 0.9967277802711264, 'mae_ratio': 1.0264399428979314, 'brier_ratio': 0.9907991722279849, 'mdd_pinball_ratio': 0.958327503320735, 'vol_mae_ratio': 0.8892079305038664, 'coverage_penalty': 0.052380952380952306, 'width_ratio': 0.7977031910433066}, {'fold': 0, 'horizon': 20, 'score': 0.8704222988634162, 'pinball_ratio': 0.9663453539451405, 'mae_ratio': 0.9931640898184123, 'brier_ratio': 0.9399896874580206, 'mdd_pinball_ratio': 0.8951513577034037, 'vol_mae_ratio': 0.7955216480219847, 'coverage_penalty': 0.05634920634920637, 'width_ratio': 0.815301516299953}, {'fold': 0, 'horizon': 60, 'score': 0.969077915580346, 'pinball_ratio': 1.0747770765633935, 'mae_ratio': 1.2938023830693681, 'brier_ratio': 1.0631295281072872, 'mdd_pinball_ratio': 0.888441543628827, 'vol_mae_ratio': 0.7319050047135591, 'coverage_penalty': 0.09999999999999998, 'width_ratio': 0.8636473363659999}, {'fold': 1, 'horizon': 5, 'score': 0.8684760238251789, 'pinball_ratio': 0.9576003269562603, 'mae_ratio': 1.0077680120294406, 'brier_ratio': 0.9940583479665941, 'mdd_pinball_ratio': 0.8317199396669884, 'vol_mae_ratio': 0.8868751249828074, 'coverage_penalty': 0.06666666666666665, 'width_ratio': 0.497659509202897}, {'fold': 1, 'horizon': 20, 'score': 0.8170109647631734, 'pinball_ratio': 0.9642823750724174, 'mae_ratio': 0.9961313230611358, 'brier_ratio': 0.8078500878295217, 'mdd_pinball_ratio': 0.7582542155219735, 'vol_mae_ratio': 0.6783609214603417, 'coverage_penalty': 0.2492063492063492, 'width_ratio': 0.3298750978484674}, {'fold': 1, 'horizon': 60, 'score': 0.8054567337210071, 'pinball_ratio': 0.721071427122552, 'mae_ratio': 0.9687470322957124, 'brier_ratio': 1.1506387295766682, 'mdd_pinball_ratio': 0.9038592396731776, 'vol_mae_ratio': 0.8603942844072464, 'coverage_penalty': 0.08650793650793653, 'width_ratio': 0.25}, {'fold': 2, 'horizon': 5, 'score': 0.857915377072194, 'pinball_ratio': 0.9189616555844267, 'mae_ratio': 1.024439074769662, 'brier_ratio': 1.014321909857048, 'mdd_pinball_ratio': 0.7991606176306281, 'vol_mae_ratio': 0.8503681260363181, 'coverage_penalty': 0.07222222222222219, 'width_ratio': 0.6832729706618887}, {'fold': 2, 'horizon': 20, 'score': 0.8144714307680112, 'pinball_ratio': 0.8630052766654008, 'mae_ratio': 1.0897936151840422, 'brier_ratio': 1.0044464383239182, 'mdd_pinball_ratio': 0.614003680596421, 'vol_mae_ratio': 0.7788354986587518, 'coverage_penalty': 0.09999999999999998, 'width_ratio': 0.709982465119619}, {'fold': 2, 'horizon': 60, 'score': 0.7563623499286761, 'pinball_ratio': 0.8144116225079595, 'mae_ratio': 1.1825662710346772, 'brier_ratio': 0.9592171878552846, 'mdd_pinball_ratio': 0.4466233459741651, 'vol_mae_ratio': 0.5439730036778986, 'coverage_penalty': 0.09999999999999998, 'width_ratio': 0.7219986984493814}, {'fold': 3, 'horizon': 5, 'score': 0.7624371949516865, 'pinball_ratio': 0.9357504654346263, 'mae_ratio': 1.1165054539975487, 'brier_ratio': 0.8440812911412783, 'mdd_pinball_ratio': 0.5568498521652395, 'vol_mae_ratio': 0.3984177776225617, 'coverage_penalty': 0.02063492063492056, 'width_ratio': 0.5340940082418916}, {'fold': 3, 'horizon': 20, 'score': 0.6374799453969512, 'pinball_ratio': 0.7794147347124943, 'mae_ratio': 1.0112370616908468, 'brier_ratio': 0.6553804880949096, 'mdd_pinball_ratio': 0.3895138557675944, 'vol_mae_ratio': 0.3782309516001315, 'coverage_penalty': 0.04841269841269835, 'width_ratio': 0.501769778855786}, {'fold': 3, 'horizon': 60, 'score': 0.4847195005716031, 'pinball_ratio': 0.6026963325467256, 'mae_ratio': 0.7237462115858664, 'brier_ratio': 0.34854061836153694, 'mdd_pinball_ratio': 0.29234297360378897, 'vol_mae_ratio': 0.4666700532570661, 'coverage_penalty': 0.09603174603174602, 'width_ratio': 0.5230695366547164}]",COMPLETE
